2020-04-25 20:40:42,629,7396,django.request,ERROR,log.py:228,Internal Server Error: /api/v1/menu/list/
Traceback (most recent call last):
  File "D:\Anaconda3\envs\test\lib\site-packages\django\core\handlers\exception.py", line 34, in inner
    response = get_response(request)
  File "D:\Anaconda3\envs\test\lib\site-packages\django\core\handlers\base.py", line 115, in _get_response
    response = self.process_exception_by_middleware(e, request)
  File "D:\Anaconda3\envs\test\lib\site-packages\django\core\handlers\base.py", line 113, in _get_response
    response = wrapped_callback(request, *callback_args, **callback_kwargs)
  File "D:\Anaconda3\envs\test\lib\site-packages\django\views\decorators\csrf.py", line 54, in wrapped_view
    return view_func(*args, **kwargs)
  File "D:\Anaconda3\envs\test\lib\site-packages\django\views\generic\base.py", line 71, in view
    return self.dispatch(request, *args, **kwargs)
  File "D:\Anaconda3\envs\test\lib\site-packages\rest_framework\views.py", line 507, in dispatch
    self.response = self.finalize_response(request, response, *args, **kwargs)
  File "D:\Anaconda3\envs\test\lib\site-packages\rest_framework\views.py", line 422, in finalize_response
    % type(response)
AssertionError: Expected a `Response`, `HttpResponse` or `HttpStreamingResponse` to be returned from the view, but received a `<class 'dict'>`
2020-04-25 20:40:46,866,7396,django.request,ERROR,log.py:228,Internal Server Error: /api/v1/menu/list/
Traceback (most recent call last):
  File "D:\Anaconda3\envs\test\lib\site-packages\django\core\handlers\exception.py", line 34, in inner
    response = get_response(request)
  File "D:\Anaconda3\envs\test\lib\site-packages\django\core\handlers\base.py", line 115, in _get_response
    response = self.process_exception_by_middleware(e, request)
  File "D:\Anaconda3\envs\test\lib\site-packages\django\core\handlers\base.py", line 113, in _get_response
    response = wrapped_callback(request, *callback_args, **callback_kwargs)
  File "D:\Anaconda3\envs\test\lib\site-packages\django\views\decorators\csrf.py", line 54, in wrapped_view
    return view_func(*args, **kwargs)
  File "D:\Anaconda3\envs\test\lib\site-packages\django\views\generic\base.py", line 71, in view
    return self.dispatch(request, *args, **kwargs)
  File "D:\Anaconda3\envs\test\lib\site-packages\rest_framework\views.py", line 507, in dispatch
    self.response = self.finalize_response(request, response, *args, **kwargs)
  File "D:\Anaconda3\envs\test\lib\site-packages\rest_framework\views.py", line 422, in finalize_response
    % type(response)
AssertionError: Expected a `Response`, `HttpResponse` or `HttpStreamingResponse` to be returned from the view, but received a `<class 'dict'>`
2020-04-25 20:40:46,867,7396,django.server,ERROR,basehttp.py:157,"GET /api/v1/menu/list/ HTTP/1.1" 500 16189
2020-04-25 20:40:56,879,7396,django.request,ERROR,log.py:228,Internal Server Error: /api/v1/menu/list/
Traceback (most recent call last):
  File "D:\Anaconda3\envs\test\lib\site-packages\django\core\handlers\exception.py", line 34, in inner
    response = get_response(request)
  File "D:\Anaconda3\envs\test\lib\site-packages\django\core\handlers\base.py", line 115, in _get_response
    response = self.process_exception_by_middleware(e, request)
  File "D:\Anaconda3\envs\test\lib\site-packages\django\core\handlers\base.py", line 113, in _get_response
    response = wrapped_callback(request, *callback_args, **callback_kwargs)
  File "D:\Anaconda3\envs\test\lib\site-packages\django\views\decorators\csrf.py", line 54, in wrapped_view
    return view_func(*args, **kwargs)
  File "D:\Anaconda3\envs\test\lib\site-packages\django\views\generic\base.py", line 71, in view
    return self.dispatch(request, *args, **kwargs)
  File "D:\Anaconda3\envs\test\lib\site-packages\rest_framework\views.py", line 507, in dispatch
    self.response = self.finalize_response(request, response, *args, **kwargs)
  File "D:\Anaconda3\envs\test\lib\site-packages\rest_framework\views.py", line 422, in finalize_response
    % type(response)
AssertionError: Expected a `Response`, `HttpResponse` or `HttpStreamingResponse` to be returned from the view, but received a `<class 'dict'>`
2020-04-25 20:41:04,320,7396,django.request,ERROR,log.py:228,Internal Server Error: /api/v1/menu/list/
Traceback (most recent call last):
  File "D:\Anaconda3\envs\test\lib\site-packages\django\core\handlers\exception.py", line 34, in inner
    response = get_response(request)
  File "D:\Anaconda3\envs\test\lib\site-packages\django\core\handlers\base.py", line 115, in _get_response
    response = self.process_exception_by_middleware(e, request)
  File "D:\Anaconda3\envs\test\lib\site-packages\django\core\handlers\base.py", line 113, in _get_response
    response = wrapped_callback(request, *callback_args, **callback_kwargs)
  File "D:\Anaconda3\envs\test\lib\site-packages\django\views\decorators\csrf.py", line 54, in wrapped_view
    return view_func(*args, **kwargs)
  File "D:\Anaconda3\envs\test\lib\site-packages\django\views\generic\base.py", line 71, in view
    return self.dispatch(request, *args, **kwargs)
  File "D:\Anaconda3\envs\test\lib\site-packages\rest_framework\views.py", line 507, in dispatch
    self.response = self.finalize_response(request, response, *args, **kwargs)
  File "D:\Anaconda3\envs\test\lib\site-packages\rest_framework\views.py", line 422, in finalize_response
    % type(response)
AssertionError: Expected a `Response`, `HttpResponse` or `HttpStreamingResponse` to be returned from the view, but received a `<class 'dict'>`
2020-05-09 19:54:14,521,16998,django.request,ERROR,log.py:228,Internal Server Error: /api/v1/singleapi/export_report/
Traceback (most recent call last):
  File "/Users/zhuzhanhao/opt/anaconda3/envs/py37/lib/python3.7/site-packages/django/core/handlers/exception.py", line 34, in inner
    response = get_response(request)
  File "/Users/zhuzhanhao/opt/anaconda3/envs/py37/lib/python3.7/site-packages/django/core/handlers/base.py", line 115, in _get_response
    response = self.process_exception_by_middleware(e, request)
  File "/Users/zhuzhanhao/opt/anaconda3/envs/py37/lib/python3.7/site-packages/django/core/handlers/base.py", line 113, in _get_response
    response = wrapped_callback(request, *callback_args, **callback_kwargs)
  File "/Users/zhuzhanhao/opt/anaconda3/envs/py37/lib/python3.7/site-packages/django/views/decorators/csrf.py", line 54, in wrapped_view
    return view_func(*args, **kwargs)
  File "/Users/zhuzhanhao/opt/anaconda3/envs/py37/lib/python3.7/site-packages/django/views/generic/base.py", line 71, in view
    return self.dispatch(request, *args, **kwargs)
  File "/Users/zhuzhanhao/opt/anaconda3/envs/py37/lib/python3.7/site-packages/rest_framework/views.py", line 505, in dispatch
    response = self.handle_exception(exc)
  File "/Users/zhuzhanhao/opt/anaconda3/envs/py37/lib/python3.7/site-packages/rest_framework/views.py", line 465, in handle_exception
    self.raise_uncaught_exception(exc)
  File "/Users/zhuzhanhao/opt/anaconda3/envs/py37/lib/python3.7/site-packages/rest_framework/views.py", line 476, in raise_uncaught_exception
    raise exc
  File "/Users/zhuzhanhao/opt/anaconda3/envs/py37/lib/python3.7/site-packages/rest_framework/views.py", line 502, in dispatch
    response = handler(request, *args, **kwargs)
  File "/Users/zhuzhanhao/AutomationTest/ApiTest/api/pyechartExport.py", line 38, in post
    .render("./../templates/pyechartReport.html")
  File "/Users/zhuzhanhao/opt/anaconda3/envs/py37/lib/python3.7/site-packages/pyecharts/charts/base.py", line 64, in render
    return engine.render(self, path, template_name, env, **kwargs)
  File "/Users/zhuzhanhao/opt/anaconda3/envs/py37/lib/python3.7/site-packages/pyecharts/render/engine.py", line 72, in render
    template_name=template_name, chart=chart, path=path, **kwargs
  File "/Users/zhuzhanhao/opt/anaconda3/envs/py37/lib/python3.7/site-packages/pyecharts/render/engine.py", line 55, in render_chart_to_file
    write_utf8_html_file(path, html)
  File "/Users/zhuzhanhao/opt/anaconda3/envs/py37/lib/python3.7/site-packages/pyecharts/render/engine.py", line 14, in write_utf8_html_file
    with open(file_name, "w+", encoding="utf-8") as html_file:
FileNotFoundError: [Errno 2] No such file or directory: './../templates/pyechartReport.html'
2020-05-09 19:54:14,524,16998,django.server,ERROR,basehttp.py:157,"POST /api/v1/singleapi/export_report/ HTTP/1.1" 500 17601
2020-05-09 19:58:08,901,17039,django.request,ERROR,log.py:228,Internal Server Error: /api/v1/singleapi/export_report/
Traceback (most recent call last):
  File "/Users/zhuzhanhao/opt/anaconda3/envs/py37/lib/python3.7/site-packages/django/core/handlers/exception.py", line 34, in inner
    response = get_response(request)
  File "/Users/zhuzhanhao/opt/anaconda3/envs/py37/lib/python3.7/site-packages/django/core/handlers/base.py", line 115, in _get_response
    response = self.process_exception_by_middleware(e, request)
  File "/Users/zhuzhanhao/opt/anaconda3/envs/py37/lib/python3.7/site-packages/django/core/handlers/base.py", line 113, in _get_response
    response = wrapped_callback(request, *callback_args, **callback_kwargs)
  File "/Users/zhuzhanhao/opt/anaconda3/envs/py37/lib/python3.7/site-packages/django/views/decorators/csrf.py", line 54, in wrapped_view
    return view_func(*args, **kwargs)
  File "/Users/zhuzhanhao/opt/anaconda3/envs/py37/lib/python3.7/site-packages/django/views/generic/base.py", line 71, in view
    return self.dispatch(request, *args, **kwargs)
  File "/Users/zhuzhanhao/opt/anaconda3/envs/py37/lib/python3.7/site-packages/rest_framework/views.py", line 505, in dispatch
    response = self.handle_exception(exc)
  File "/Users/zhuzhanhao/opt/anaconda3/envs/py37/lib/python3.7/site-packages/rest_framework/views.py", line 465, in handle_exception
    self.raise_uncaught_exception(exc)
  File "/Users/zhuzhanhao/opt/anaconda3/envs/py37/lib/python3.7/site-packages/rest_framework/views.py", line 476, in raise_uncaught_exception
    raise exc
  File "/Users/zhuzhanhao/opt/anaconda3/envs/py37/lib/python3.7/site-packages/rest_framework/views.py", line 502, in dispatch
    response = handler(request, *args, **kwargs)
  File "/Users/zhuzhanhao/AutomationTest/ApiTest/api/pyechartExport.py", line 38, in post
    .render("../templates/pyechartReport.html")
  File "/Users/zhuzhanhao/opt/anaconda3/envs/py37/lib/python3.7/site-packages/pyecharts/charts/base.py", line 64, in render
    return engine.render(self, path, template_name, env, **kwargs)
  File "/Users/zhuzhanhao/opt/anaconda3/envs/py37/lib/python3.7/site-packages/pyecharts/render/engine.py", line 72, in render
    template_name=template_name, chart=chart, path=path, **kwargs
  File "/Users/zhuzhanhao/opt/anaconda3/envs/py37/lib/python3.7/site-packages/pyecharts/render/engine.py", line 55, in render_chart_to_file
    write_utf8_html_file(path, html)
  File "/Users/zhuzhanhao/opt/anaconda3/envs/py37/lib/python3.7/site-packages/pyecharts/render/engine.py", line 14, in write_utf8_html_file
    with open(file_name, "w+", encoding="utf-8") as html_file:
FileNotFoundError: [Errno 2] No such file or directory: '../templates/pyechartReport.html'
2020-05-09 19:58:08,902,17039,django.server,ERROR,basehttp.py:157,"POST /api/v1/singleapi/export_report/ HTTP/1.1" 500 17421
2020-05-09 22:10:33,547,17644,django.request,ERROR,log.py:228,Internal Server Error: /api/v1/singleapi/export_report/
Traceback (most recent call last):
  File "/Users/zhuzhanhao/opt/anaconda3/envs/py37/lib/python3.7/site-packages/django/core/handlers/exception.py", line 34, in inner
    response = get_response(request)
  File "/Users/zhuzhanhao/opt/anaconda3/envs/py37/lib/python3.7/site-packages/django/core/handlers/base.py", line 115, in _get_response
    response = self.process_exception_by_middleware(e, request)
  File "/Users/zhuzhanhao/opt/anaconda3/envs/py37/lib/python3.7/site-packages/django/core/handlers/base.py", line 113, in _get_response
    response = wrapped_callback(request, *callback_args, **callback_kwargs)
  File "/Users/zhuzhanhao/opt/anaconda3/envs/py37/lib/python3.7/site-packages/django/views/decorators/csrf.py", line 54, in wrapped_view
    return view_func(*args, **kwargs)
  File "/Users/zhuzhanhao/opt/anaconda3/envs/py37/lib/python3.7/site-packages/django/views/generic/base.py", line 71, in view
    return self.dispatch(request, *args, **kwargs)
  File "/Users/zhuzhanhao/opt/anaconda3/envs/py37/lib/python3.7/site-packages/rest_framework/views.py", line 505, in dispatch
    response = self.handle_exception(exc)
  File "/Users/zhuzhanhao/opt/anaconda3/envs/py37/lib/python3.7/site-packages/rest_framework/views.py", line 465, in handle_exception
    self.raise_uncaught_exception(exc)
  File "/Users/zhuzhanhao/opt/anaconda3/envs/py37/lib/python3.7/site-packages/rest_framework/views.py", line 476, in raise_uncaught_exception
    raise exc
  File "/Users/zhuzhanhao/opt/anaconda3/envs/py37/lib/python3.7/site-packages/rest_framework/views.py", line 502, in dispatch
    response = handler(request, *args, **kwargs)
  File "/Users/zhuzhanhao/AutomationTest/ApiTest/api/pyechartExport.py", line 31, in post
    .add_xaxis("璁块璺寰",url_list)
TypeError: add_xaxis() takes 2 positional arguments but 3 were given
2020-05-09 22:10:33,554,17644,django.server,ERROR,basehttp.py:157,"POST /api/v1/singleapi/export_report/ HTTP/1.1" 500 16780
2020-05-19 16:12:34,190,11517,django.request,ERROR,log.py:228,Internal Server Error: /login/
Traceback (most recent call last):
  File "/Users/zhuzhanhao/opt/anaconda3/envs/py37/lib/python3.7/site-packages/django/core/handlers/exception.py", line 34, in inner
    response = get_response(request)
  File "/Users/zhuzhanhao/opt/anaconda3/envs/py37/lib/python3.7/site-packages/django/core/handlers/base.py", line 115, in _get_response
    response = self.process_exception_by_middleware(e, request)
  File "/Users/zhuzhanhao/opt/anaconda3/envs/py37/lib/python3.7/site-packages/django/core/handlers/base.py", line 113, in _get_response
    response = wrapped_callback(request, *callback_args, **callback_kwargs)
  File "/Users/zhuzhanhao/AutomationTest/ApiTest/api/renderHtml.py", line 133, in login
    openid = tmp_code['openid']
KeyError: 'openid'
2020-05-19 16:12:34,226,11517,django.request,ERROR,log.py:228,Internal Server Error: /login/
Traceback (most recent call last):
  File "/Users/zhuzhanhao/opt/anaconda3/envs/py37/lib/python3.7/site-packages/django/core/handlers/exception.py", line 34, in inner
    response = get_response(request)
  File "/Users/zhuzhanhao/opt/anaconda3/envs/py37/lib/python3.7/site-packages/django/core/handlers/base.py", line 115, in _get_response
    response = self.process_exception_by_middleware(e, request)
  File "/Users/zhuzhanhao/opt/anaconda3/envs/py37/lib/python3.7/site-packages/django/core/handlers/base.py", line 113, in _get_response
    response = wrapped_callback(request, *callback_args, **callback_kwargs)
  File "/Users/zhuzhanhao/AutomationTest/ApiTest/api/renderHtml.py", line 133, in login
    openid = tmp_code['openid']
KeyError: 'openid'
2020-05-19 16:12:34,262,11517,django.request,ERROR,log.py:228,Internal Server Error: /login/
Traceback (most recent call last):
  File "/Users/zhuzhanhao/opt/anaconda3/envs/py37/lib/python3.7/site-packages/django/core/handlers/exception.py", line 34, in inner
    response = get_response(request)
  File "/Users/zhuzhanhao/opt/anaconda3/envs/py37/lib/python3.7/site-packages/django/core/handlers/base.py", line 115, in _get_response
    response = self.process_exception_by_middleware(e, request)
  File "/Users/zhuzhanhao/opt/anaconda3/envs/py37/lib/python3.7/site-packages/django/core/handlers/base.py", line 113, in _get_response
    response = wrapped_callback(request, *callback_args, **callback_kwargs)
  File "/Users/zhuzhanhao/AutomationTest/ApiTest/api/renderHtml.py", line 133, in login
    openid = tmp_code['openid']
KeyError: 'openid'
2020-05-19 16:12:34,312,11517,django.request,ERROR,log.py:228,Internal Server Error: /login/
Traceback (most recent call last):
  File "/Users/zhuzhanhao/opt/anaconda3/envs/py37/lib/python3.7/site-packages/django/core/handlers/exception.py", line 34, in inner
    response = get_response(request)
  File "/Users/zhuzhanhao/opt/anaconda3/envs/py37/lib/python3.7/site-packages/django/core/handlers/base.py", line 115, in _get_response
    response = self.process_exception_by_middleware(e, request)
  File "/Users/zhuzhanhao/opt/anaconda3/envs/py37/lib/python3.7/site-packages/django/core/handlers/base.py", line 113, in _get_response
    response = wrapped_callback(request, *callback_args, **callback_kwargs)
  File "/Users/zhuzhanhao/AutomationTest/ApiTest/api/renderHtml.py", line 133, in login
    openid = tmp_code['openid']
KeyError: 'openid'
2020-05-19 16:12:34,445,11517,django.request,ERROR,log.py:228,Internal Server Error: /login/
Traceback (most recent call last):
  File "/Users/zhuzhanhao/opt/anaconda3/envs/py37/lib/python3.7/site-packages/django/core/handlers/exception.py", line 34, in inner
    response = get_response(request)
  File "/Users/zhuzhanhao/opt/anaconda3/envs/py37/lib/python3.7/site-packages/django/core/handlers/base.py", line 115, in _get_response
    response = self.process_exception_by_middleware(e, request)
  File "/Users/zhuzhanhao/opt/anaconda3/envs/py37/lib/python3.7/site-packages/django/core/handlers/base.py", line 113, in _get_response
    response = wrapped_callback(request, *callback_args, **callback_kwargs)
  File "/Users/zhuzhanhao/AutomationTest/ApiTest/api/renderHtml.py", line 133, in login
    openid = tmp_code['openid']
KeyError: 'openid'
2020-05-19 16:12:34,596,11517,django.request,ERROR,log.py:228,Internal Server Error: /login/
Traceback (most recent call last):
  File "/Users/zhuzhanhao/opt/anaconda3/envs/py37/lib/python3.7/site-packages/django/core/handlers/exception.py", line 34, in inner
    response = get_response(request)
  File "/Users/zhuzhanhao/opt/anaconda3/envs/py37/lib/python3.7/site-packages/django/core/handlers/base.py", line 115, in _get_response
    response = self.process_exception_by_middleware(e, request)
  File "/Users/zhuzhanhao/opt/anaconda3/envs/py37/lib/python3.7/site-packages/django/core/handlers/base.py", line 113, in _get_response
    response = wrapped_callback(request, *callback_args, **callback_kwargs)
  File "/Users/zhuzhanhao/AutomationTest/ApiTest/api/renderHtml.py", line 133, in login
    openid = tmp_code['openid']
KeyError: 'openid'
2020-05-19 16:12:34,900,11517,django.request,ERROR,log.py:228,Internal Server Error: /login/
Traceback (most recent call last):
  File "/Users/zhuzhanhao/opt/anaconda3/envs/py37/lib/python3.7/site-packages/django/core/handlers/exception.py", line 34, in inner
    response = get_response(request)
  File "/Users/zhuzhanhao/opt/anaconda3/envs/py37/lib/python3.7/site-packages/django/core/handlers/base.py", line 115, in _get_response
    response = self.process_exception_by_middleware(e, request)
  File "/Users/zhuzhanhao/opt/anaconda3/envs/py37/lib/python3.7/site-packages/django/core/handlers/base.py", line 113, in _get_response
    response = wrapped_callback(request, *callback_args, **callback_kwargs)
  File "/Users/zhuzhanhao/AutomationTest/ApiTest/api/renderHtml.py", line 133, in login
    openid = tmp_code['openid']
KeyError: 'openid'
2020-05-19 16:12:35,237,11517,django.request,ERROR,log.py:228,Internal Server Error: /login/
Traceback (most recent call last):
  File "/Users/zhuzhanhao/opt/anaconda3/envs/py37/lib/python3.7/site-packages/django/core/handlers/exception.py", line 34, in inner
    response = get_response(request)
  File "/Users/zhuzhanhao/opt/anaconda3/envs/py37/lib/python3.7/site-packages/django/core/handlers/base.py", line 115, in _get_response
    response = self.process_exception_by_middleware(e, request)
  File "/Users/zhuzhanhao/opt/anaconda3/envs/py37/lib/python3.7/site-packages/django/core/handlers/base.py", line 113, in _get_response
    response = wrapped_callback(request, *callback_args, **callback_kwargs)
  File "/Users/zhuzhanhao/AutomationTest/ApiTest/api/renderHtml.py", line 133, in login
    openid = tmp_code['openid']
KeyError: 'openid'
2020-05-19 16:12:35,242,11517,django.server,ERROR,basehttp.py:157,"GET /login/ HTTP/1.1" 500 68309
2020-05-19 21:05:06,937,5460,django.request,ERROR,log.py:228,Internal Server Error: /dingding_login/
Traceback (most recent call last):
  File "D:\Anaconda3\envs\test\lib\site-packages\django\core\handlers\exception.py", line 34, in inner
    response = get_response(request)
  File "D:\Anaconda3\envs\test\lib\site-packages\django\core\handlers\base.py", line 115, in _get_response
    response = self.process_exception_by_middleware(e, request)
  File "D:\Anaconda3\envs\test\lib\site-packages\django\core\handlers\base.py", line 113, in _get_response
    response = wrapped_callback(request, *callback_args, **callback_kwargs)
  File "D:\python\project\AutomationTest\ApiTest\api\renderHtml.py", line 73, in dingding_login_views
    UserProfile.objects.create(user=user,openid=user_info["openid"],unionid=user_info["unionid"])
  File "D:\Anaconda3\envs\test\lib\site-packages\django\db\models\manager.py", line 82, in manager_method
    return getattr(self.get_queryset(), name)(*args, **kwargs)
  File "D:\Anaconda3\envs\test\lib\site-packages\django\db\models\query.py", line 431, in create
    obj = self.model(**kwargs)
  File "D:\Anaconda3\envs\test\lib\site-packages\django\db\models\base.py", line 500, in __init__
    raise TypeError("%s() got an unexpected keyword argument '%s'" % (cls.__name__, kwarg))
TypeError: UserProfile() got an unexpected keyword argument 'openid'
2020-05-19 21:05:06,941,5460,django.server,ERROR,basehttp.py:157,"GET /dingding_login/?code=1a015a191d463868a340c784d4983ee4&state=STATE HTTP/1.1" 500 89291
2020-05-19 21:13:23,666,10104,django.request,ERROR,log.py:228,Internal Server Error: /dingding_login/
Traceback (most recent call last):
  File "D:\Anaconda3\envs\test\lib\site-packages\django\db\backends\utils.py", line 86, in _execute
    return self.cursor.execute(sql, params)
  File "D:\Anaconda3\envs\test\lib\site-packages\django\db\backends\mysql\base.py", line 74, in execute
    return self.cursor.execute(query, args)
  File "D:\Anaconda3\envs\test\lib\site-packages\pymysql\cursors.py", line 170, in execute
    result = self._query(query)
  File "D:\Anaconda3\envs\test\lib\site-packages\pymysql\cursors.py", line 328, in _query
    conn.query(q)
  File "D:\Anaconda3\envs\test\lib\site-packages\pymysql\connections.py", line 517, in query
    self._affected_rows = self._read_query_result(unbuffered=unbuffered)
  File "D:\Anaconda3\envs\test\lib\site-packages\pymysql\connections.py", line 732, in _read_query_result
    result.read()
  File "D:\Anaconda3\envs\test\lib\site-packages\pymysql\connections.py", line 1075, in read
    first_packet = self.connection._read_packet()
  File "D:\Anaconda3\envs\test\lib\site-packages\pymysql\connections.py", line 684, in _read_packet
    packet.check_error()
  File "D:\Anaconda3\envs\test\lib\site-packages\pymysql\protocol.py", line 220, in check_error
    err.raise_mysql_exception(self._data)
  File "D:\Anaconda3\envs\test\lib\site-packages\pymysql\err.py", line 109, in raise_mysql_exception
    raise errorclass(errno, errval)
pymysql.err.IntegrityError: (1062, "Duplicate entry 'zhuzhanhao' for key 'username'")

The above exception was the direct cause of the following exception:

Traceback (most recent call last):
  File "D:\Anaconda3\envs\test\lib\site-packages\django\core\handlers\exception.py", line 34, in inner
    response = get_response(request)
  File "D:\Anaconda3\envs\test\lib\site-packages\django\core\handlers\base.py", line 115, in _get_response
    response = self.process_exception_by_middleware(e, request)
  File "D:\Anaconda3\envs\test\lib\site-packages\django\core\handlers\base.py", line 113, in _get_response
    response = wrapped_callback(request, *callback_args, **callback_kwargs)
  File "D:\python\project\AutomationTest\ApiTest\api\renderHtml.py", line 71, in dingding_login_views
    password=password,first_name=user_info["nick"])
  File "D:\Anaconda3\envs\test\lib\site-packages\django\db\models\manager.py", line 82, in manager_method
    return getattr(self.get_queryset(), name)(*args, **kwargs)
  File "D:\Anaconda3\envs\test\lib\site-packages\django\db\models\query.py", line 433, in create
    obj.save(force_insert=True, using=self.db)
  File "D:\Anaconda3\envs\test\lib\site-packages\django\contrib\auth\base_user.py", line 66, in save
    super().save(*args, **kwargs)
  File "D:\Anaconda3\envs\test\lib\site-packages\django\db\models\base.py", line 746, in save
    force_update=force_update, update_fields=update_fields)
  File "D:\Anaconda3\envs\test\lib\site-packages\django\db\models\base.py", line 784, in save_base
    force_update, using, update_fields,
  File "D:\Anaconda3\envs\test\lib\site-packages\django\db\models\base.py", line 887, in _save_table
    results = self._do_insert(cls._base_manager, using, fields, returning_fields, raw)
  File "D:\Anaconda3\envs\test\lib\site-packages\django\db\models\base.py", line 926, in _do_insert
    using=using, raw=raw,
  File "D:\Anaconda3\envs\test\lib\site-packages\django\db\models\manager.py", line 82, in manager_method
    return getattr(self.get_queryset(), name)(*args, **kwargs)
  File "D:\Anaconda3\envs\test\lib\site-packages\django\db\models\query.py", line 1204, in _insert
    return query.get_compiler(using=using).execute_sql(returning_fields)
  File "D:\Anaconda3\envs\test\lib\site-packages\django\db\models\sql\compiler.py", line 1391, in execute_sql
    cursor.execute(sql, params)
  File "D:\Anaconda3\envs\test\lib\site-packages\django\db\backends\utils.py", line 100, in execute
    return super().execute(sql, params)
  File "D:\Anaconda3\envs\test\lib\site-packages\django\db\backends\utils.py", line 68, in execute
    return self._execute_with_wrappers(sql, params, many=False, executor=self._execute)
  File "D:\Anaconda3\envs\test\lib\site-packages\django\db\backends\utils.py", line 77, in _execute_with_wrappers
    return executor(sql, params, many, context)
  File "D:\Anaconda3\envs\test\lib\site-packages\django\db\backends\utils.py", line 86, in _execute
    return self.cursor.execute(sql, params)
  File "D:\Anaconda3\envs\test\lib\site-packages\django\db\utils.py", line 90, in __exit__
    raise dj_exc_value.with_traceback(traceback) from exc_value
  File "D:\Anaconda3\envs\test\lib\site-packages\django\db\backends\utils.py", line 86, in _execute
    return self.cursor.execute(sql, params)
  File "D:\Anaconda3\envs\test\lib\site-packages\django\db\backends\mysql\base.py", line 74, in execute
    return self.cursor.execute(query, args)
  File "D:\Anaconda3\envs\test\lib\site-packages\pymysql\cursors.py", line 170, in execute
    result = self._query(query)
  File "D:\Anaconda3\envs\test\lib\site-packages\pymysql\cursors.py", line 328, in _query
    conn.query(q)
  File "D:\Anaconda3\envs\test\lib\site-packages\pymysql\connections.py", line 517, in query
    self._affected_rows = self._read_query_result(unbuffered=unbuffered)
  File "D:\Anaconda3\envs\test\lib\site-packages\pymysql\connections.py", line 732, in _read_query_result
    result.read()
  File "D:\Anaconda3\envs\test\lib\site-packages\pymysql\connections.py", line 1075, in read
    first_packet = self.connection._read_packet()
  File "D:\Anaconda3\envs\test\lib\site-packages\pymysql\connections.py", line 684, in _read_packet
    packet.check_error()
  File "D:\Anaconda3\envs\test\lib\site-packages\pymysql\protocol.py", line 220, in check_error
    err.raise_mysql_exception(self._data)
  File "D:\Anaconda3\envs\test\lib\site-packages\pymysql\err.py", line 109, in raise_mysql_exception
    raise errorclass(errno, errval)
django.db.utils.IntegrityError: (1062, "Duplicate entry 'zhuzhanhao' for key 'username'")
2020-05-19 21:13:23,671,10104,django.server,ERROR,basehttp.py:157,"GET /dingding_login/?code=7cb479d790c93e69afae6e4c4e07976e&state=STATE HTTP/1.1" 500 235094
2020-05-19 21:17:46,927,7532,django.request,ERROR,log.py:228,Internal Server Error: /dingding_login/
Traceback (most recent call last):
  File "D:\Anaconda3\envs\test\lib\site-packages\django\db\backends\utils.py", line 86, in _execute
    return self.cursor.execute(sql, params)
  File "D:\Anaconda3\envs\test\lib\site-packages\django\db\backends\mysql\base.py", line 74, in execute
    return self.cursor.execute(query, args)
  File "D:\Anaconda3\envs\test\lib\site-packages\pymysql\cursors.py", line 170, in execute
    result = self._query(query)
  File "D:\Anaconda3\envs\test\lib\site-packages\pymysql\cursors.py", line 328, in _query
    conn.query(q)
  File "D:\Anaconda3\envs\test\lib\site-packages\pymysql\connections.py", line 517, in query
    self._affected_rows = self._read_query_result(unbuffered=unbuffered)
  File "D:\Anaconda3\envs\test\lib\site-packages\pymysql\connections.py", line 732, in _read_query_result
    result.read()
  File "D:\Anaconda3\envs\test\lib\site-packages\pymysql\connections.py", line 1075, in read
    first_packet = self.connection._read_packet()
  File "D:\Anaconda3\envs\test\lib\site-packages\pymysql\connections.py", line 684, in _read_packet
    packet.check_error()
  File "D:\Anaconda3\envs\test\lib\site-packages\pymysql\protocol.py", line 220, in check_error
    err.raise_mysql_exception(self._data)
  File "D:\Anaconda3\envs\test\lib\site-packages\pymysql\err.py", line 109, in raise_mysql_exception
    raise errorclass(errno, errval)
pymysql.err.IntegrityError: (1062, "Duplicate entry 'zhuzhanhao' for key 'username'")

The above exception was the direct cause of the following exception:

Traceback (most recent call last):
  File "D:\Anaconda3\envs\test\lib\site-packages\django\core\handlers\exception.py", line 34, in inner
    response = get_response(request)
  File "D:\Anaconda3\envs\test\lib\site-packages\django\core\handlers\base.py", line 115, in _get_response
    response = self.process_exception_by_middleware(e, request)
  File "D:\Anaconda3\envs\test\lib\site-packages\django\core\handlers\base.py", line 113, in _get_response
    response = wrapped_callback(request, *callback_args, **callback_kwargs)
  File "D:\python\project\AutomationTest\ApiTest\api\renderHtml.py", line 72, in dingding_login_views
    password=password,first_name=user_info["nick"])
  File "D:\Anaconda3\envs\test\lib\site-packages\django\db\models\manager.py", line 82, in manager_method
    return getattr(self.get_queryset(), name)(*args, **kwargs)
  File "D:\Anaconda3\envs\test\lib\site-packages\django\db\models\query.py", line 433, in create
    obj.save(force_insert=True, using=self.db)
  File "D:\Anaconda3\envs\test\lib\site-packages\django\contrib\auth\base_user.py", line 66, in save
    super().save(*args, **kwargs)
  File "D:\Anaconda3\envs\test\lib\site-packages\django\db\models\base.py", line 746, in save
    force_update=force_update, update_fields=update_fields)
  File "D:\Anaconda3\envs\test\lib\site-packages\django\db\models\base.py", line 784, in save_base
    force_update, using, update_fields,
  File "D:\Anaconda3\envs\test\lib\site-packages\django\db\models\base.py", line 887, in _save_table
    results = self._do_insert(cls._base_manager, using, fields, returning_fields, raw)
  File "D:\Anaconda3\envs\test\lib\site-packages\django\db\models\base.py", line 926, in _do_insert
    using=using, raw=raw,
  File "D:\Anaconda3\envs\test\lib\site-packages\django\db\models\manager.py", line 82, in manager_method
    return getattr(self.get_queryset(), name)(*args, **kwargs)
  File "D:\Anaconda3\envs\test\lib\site-packages\django\db\models\query.py", line 1204, in _insert
    return query.get_compiler(using=using).execute_sql(returning_fields)
  File "D:\Anaconda3\envs\test\lib\site-packages\django\db\models\sql\compiler.py", line 1391, in execute_sql
    cursor.execute(sql, params)
  File "D:\Anaconda3\envs\test\lib\site-packages\django\db\backends\utils.py", line 100, in execute
    return super().execute(sql, params)
  File "D:\Anaconda3\envs\test\lib\site-packages\django\db\backends\utils.py", line 68, in execute
    return self._execute_with_wrappers(sql, params, many=False, executor=self._execute)
  File "D:\Anaconda3\envs\test\lib\site-packages\django\db\backends\utils.py", line 77, in _execute_with_wrappers
    return executor(sql, params, many, context)
  File "D:\Anaconda3\envs\test\lib\site-packages\django\db\backends\utils.py", line 86, in _execute
    return self.cursor.execute(sql, params)
  File "D:\Anaconda3\envs\test\lib\site-packages\django\db\utils.py", line 90, in __exit__
    raise dj_exc_value.with_traceback(traceback) from exc_value
  File "D:\Anaconda3\envs\test\lib\site-packages\django\db\backends\utils.py", line 86, in _execute
    return self.cursor.execute(sql, params)
  File "D:\Anaconda3\envs\test\lib\site-packages\django\db\backends\mysql\base.py", line 74, in execute
    return self.cursor.execute(query, args)
  File "D:\Anaconda3\envs\test\lib\site-packages\pymysql\cursors.py", line 170, in execute
    result = self._query(query)
  File "D:\Anaconda3\envs\test\lib\site-packages\pymysql\cursors.py", line 328, in _query
    conn.query(q)
  File "D:\Anaconda3\envs\test\lib\site-packages\pymysql\connections.py", line 517, in query
    self._affected_rows = self._read_query_result(unbuffered=unbuffered)
  File "D:\Anaconda3\envs\test\lib\site-packages\pymysql\connections.py", line 732, in _read_query_result
    result.read()
  File "D:\Anaconda3\envs\test\lib\site-packages\pymysql\connections.py", line 1075, in read
    first_packet = self.connection._read_packet()
  File "D:\Anaconda3\envs\test\lib\site-packages\pymysql\connections.py", line 684, in _read_packet
    packet.check_error()
  File "D:\Anaconda3\envs\test\lib\site-packages\pymysql\protocol.py", line 220, in check_error
    err.raise_mysql_exception(self._data)
  File "D:\Anaconda3\envs\test\lib\site-packages\pymysql\err.py", line 109, in raise_mysql_exception
    raise errorclass(errno, errval)
django.db.utils.IntegrityError: (1062, "Duplicate entry 'zhuzhanhao' for key 'username'")
2020-05-19 21:17:46,937,7532,django.server,ERROR,basehttp.py:157,"GET /dingding_login/?code=8598d6a49fcf3249acc1df9d1fbcd28b&state=STATE HTTP/1.1" 500 235084
2020-05-19 21:19:21,592,7400,django.request,ERROR,log.py:228,Internal Server Error: /dingding_login/
Traceback (most recent call last):
  File "D:\Anaconda3\envs\test\lib\site-packages\django\core\handlers\exception.py", line 34, in inner
    response = get_response(request)
  File "D:\Anaconda3\envs\test\lib\site-packages\django\core\handlers\base.py", line 115, in _get_response
    response = self.process_exception_by_middleware(e, request)
  File "D:\Anaconda3\envs\test\lib\site-packages\django\core\handlers\base.py", line 113, in _get_response
    response = wrapped_callback(request, *callback_args, **callback_kwargs)
  File "D:\python\project\AutomationTest\ApiTest\api\renderHtml.py", line 75, in dingding_login_views
    UserProfile.objects.create(user=user,openid=user_info["openid"],unionid=unionid)
  File "D:\Anaconda3\envs\test\lib\site-packages\django\db\models\manager.py", line 82, in manager_method
    return getattr(self.get_queryset(), name)(*args, **kwargs)
  File "D:\Anaconda3\envs\test\lib\site-packages\django\db\models\query.py", line 431, in create
    obj = self.model(**kwargs)
  File "D:\Anaconda3\envs\test\lib\site-packages\django\db\models\base.py", line 500, in __init__
    raise TypeError("%s() got an unexpected keyword argument '%s'" % (cls.__name__, kwarg))
TypeError: UserProfile() got an unexpected keyword argument 'openid'
2020-05-19 21:19:21,594,7400,django.server,ERROR,basehttp.py:157,"GET /dingding_login/?code=46a06e65f4e13d16aa11c842d49983b2&state=STATE HTTP/1.1" 500 88746
2020-05-19 21:23:27,685,3948,django.request,ERROR,log.py:228,Internal Server Error: /dingding_login/
Traceback (most recent call last):
  File "D:\Anaconda3\envs\test\lib\site-packages\django\core\handlers\exception.py", line 34, in inner
    response = get_response(request)
  File "D:\Anaconda3\envs\test\lib\site-packages\django\core\handlers\base.py", line 115, in _get_response
    response = self.process_exception_by_middleware(e, request)
  File "D:\Anaconda3\envs\test\lib\site-packages\django\core\handlers\base.py", line 113, in _get_response
    response = wrapped_callback(request, *callback_args, **callback_kwargs)
  File "D:\python\project\AutomationTest\ApiTest\api\renderHtml.py", line 77, in dingding_login_views
    UserProfile.objects.create(user=user,openid=openid,unionid=unionid)
  File "D:\Anaconda3\envs\test\lib\site-packages\django\db\models\manager.py", line 82, in manager_method
    return getattr(self.get_queryset(), name)(*args, **kwargs)
  File "D:\Anaconda3\envs\test\lib\site-packages\django\db\models\query.py", line 431, in create
    obj = self.model(**kwargs)
  File "D:\Anaconda3\envs\test\lib\site-packages\django\db\models\base.py", line 500, in __init__
    raise TypeError("%s() got an unexpected keyword argument '%s'" % (cls.__name__, kwarg))
TypeError: UserProfile() got an unexpected keyword argument 'openid'
2020-05-19 21:23:27,687,3948,django.server,ERROR,basehttp.py:157,"GET /dingding_login/?code=956b82dc62063349b0a8d9c61ab93237&state=STATE HTTP/1.1" 500 89184
2020-05-19 21:34:17,915,3948,django.request,ERROR,log.py:228,Internal Server Error: /dingding_login/
Traceback (most recent call last):
  File "D:\Anaconda3\envs\test\lib\site-packages\django\core\handlers\exception.py", line 34, in inner
    response = get_response(request)
  File "D:\Anaconda3\envs\test\lib\site-packages\django\core\handlers\base.py", line 115, in _get_response
    response = self.process_exception_by_middleware(e, request)
  File "D:\Anaconda3\envs\test\lib\site-packages\django\core\handlers\base.py", line 113, in _get_response
    response = wrapped_callback(request, *callback_args, **callback_kwargs)
  File "D:\python\project\AutomationTest\ApiTest\api\renderHtml.py", line 74, in dingding_login_views
    userprofile = UserProfile.objects.create(user=user,openId=openid,unionid=unionid)
  File "D:\Anaconda3\envs\test\lib\site-packages\django\db\models\manager.py", line 82, in manager_method
    return getattr(self.get_queryset(), name)(*args, **kwargs)
  File "D:\Anaconda3\envs\test\lib\site-packages\django\db\models\query.py", line 431, in create
    obj = self.model(**kwargs)
  File "D:\Anaconda3\envs\test\lib\site-packages\django\db\models\base.py", line 482, in __init__
    _setattr(self, field.name, rel_obj)
  File "D:\Anaconda3\envs\test\lib\site-packages\django\db\models\fields\related_descriptors.py", line 309, in __set__
    super().__set__(instance, value)
  File "D:\Anaconda3\envs\test\lib\site-packages\django\db\models\fields\related_descriptors.py", line 219, in __set__
    self.field.remote_field.model._meta.object_name,
ValueError: Cannot assign "<UserProfile: 无>": "UserProfile.user" must be a "User" instance.
2020-05-19 21:34:17,917,3948,django.server,ERROR,basehttp.py:157,"GET /dingding_login/?code=9b13b84059683d1e82b51262296d13b2&state=STATE HTTP/1.1" 500 97095
2020-05-19 21:36:49,437,3852,django.request,ERROR,log.py:228,Internal Server Error: /dingding_login/
Traceback (most recent call last):
  File "D:\Anaconda3\envs\test\lib\site-packages\django\core\handlers\exception.py", line 34, in inner
    response = get_response(request)
  File "D:\Anaconda3\envs\test\lib\site-packages\django\core\handlers\base.py", line 115, in _get_response
    response = self.process_exception_by_middleware(e, request)
  File "D:\Anaconda3\envs\test\lib\site-packages\django\core\handlers\base.py", line 113, in _get_response
    response = wrapped_callback(request, *callback_args, **callback_kwargs)
  File "D:\python\project\AutomationTest\ApiTest\api\renderHtml.py", line 75, in dingding_login_views
    userprofile = UserProfile.objects.create(user=user,openId=openid,unionid=unionid)
  File "D:\Anaconda3\envs\test\lib\site-packages\django\db\models\manager.py", line 82, in manager_method
    return getattr(self.get_queryset(), name)(*args, **kwargs)
  File "D:\Anaconda3\envs\test\lib\site-packages\django\db\models\query.py", line 431, in create
    obj = self.model(**kwargs)
  File "D:\Anaconda3\envs\test\lib\site-packages\django\db\models\base.py", line 482, in __init__
    _setattr(self, field.name, rel_obj)
  File "D:\Anaconda3\envs\test\lib\site-packages\django\db\models\fields\related_descriptors.py", line 309, in __set__
    super().__set__(instance, value)
  File "D:\Anaconda3\envs\test\lib\site-packages\django\db\models\fields\related_descriptors.py", line 219, in __set__
    self.field.remote_field.model._meta.object_name,
ValueError: Cannot assign "<UserProfile: 无>": "UserProfile.user" must be a "User" instance.
2020-05-19 21:36:49,440,3852,django.server,ERROR,basehttp.py:157,"GET /dingding_login/?code=c846331c3651312097afefaca0edc81b&state=STATE HTTP/1.1" 500 97099
2020-05-19 21:42:02,216,276,django.request,ERROR,log.py:228,Internal Server Error: /dingding_login/
Traceback (most recent call last):
  File "D:\Anaconda3\envs\test\lib\site-packages\django\core\handlers\exception.py", line 34, in inner
    response = get_response(request)
  File "D:\Anaconda3\envs\test\lib\site-packages\django\core\handlers\base.py", line 115, in _get_response
    response = self.process_exception_by_middleware(e, request)
  File "D:\Anaconda3\envs\test\lib\site-packages\django\core\handlers\base.py", line 113, in _get_response
    response = wrapped_callback(request, *callback_args, **callback_kwargs)
  File "D:\python\project\AutomationTest\ApiTest\api\renderHtml.py", line 75, in dingding_login_views
    userprofile = UserProfile.objects.create(user=user,openId=openid,unionid=unionid)
  File "D:\Anaconda3\envs\test\lib\site-packages\django\db\models\manager.py", line 82, in manager_method
    return getattr(self.get_queryset(), name)(*args, **kwargs)
  File "D:\Anaconda3\envs\test\lib\site-packages\django\db\models\query.py", line 431, in create
    obj = self.model(**kwargs)
  File "D:\Anaconda3\envs\test\lib\site-packages\django\db\models\base.py", line 482, in __init__
    _setattr(self, field.name, rel_obj)
  File "D:\Anaconda3\envs\test\lib\site-packages\django\db\models\fields\related_descriptors.py", line 309, in __set__
    super().__set__(instance, value)
  File "D:\Anaconda3\envs\test\lib\site-packages\django\db\models\fields\related_descriptors.py", line 219, in __set__
    self.field.remote_field.model._meta.object_name,
ValueError: Cannot assign "7": "UserProfile.user" must be a "User" instance.
2020-05-19 21:42:02,218,276,django.server,ERROR,basehttp.py:157,"GET /dingding_login/?code=5a06bb90157536de803bed8231ab62a5&state=STATE HTTP/1.1" 500 96877
2020-05-19 21:43:52,267,4408,django.request,ERROR,log.py:228,Internal Server Error: /dingding_login/
Traceback (most recent call last):
  File "D:\Anaconda3\envs\test\lib\site-packages\django\core\handlers\exception.py", line 34, in inner
    response = get_response(request)
  File "D:\Anaconda3\envs\test\lib\site-packages\django\core\handlers\base.py", line 115, in _get_response
    response = self.process_exception_by_middleware(e, request)
  File "D:\Anaconda3\envs\test\lib\site-packages\django\core\handlers\base.py", line 113, in _get_response
    response = wrapped_callback(request, *callback_args, **callback_kwargs)
  File "D:\python\project\AutomationTest\ApiTest\api\renderHtml.py", line 76, in dingding_login_views
    request.session['username'] = user.username  # 登录成功后，用户登录信息存>放于session
AttributeError: 'UserProfile' object has no attribute 'username'
2020-05-19 21:43:52,269,4408,django.server,ERROR,basehttp.py:157,"GET /dingding_login/?code=f0663150f5ea3a60b49127ccde67e241&state=STATE HTTP/1.1" 500 73825
2020-05-19 21:51:02,197,8048,django.request,ERROR,log.py:228,Internal Server Error: /dingding_login/
Traceback (most recent call last):
  File "D:\Anaconda3\envs\test\lib\site-packages\django\core\handlers\exception.py", line 34, in inner
    response = get_response(request)
  File "D:\Anaconda3\envs\test\lib\site-packages\django\core\handlers\base.py", line 115, in _get_response
    response = self.process_exception_by_middleware(e, request)
  File "D:\Anaconda3\envs\test\lib\site-packages\django\core\handlers\base.py", line 113, in _get_response
    response = wrapped_callback(request, *callback_args, **callback_kwargs)
  File "D:\python\project\AutomationTest\ApiTest\api\renderHtml.py", line 78, in dingding_login_views
    request.session['username'] = user.username  # 登录成功后，用户登录信息存>放于session
AttributeError: 'UserProfile' object has no attribute 'username'
2020-05-19 21:51:02,199,8048,django.server,ERROR,basehttp.py:157,"GET /dingding_login/?code=e251151d16173971ad201bb6247dca52&state=STATE HTTP/1.1" 500 73825
2020-05-19 23:47:19,953,2668,django.request,ERROR,log.py:228,Internal Server Error: /index/
Traceback (most recent call last):
  File "D:\Anaconda3\envs\test\lib\site-packages\django\core\handlers\exception.py", line 34, in inner
    response = get_response(request)
  File "D:\Anaconda3\envs\test\lib\site-packages\django\core\handlers\base.py", line 115, in _get_response
    response = self.process_exception_by_middleware(e, request)
  File "D:\Anaconda3\envs\test\lib\site-packages\django\core\handlers\base.py", line 113, in _get_response
    response = wrapped_callback(request, *callback_args, **callback_kwargs)
  File "D:\python\project\AutomationTest\ApiTest\api\renderHtml.py", line 84, in index_views
    dic = UserProfile.objects.filter().order_by("_user_id")[0]
  File "D:\Anaconda3\envs\test\lib\site-packages\django\db\models\query.py", line 313, in __getitem__
    qs._fetch_all()
  File "D:\Anaconda3\envs\test\lib\site-packages\django\db\models\query.py", line 1261, in _fetch_all
    self._result_cache = list(self._iterable_class(self))
  File "D:\Anaconda3\envs\test\lib\site-packages\django\db\models\query.py", line 57, in __iter__
    results = compiler.execute_sql(chunked_fetch=self.chunked_fetch, chunk_size=self.chunk_size)
  File "D:\Anaconda3\envs\test\lib\site-packages\django\db\models\sql\compiler.py", line 1138, in execute_sql
    sql, params = self.as_sql()
  File "D:\Anaconda3\envs\test\lib\site-packages\django\db\models\sql\compiler.py", line 490, in as_sql
    extra_select, order_by, group_by = self.pre_sql_setup()
  File "D:\Anaconda3\envs\test\lib\site-packages\django\db\models\sql\compiler.py", line 52, in pre_sql_setup
    order_by = self.get_order_by()
  File "D:\Anaconda3\envs\test\lib\site-packages\django\db\models\sql\compiler.py", line 342, in get_order_by
    field, self.query.get_meta(), default_order=asc))
  File "D:\Anaconda3\envs\test\lib\site-packages\django\db\models\sql\compiler.py", line 720, in find_ordering_name
    field, targets, alias, joins, path, opts, transform_function = self._setup_joins(pieces, opts, alias)
  File "D:\Anaconda3\envs\test\lib\site-packages\django\db\models\sql\compiler.py", line 755, in _setup_joins
    field, targets, opts, joins, path, transform_function = self.query.setup_joins(pieces, opts, alias)
  File "D:\Anaconda3\envs\test\lib\site-packages\django\db\models\sql\query.py", line 1567, in setup_joins
    names[:pivot], opts, allow_many, fail_on_missing=True,
  File "D:\Anaconda3\envs\test\lib\site-packages\django\db\models\sql\query.py", line 1483, in names_to_path
    "Choices are: %s" % (name, ", ".join(available)))
django.core.exceptions.FieldError: Cannot resolve keyword '_user_id' into field. Choices are: id, openId, phone, unionid, user, user_id
2020-05-19 23:47:19,955,2668,django.server,ERROR,basehttp.py:157,"GET /index/ HTTP/1.1" 500 120987
2020-05-19 23:56:36,494,9644,django.request,ERROR,log.py:228,Internal Server Error: /index/
Traceback (most recent call last):
  File "D:\Anaconda3\envs\test\lib\site-packages\django\core\handlers\exception.py", line 34, in inner
    response = get_response(request)
  File "D:\Anaconda3\envs\test\lib\site-packages\django\core\handlers\base.py", line 115, in _get_response
    response = self.process_exception_by_middleware(e, request)
  File "D:\Anaconda3\envs\test\lib\site-packages\django\core\handlers\base.py", line 113, in _get_response
    response = wrapped_callback(request, *callback_args, **callback_kwargs)
  File "D:\python\project\AutomationTest\ApiTest\api\renderHtml.py", line 84, in index_views
    dic = UserProfile.objects.filter().order_by("user_id")[-1]
  File "D:\Anaconda3\envs\test\lib\site-packages\django\db\models\query.py", line 293, in __getitem__
    "Negative indexing is not supported."
AssertionError: Negative indexing is not supported.
2020-05-19 23:56:36,495,9644,django.server,ERROR,basehttp.py:157,"GET /index/ HTTP/1.1" 500 73047
2020-05-19 23:57:39,108,3004,django.request,ERROR,log.py:228,Internal Server Error: /index/
Traceback (most recent call last):
  File "D:\Anaconda3\envs\test\lib\site-packages\django\core\handlers\exception.py", line 34, in inner
    response = get_response(request)
  File "D:\Anaconda3\envs\test\lib\site-packages\django\core\handlers\base.py", line 115, in _get_response
    response = self.process_exception_by_middleware(e, request)
  File "D:\Anaconda3\envs\test\lib\site-packages\django\core\handlers\base.py", line 113, in _get_response
    response = wrapped_callback(request, *callback_args, **callback_kwargs)
  File "D:\python\project\AutomationTest\ApiTest\api\renderHtml.py", line 84, in index_views
    dic = UserProfile.objects.filter().order_by("user_id")[-1]
  File "D:\Anaconda3\envs\test\lib\site-packages\django\db\models\query.py", line 293, in __getitem__
    "Negative indexing is not supported."
AssertionError: Negative indexing is not supported.
2020-05-19 23:57:39,109,3004,django.server,ERROR,basehttp.py:157,"GET /index/ HTTP/1.1" 500 73042
2020-05-19 23:57:41,019,3004,django.request,ERROR,log.py:228,Internal Server Error: /index/
Traceback (most recent call last):
  File "D:\Anaconda3\envs\test\lib\site-packages\django\core\handlers\exception.py", line 34, in inner
    response = get_response(request)
  File "D:\Anaconda3\envs\test\lib\site-packages\django\core\handlers\base.py", line 115, in _get_response
    response = self.process_exception_by_middleware(e, request)
  File "D:\Anaconda3\envs\test\lib\site-packages\django\core\handlers\base.py", line 113, in _get_response
    response = wrapped_callback(request, *callback_args, **callback_kwargs)
  File "D:\python\project\AutomationTest\ApiTest\api\renderHtml.py", line 84, in index_views
    dic = UserProfile.objects.filter().order_by("user_id")[-1]
  File "D:\Anaconda3\envs\test\lib\site-packages\django\db\models\query.py", line 293, in __getitem__
    "Negative indexing is not supported."
AssertionError: Negative indexing is not supported.
2020-05-19 23:57:41,019,3004,django.server,ERROR,basehttp.py:157,"GET /index/ HTTP/1.1" 500 73042
2020-05-19 23:57:56,846,10348,django.request,ERROR,log.py:228,Internal Server Error: /index/
Traceback (most recent call last):
  File "D:\Anaconda3\envs\test\lib\site-packages\django\core\handlers\exception.py", line 34, in inner
    response = get_response(request)
  File "D:\Anaconda3\envs\test\lib\site-packages\django\core\handlers\base.py", line 115, in _get_response
    response = self.process_exception_by_middleware(e, request)
  File "D:\Anaconda3\envs\test\lib\site-packages\django\core\handlers\base.py", line 113, in _get_response
    response = wrapped_callback(request, *callback_args, **callback_kwargs)
  File "D:\python\project\AutomationTest\ApiTest\api\renderHtml.py", line 84, in index_views
    dic = UserProfile.objects.filter().order_by("user_id")[-1]
  File "D:\Anaconda3\envs\test\lib\site-packages\django\db\models\query.py", line 293, in __getitem__
    "Negative indexing is not supported."
AssertionError: Negative indexing is not supported.
2020-05-19 23:57:56,848,10348,django.server,ERROR,basehttp.py:157,"GET /index/ HTTP/1.1" 500 73032
2020-05-19 23:57:57,677,10348,django.request,ERROR,log.py:228,Internal Server Error: /index/
Traceback (most recent call last):
  File "D:\Anaconda3\envs\test\lib\site-packages\django\core\handlers\exception.py", line 34, in inner
    response = get_response(request)
  File "D:\Anaconda3\envs\test\lib\site-packages\django\core\handlers\base.py", line 115, in _get_response
    response = self.process_exception_by_middleware(e, request)
  File "D:\Anaconda3\envs\test\lib\site-packages\django\core\handlers\base.py", line 113, in _get_response
    response = wrapped_callback(request, *callback_args, **callback_kwargs)
  File "D:\python\project\AutomationTest\ApiTest\api\renderHtml.py", line 84, in index_views
    dic = UserProfile.objects.filter().order_by("user_id")[-1]
  File "D:\Anaconda3\envs\test\lib\site-packages\django\db\models\query.py", line 293, in __getitem__
    "Negative indexing is not supported."
AssertionError: Negative indexing is not supported.
2020-05-19 23:57:57,678,10348,django.server,ERROR,basehttp.py:157,"GET /index/ HTTP/1.1" 500 73032
2020-05-19 23:58:11,636,6272,django.request,ERROR,log.py:228,Internal Server Error: /index/
Traceback (most recent call last):
  File "D:\Anaconda3\envs\test\lib\site-packages\django\core\handlers\exception.py", line 34, in inner
    response = get_response(request)
  File "D:\Anaconda3\envs\test\lib\site-packages\django\core\handlers\base.py", line 115, in _get_response
    response = self.process_exception_by_middleware(e, request)
  File "D:\Anaconda3\envs\test\lib\site-packages\django\core\handlers\base.py", line 113, in _get_response
    response = wrapped_callback(request, *callback_args, **callback_kwargs)
  File "D:\python\project\AutomationTest\ApiTest\api\renderHtml.py", line 86, in index_views
    dic = User.objects.filter(id=dic).username
AttributeError: 'QuerySet' object has no attribute 'username'
2020-05-19 23:58:11,637,6272,django.server,ERROR,basehttp.py:157,"GET /index/ HTTP/1.1" 500 69469
2020-05-19 23:58:12,514,6272,django.request,ERROR,log.py:228,Internal Server Error: /index/
Traceback (most recent call last):
  File "D:\Anaconda3\envs\test\lib\site-packages\django\core\handlers\exception.py", line 34, in inner
    response = get_response(request)
  File "D:\Anaconda3\envs\test\lib\site-packages\django\core\handlers\base.py", line 115, in _get_response
    response = self.process_exception_by_middleware(e, request)
  File "D:\Anaconda3\envs\test\lib\site-packages\django\core\handlers\base.py", line 113, in _get_response
    response = wrapped_callback(request, *callback_args, **callback_kwargs)
  File "D:\python\project\AutomationTest\ApiTest\api\renderHtml.py", line 86, in index_views
    dic = User.objects.filter(id=dic).username
AttributeError: 'QuerySet' object has no attribute 'username'
2020-05-19 23:58:12,516,6272,django.server,ERROR,basehttp.py:157,"GET /index/ HTTP/1.1" 500 69469
2020-05-19 23:59:18,480,348,django.request,ERROR,log.py:228,Internal Server Error: /index/
Traceback (most recent call last):
  File "D:\Anaconda3\envs\test\lib\site-packages\django\core\handlers\exception.py", line 34, in inner
    response = get_response(request)
  File "D:\Anaconda3\envs\test\lib\site-packages\django\core\handlers\base.py", line 115, in _get_response
    response = self.process_exception_by_middleware(e, request)
  File "D:\Anaconda3\envs\test\lib\site-packages\django\core\handlers\base.py", line 113, in _get_response
    response = wrapped_callback(request, *callback_args, **callback_kwargs)
  File "D:\python\project\AutomationTest\ApiTest\api\renderHtml.py", line 86, in index_views
    dic = User.objects.filter(id=dic).first().username
  File "D:\Anaconda3\envs\test\lib\site-packages\django\db\models\query.py", line 664, in first
    for obj in (self if self.ordered else self.order_by('pk'))[:1]:
  File "D:\Anaconda3\envs\test\lib\site-packages\django\db\models\query.py", line 276, in __iter__
    self._fetch_all()
  File "D:\Anaconda3\envs\test\lib\site-packages\django\db\models\query.py", line 1261, in _fetch_all
    self._result_cache = list(self._iterable_class(self))
  File "D:\Anaconda3\envs\test\lib\site-packages\django\db\models\query.py", line 57, in __iter__
    results = compiler.execute_sql(chunked_fetch=self.chunked_fetch, chunk_size=self.chunk_size)
  File "D:\Anaconda3\envs\test\lib\site-packages\django\db\models\sql\compiler.py", line 1138, in execute_sql
    sql, params = self.as_sql()
  File "D:\Anaconda3\envs\test\lib\site-packages\django\db\models\sql\compiler.py", line 505, in as_sql
    where, w_params = self.compile(self.where) if self.where is not None else ("", [])
  File "D:\Anaconda3\envs\test\lib\site-packages\django\db\models\sql\compiler.py", line 422, in compile
    sql, params = node.as_sql(self, self.connection)
  File "D:\Anaconda3\envs\test\lib\site-packages\django\db\models\sql\where.py", line 81, in as_sql
    sql, params = compiler.compile(child)
  File "D:\Anaconda3\envs\test\lib\site-packages\django\db\models\sql\compiler.py", line 422, in compile
    sql, params = node.as_sql(self, self.connection)
  File "D:\Anaconda3\envs\test\lib\site-packages\django\db\models\lookups.py", line 177, in as_sql
    rhs_sql, rhs_params = self.process_rhs(compiler, connection)
  File "D:\Anaconda3\envs\test\lib\site-packages\django\db\models\lookups.py", line 270, in process_rhs
    'The QuerySet value for an exact lookup must be limited to '
ValueError: The QuerySet value for an exact lookup must be limited to one result using slicing.
2020-05-19 23:59:18,482,348,django.server,ERROR,basehttp.py:157,"GET /index/ HTTP/1.1" 500 118519
2020-05-19 23:59:40,760,4796,django.request,ERROR,log.py:228,Internal Server Error: /index/
Traceback (most recent call last):
  File "D:\Anaconda3\envs\test\lib\site-packages\django\core\handlers\exception.py", line 34, in inner
    response = get_response(request)
  File "D:\Anaconda3\envs\test\lib\site-packages\django\core\handlers\base.py", line 115, in _get_response
    response = self.process_exception_by_middleware(e, request)
  File "D:\Anaconda3\envs\test\lib\site-packages\django\core\handlers\base.py", line 113, in _get_response
    response = wrapped_callback(request, *callback_args, **callback_kwargs)
  File "D:\python\project\AutomationTest\ApiTest\api\renderHtml.py", line 86, in index_views
    dic = User.objects.filter(id=dic).first()
  File "D:\Anaconda3\envs\test\lib\site-packages\django\db\models\query.py", line 664, in first
    for obj in (self if self.ordered else self.order_by('pk'))[:1]:
  File "D:\Anaconda3\envs\test\lib\site-packages\django\db\models\query.py", line 276, in __iter__
    self._fetch_all()
  File "D:\Anaconda3\envs\test\lib\site-packages\django\db\models\query.py", line 1261, in _fetch_all
    self._result_cache = list(self._iterable_class(self))
  File "D:\Anaconda3\envs\test\lib\site-packages\django\db\models\query.py", line 57, in __iter__
    results = compiler.execute_sql(chunked_fetch=self.chunked_fetch, chunk_size=self.chunk_size)
  File "D:\Anaconda3\envs\test\lib\site-packages\django\db\models\sql\compiler.py", line 1138, in execute_sql
    sql, params = self.as_sql()
  File "D:\Anaconda3\envs\test\lib\site-packages\django\db\models\sql\compiler.py", line 505, in as_sql
    where, w_params = self.compile(self.where) if self.where is not None else ("", [])
  File "D:\Anaconda3\envs\test\lib\site-packages\django\db\models\sql\compiler.py", line 422, in compile
    sql, params = node.as_sql(self, self.connection)
  File "D:\Anaconda3\envs\test\lib\site-packages\django\db\models\sql\where.py", line 81, in as_sql
    sql, params = compiler.compile(child)
  File "D:\Anaconda3\envs\test\lib\site-packages\django\db\models\sql\compiler.py", line 422, in compile
    sql, params = node.as_sql(self, self.connection)
  File "D:\Anaconda3\envs\test\lib\site-packages\django\db\models\lookups.py", line 177, in as_sql
    rhs_sql, rhs_params = self.process_rhs(compiler, connection)
  File "D:\Anaconda3\envs\test\lib\site-packages\django\db\models\lookups.py", line 270, in process_rhs
    'The QuerySet value for an exact lookup must be limited to '
ValueError: The QuerySet value for an exact lookup must be limited to one result using slicing.
2020-05-19 23:59:40,761,4796,django.server,ERROR,basehttp.py:157,"GET /index/ HTTP/1.1" 500 118508
2020-05-20 00:00:04,054,10268,django.request,ERROR,log.py:228,Internal Server Error: /index/
Traceback (most recent call last):
  File "D:\Anaconda3\envs\test\lib\site-packages\django\core\handlers\exception.py", line 34, in inner
    response = get_response(request)
  File "D:\Anaconda3\envs\test\lib\site-packages\django\core\handlers\base.py", line 115, in _get_response
    response = self.process_exception_by_middleware(e, request)
  File "D:\Anaconda3\envs\test\lib\site-packages\django\core\handlers\base.py", line 113, in _get_response
    response = wrapped_callback(request, *callback_args, **callback_kwargs)
  File "D:\python\project\AutomationTest\ApiTest\api\renderHtml.py", line 87, in index_views
    print(dic)
  File "D:\Anaconda3\envs\test\lib\site-packages\django\db\models\query.py", line 252, in __repr__
    data = list(self[:REPR_OUTPUT_SIZE + 1])
  File "D:\Anaconda3\envs\test\lib\site-packages\django\db\models\query.py", line 276, in __iter__
    self._fetch_all()
  File "D:\Anaconda3\envs\test\lib\site-packages\django\db\models\query.py", line 1261, in _fetch_all
    self._result_cache = list(self._iterable_class(self))
  File "D:\Anaconda3\envs\test\lib\site-packages\django\db\models\query.py", line 57, in __iter__
    results = compiler.execute_sql(chunked_fetch=self.chunked_fetch, chunk_size=self.chunk_size)
  File "D:\Anaconda3\envs\test\lib\site-packages\django\db\models\sql\compiler.py", line 1138, in execute_sql
    sql, params = self.as_sql()
  File "D:\Anaconda3\envs\test\lib\site-packages\django\db\models\sql\compiler.py", line 505, in as_sql
    where, w_params = self.compile(self.where) if self.where is not None else ("", [])
  File "D:\Anaconda3\envs\test\lib\site-packages\django\db\models\sql\compiler.py", line 422, in compile
    sql, params = node.as_sql(self, self.connection)
  File "D:\Anaconda3\envs\test\lib\site-packages\django\db\models\sql\where.py", line 81, in as_sql
    sql, params = compiler.compile(child)
  File "D:\Anaconda3\envs\test\lib\site-packages\django\db\models\sql\compiler.py", line 422, in compile
    sql, params = node.as_sql(self, self.connection)
  File "D:\Anaconda3\envs\test\lib\site-packages\django\db\models\lookups.py", line 177, in as_sql
    rhs_sql, rhs_params = self.process_rhs(compiler, connection)
  File "D:\Anaconda3\envs\test\lib\site-packages\django\db\models\lookups.py", line 270, in process_rhs
    'The QuerySet value for an exact lookup must be limited to '
ValueError: The QuerySet value for an exact lookup must be limited to one result using slicing.
2020-05-20 00:00:04,057,10268,django.server,ERROR,basehttp.py:157,"GET /index/ HTTP/1.1" 500 118252
2020-05-20 14:06:20,815,4183,django.request,ERROR,log.py:228,Internal Server Error: /api/v1/menu/list/
Traceback (most recent call last):
  File "/Users/zhuzhanhao/opt/anaconda3/envs/py37/lib/python3.7/site-packages/django/core/handlers/exception.py", line 34, in inner
    response = get_response(request)
  File "/Users/zhuzhanhao/opt/anaconda3/envs/py37/lib/python3.7/site-packages/django/core/handlers/base.py", line 115, in _get_response
    response = self.process_exception_by_middleware(e, request)
  File "/Users/zhuzhanhao/opt/anaconda3/envs/py37/lib/python3.7/site-packages/django/core/handlers/base.py", line 113, in _get_response
    response = wrapped_callback(request, *callback_args, **callback_kwargs)
  File "/Users/zhuzhanhao/opt/anaconda3/envs/py37/lib/python3.7/site-packages/django/views/decorators/csrf.py", line 54, in wrapped_view
    return view_func(*args, **kwargs)
  File "/Users/zhuzhanhao/opt/anaconda3/envs/py37/lib/python3.7/site-packages/django/views/generic/base.py", line 71, in view
    return self.dispatch(request, *args, **kwargs)
  File "/Users/zhuzhanhao/opt/anaconda3/envs/py37/lib/python3.7/site-packages/rest_framework/views.py", line 507, in dispatch
    self.response = self.finalize_response(request, response, *args, **kwargs)
  File "/Users/zhuzhanhao/opt/anaconda3/envs/py37/lib/python3.7/site-packages/rest_framework/views.py", line 422, in finalize_response
    % type(response)
AssertionError: Expected a `Response`, `HttpResponse` or `HttpStreamingResponse` to be returned from the view, but received a `<class 'dict'>`
2020-05-20 14:06:20,823,4183,django.server,ERROR,basehttp.py:157,"GET /api/v1/menu/list/ HTTP/1.1" 500 17205
2020-05-20 14:07:49,286,4210,django.request,ERROR,log.py:228,Internal Server Error: /api/v1/menu/list/
Traceback (most recent call last):
  File "/Users/zhuzhanhao/opt/anaconda3/envs/py37/lib/python3.7/site-packages/django/core/handlers/exception.py", line 34, in inner
    response = get_response(request)
  File "/Users/zhuzhanhao/opt/anaconda3/envs/py37/lib/python3.7/site-packages/django/core/handlers/base.py", line 115, in _get_response
    response = self.process_exception_by_middleware(e, request)
  File "/Users/zhuzhanhao/opt/anaconda3/envs/py37/lib/python3.7/site-packages/django/core/handlers/base.py", line 113, in _get_response
    response = wrapped_callback(request, *callback_args, **callback_kwargs)
  File "/Users/zhuzhanhao/opt/anaconda3/envs/py37/lib/python3.7/site-packages/django/views/decorators/csrf.py", line 54, in wrapped_view
    return view_func(*args, **kwargs)
  File "/Users/zhuzhanhao/opt/anaconda3/envs/py37/lib/python3.7/site-packages/django/views/generic/base.py", line 71, in view
    return self.dispatch(request, *args, **kwargs)
  File "/Users/zhuzhanhao/opt/anaconda3/envs/py37/lib/python3.7/site-packages/rest_framework/views.py", line 507, in dispatch
    self.response = self.finalize_response(request, response, *args, **kwargs)
  File "/Users/zhuzhanhao/opt/anaconda3/envs/py37/lib/python3.7/site-packages/rest_framework/views.py", line 422, in finalize_response
    % type(response)
AssertionError: Expected a `Response`, `HttpResponse` or `HttpStreamingResponse` to be returned from the view, but received a `<class 'dict'>`
2020-05-20 14:07:49,292,4210,django.server,ERROR,basehttp.py:157,"GET /api/v1/menu/list/ HTTP/1.1" 500 17205
2020-05-20 17:29:17,902,5342,django.request,ERROR,log.py:228,Internal Server Error: /singleapi/
Traceback (most recent call last):
  File "/Users/zhuzhanhao/opt/anaconda3/envs/py37/lib/python3.7/site-packages/django/core/handlers/exception.py", line 34, in inner
    response = get_response(request)
  File "/Users/zhuzhanhao/opt/anaconda3/envs/py37/lib/python3.7/site-packages/django/core/handlers/base.py", line 115, in _get_response
    response = self.process_exception_by_middleware(e, request)
  File "/Users/zhuzhanhao/opt/anaconda3/envs/py37/lib/python3.7/site-packages/django/core/handlers/base.py", line 113, in _get_response
    response = wrapped_callback(request, *callback_args, **callback_kwargs)
  File "/Users/zhuzhanhao/AutomationTest/ApiTest/api/renderHtml.py", line 152, in singleapi_views
    for value in tdrapi.valuse():
AttributeError: 'dict' object has no attribute 'valuse'
2020-05-20 17:29:17,903,5342,django.server,ERROR,basehttp.py:157,"GET /singleapi/?system=tdr HTTP/1.1" 500 68939
2020-05-20 20:01:34,184,7324,django.request,ERROR,log.py:228,Internal Server Error: /api/v1/singleapi/list/
Traceback (most recent call last):
  File "D:\Anaconda3\envs\test\lib\site-packages\django\core\handlers\exception.py", line 34, in inner
    response = get_response(request)
  File "D:\Anaconda3\envs\test\lib\site-packages\django\core\handlers\base.py", line 115, in _get_response
    response = self.process_exception_by_middleware(e, request)
  File "D:\Anaconda3\envs\test\lib\site-packages\django\core\handlers\base.py", line 113, in _get_response
    response = wrapped_callback(request, *callback_args, **callback_kwargs)
  File "D:\Anaconda3\envs\test\lib\site-packages\django\views\decorators\csrf.py", line 54, in wrapped_view
    return view_func(*args, **kwargs)
  File "D:\Anaconda3\envs\test\lib\site-packages\django\views\generic\base.py", line 71, in view
    return self.dispatch(request, *args, **kwargs)
  File "D:\Anaconda3\envs\test\lib\site-packages\rest_framework\views.py", line 505, in dispatch
    response = self.handle_exception(exc)
  File "D:\Anaconda3\envs\test\lib\site-packages\rest_framework\views.py", line 465, in handle_exception
    self.raise_uncaught_exception(exc)
  File "D:\Anaconda3\envs\test\lib\site-packages\rest_framework\views.py", line 476, in raise_uncaught_exception
    raise exc
  File "D:\Anaconda3\envs\test\lib\site-packages\rest_framework\views.py", line 502, in dispatch
    response = handler(request, *args, **kwargs)
  File "D:\python\project\AutomationTest\ApiTest\api\singleApiList.py", line 53, in get
    print(apilists)
UnboundLocalError: local variable 'apilists' referenced before assignment
2020-05-20 20:01:34,185,7324,django.server,ERROR,basehttp.py:157,"GET /api/v1/singleapi/list/?page=1&limit=10&belong=&system= HTTP/1.1" 500 17201
2020-05-20 20:01:40,731,7324,django.request,ERROR,log.py:228,Internal Server Error: /api/v1/menu/list/
Traceback (most recent call last):
  File "D:\Anaconda3\envs\test\lib\site-packages\redis\connection.py", line 198, in _read_from_socket
    data = recv(self._sock, socket_read_size)
  File "D:\Anaconda3\envs\test\lib\site-packages\redis\_compat.py", line 72, in recv
    return sock.recv(*args, **kwargs)
TimeoutError: [WinError 10060] 由于连接方在一段时间后没有正确答复或连接的主机没有反应，连接尝试失败。

During handling of the above exception, another exception occurred:

Traceback (most recent call last):
  File "D:\Anaconda3\envs\test\lib\site-packages\django\core\handlers\exception.py", line 34, in inner
    response = get_response(request)
  File "D:\Anaconda3\envs\test\lib\site-packages\django\core\handlers\base.py", line 115, in _get_response
    response = self.process_exception_by_middleware(e, request)
  File "D:\Anaconda3\envs\test\lib\site-packages\django\core\handlers\base.py", line 113, in _get_response
    response = wrapped_callback(request, *callback_args, **callback_kwargs)
  File "D:\Anaconda3\envs\test\lib\site-packages\django\views\decorators\csrf.py", line 54, in wrapped_view
    return view_func(*args, **kwargs)
  File "D:\Anaconda3\envs\test\lib\site-packages\django\views\generic\base.py", line 71, in view
    return self.dispatch(request, *args, **kwargs)
  File "D:\Anaconda3\envs\test\lib\site-packages\rest_framework\views.py", line 505, in dispatch
    response = self.handle_exception(exc)
  File "D:\Anaconda3\envs\test\lib\site-packages\rest_framework\views.py", line 465, in handle_exception
    self.raise_uncaught_exception(exc)
  File "D:\Anaconda3\envs\test\lib\site-packages\rest_framework\views.py", line 476, in raise_uncaught_exception
    raise exc
  File "D:\Anaconda3\envs\test\lib\site-packages\rest_framework\views.py", line 502, in dispatch
    response = handler(request, *args, **kwargs)
  File "D:\python\project\AutomationTest\ApiTest\api\Menu.py", line 42, in get
    menu_list = conn.get("menu")
  File "D:\Anaconda3\envs\test\lib\site-packages\redis\client.py", line 1606, in get
    return self.execute_command('GET', name)
  File "D:\Anaconda3\envs\test\lib\site-packages\redis\client.py", line 901, in execute_command
    return self.parse_response(conn, command_name, **options)
  File "D:\Anaconda3\envs\test\lib\site-packages\redis\client.py", line 915, in parse_response
    response = connection.read_response()
  File "D:\Anaconda3\envs\test\lib\site-packages\redis\connection.py", line 730, in read_response
    response = self._parser.read_response()
  File "D:\Anaconda3\envs\test\lib\site-packages\redis\connection.py", line 321, in read_response
    raw = self._buffer.readline()
  File "D:\Anaconda3\envs\test\lib\site-packages\redis\connection.py", line 256, in readline
    self._read_from_socket()
  File "D:\Anaconda3\envs\test\lib\site-packages\redis\connection.py", line 223, in _read_from_socket
    (ex.args,))
redis.exceptions.ConnectionError: Error while reading from socket: (10060, '由于连接方在一段时间后没有正确答复或连接的主机没有反应，连接尝试失败。', None, 10060, None)
2020-05-20 20:08:16,638,2660,django.request,ERROR,log.py:228,Internal Server Error: /api/v1/menu/list/
Traceback (most recent call last):
  File "D:\Anaconda3\envs\test\lib\site-packages\redis\connection.py", line 198, in _read_from_socket
    data = recv(self._sock, socket_read_size)
  File "D:\Anaconda3\envs\test\lib\site-packages\redis\_compat.py", line 72, in recv
    return sock.recv(*args, **kwargs)
TimeoutError: [WinError 10060] 由于连接方在一段时间后没有正确答复或连接的主机没有反应，连接尝试失败。

During handling of the above exception, another exception occurred:

Traceback (most recent call last):
  File "D:\Anaconda3\envs\test\lib\site-packages\django\core\handlers\exception.py", line 34, in inner
    response = get_response(request)
  File "D:\Anaconda3\envs\test\lib\site-packages\django\core\handlers\base.py", line 115, in _get_response
    response = self.process_exception_by_middleware(e, request)
  File "D:\Anaconda3\envs\test\lib\site-packages\django\core\handlers\base.py", line 113, in _get_response
    response = wrapped_callback(request, *callback_args, **callback_kwargs)
  File "D:\Anaconda3\envs\test\lib\site-packages\django\views\decorators\csrf.py", line 54, in wrapped_view
    return view_func(*args, **kwargs)
  File "D:\Anaconda3\envs\test\lib\site-packages\django\views\generic\base.py", line 71, in view
    return self.dispatch(request, *args, **kwargs)
  File "D:\Anaconda3\envs\test\lib\site-packages\rest_framework\views.py", line 505, in dispatch
    response = self.handle_exception(exc)
  File "D:\Anaconda3\envs\test\lib\site-packages\rest_framework\views.py", line 465, in handle_exception
    self.raise_uncaught_exception(exc)
  File "D:\Anaconda3\envs\test\lib\site-packages\rest_framework\views.py", line 476, in raise_uncaught_exception
    raise exc
  File "D:\Anaconda3\envs\test\lib\site-packages\rest_framework\views.py", line 502, in dispatch
    response = handler(request, *args, **kwargs)
  File "D:\python\project\AutomationTest\ApiTest\api\Menu.py", line 43, in get
    menu_list = conn.get("menu")
  File "D:\Anaconda3\envs\test\lib\site-packages\redis\client.py", line 1606, in get
    return self.execute_command('GET', name)
  File "D:\Anaconda3\envs\test\lib\site-packages\redis\client.py", line 901, in execute_command
    return self.parse_response(conn, command_name, **options)
  File "D:\Anaconda3\envs\test\lib\site-packages\redis\client.py", line 915, in parse_response
    response = connection.read_response()
  File "D:\Anaconda3\envs\test\lib\site-packages\redis\connection.py", line 730, in read_response
    response = self._parser.read_response()
  File "D:\Anaconda3\envs\test\lib\site-packages\redis\connection.py", line 321, in read_response
    raw = self._buffer.readline()
  File "D:\Anaconda3\envs\test\lib\site-packages\redis\connection.py", line 256, in readline
    self._read_from_socket()
  File "D:\Anaconda3\envs\test\lib\site-packages\redis\connection.py", line 223, in _read_from_socket
    (ex.args,))
redis.exceptions.ConnectionError: Error while reading from socket: (10060, '由于连接方在一段时间后没有正确答复或连接的主机没有反应，连接尝试失败。', None, 10060, None)
2020-05-20 20:08:16,642,2660,django.server,ERROR,basehttp.py:157,"GET /api/v1/menu/list/ HTTP/1.1" 500 18704
2020-05-20 22:10:06,404,10856,django.request,ERROR,log.py:228,Internal Server Error: /api/v1/menu/lists/
Traceback (most recent call last):
  File "D:\Anaconda3\envs\test\lib\site-packages\django\core\handlers\exception.py", line 34, in inner
    response = get_response(request)
  File "D:\Anaconda3\envs\test\lib\site-packages\django\core\handlers\base.py", line 115, in _get_response
    response = self.process_exception_by_middleware(e, request)
  File "D:\Anaconda3\envs\test\lib\site-packages\django\core\handlers\base.py", line 113, in _get_response
    response = wrapped_callback(request, *callback_args, **callback_kwargs)
  File "D:\Anaconda3\envs\test\lib\site-packages\django\views\decorators\csrf.py", line 54, in wrapped_view
    return view_func(*args, **kwargs)
  File "D:\Anaconda3\envs\test\lib\site-packages\django\views\generic\base.py", line 71, in view
    return self.dispatch(request, *args, **kwargs)
  File "D:\Anaconda3\envs\test\lib\site-packages\rest_framework\views.py", line 505, in dispatch
    response = self.handle_exception(exc)
  File "D:\Anaconda3\envs\test\lib\site-packages\rest_framework\views.py", line 465, in handle_exception
    self.raise_uncaught_exception(exc)
  File "D:\Anaconda3\envs\test\lib\site-packages\rest_framework\views.py", line 476, in raise_uncaught_exception
    raise exc
  File "D:\Anaconda3\envs\test\lib\site-packages\rest_framework\views.py", line 502, in dispatch
    response = handler(request, *args, **kwargs)
  File "D:\python\project\AutomationTest\ApiTest\api\Menu.py", line 115, in get
    left[1]['children'] = single.data
KeyError: 1
2020-05-20 22:10:06,407,10856,django.server,ERROR,basehttp.py:157,"GET /api/v1/menu/lists/?area=single&_=1589983806177 HTTP/1.1" 500 17055
2020-05-20 22:51:22,345,11140,django.request,ERROR,log.py:228,Internal Server Error: /api/v1/menu/lists/
Traceback (most recent call last):
  File "D:\Anaconda3\envs\test\lib\site-packages\django\core\handlers\exception.py", line 34, in inner
    response = get_response(request)
  File "D:\Anaconda3\envs\test\lib\site-packages\django\core\handlers\base.py", line 115, in _get_response
    response = self.process_exception_by_middleware(e, request)
  File "D:\Anaconda3\envs\test\lib\site-packages\django\core\handlers\base.py", line 113, in _get_response
    response = wrapped_callback(request, *callback_args, **callback_kwargs)
  File "D:\Anaconda3\envs\test\lib\site-packages\django\views\decorators\csrf.py", line 54, in wrapped_view
    return view_func(*args, **kwargs)
  File "D:\Anaconda3\envs\test\lib\site-packages\django\views\generic\base.py", line 71, in view
    return self.dispatch(request, *args, **kwargs)
  File "D:\Anaconda3\envs\test\lib\site-packages\rest_framework\views.py", line 505, in dispatch
    response = self.handle_exception(exc)
  File "D:\Anaconda3\envs\test\lib\site-packages\rest_framework\views.py", line 465, in handle_exception
    self.raise_uncaught_exception(exc)
  File "D:\Anaconda3\envs\test\lib\site-packages\rest_framework\views.py", line 476, in raise_uncaught_exception
    raise exc
  File "D:\Anaconda3\envs\test\lib\site-packages\rest_framework\views.py", line 502, in dispatch
    response = handler(request, *args, **kwargs)
  File "D:\python\project\AutomationTest\ApiTest\api\Menu.py", line 108, in get
    area = json.loads(data.get("area", ""))
  File "D:\Anaconda3\envs\test\lib\json\__init__.py", line 348, in loads
    return _default_decoder.decode(s)
  File "D:\Anaconda3\envs\test\lib\json\decoder.py", line 337, in decode
    obj, end = self.raw_decode(s, idx=_w(s, 0).end())
  File "D:\Anaconda3\envs\test\lib\json\decoder.py", line 355, in raw_decode
    raise JSONDecodeError("Expecting value", s, err.value) from None
json.decoder.JSONDecodeError: Expecting value: line 1 column 1 (char 0)
2020-05-20 22:51:22,347,11140,django.server,ERROR,basehttp.py:157,"GET /api/v1/menu/lists/?area=single HTTP/1.1" 500 17363
2020-05-20 23:03:11,344,9872,django.request,ERROR,log.py:228,Internal Server Error: /api/v1/menu/lists/
Traceback (most recent call last):
  File "D:\Anaconda3\envs\test\lib\site-packages\django\core\handlers\exception.py", line 34, in inner
    response = get_response(request)
  File "D:\Anaconda3\envs\test\lib\site-packages\django\core\handlers\base.py", line 115, in _get_response
    response = self.process_exception_by_middleware(e, request)
  File "D:\Anaconda3\envs\test\lib\site-packages\django\core\handlers\base.py", line 113, in _get_response
    response = wrapped_callback(request, *callback_args, **callback_kwargs)
  File "D:\Anaconda3\envs\test\lib\site-packages\django\views\decorators\csrf.py", line 54, in wrapped_view
    return view_func(*args, **kwargs)
  File "D:\Anaconda3\envs\test\lib\site-packages\django\views\generic\base.py", line 71, in view
    return self.dispatch(request, *args, **kwargs)
  File "D:\Anaconda3\envs\test\lib\site-packages\rest_framework\views.py", line 505, in dispatch
    response = self.handle_exception(exc)
  File "D:\Anaconda3\envs\test\lib\site-packages\rest_framework\views.py", line 465, in handle_exception
    self.raise_uncaught_exception(exc)
  File "D:\Anaconda3\envs\test\lib\site-packages\rest_framework\views.py", line 476, in raise_uncaught_exception
    raise exc
  File "D:\Anaconda3\envs\test\lib\site-packages\rest_framework\views.py", line 502, in dispatch
    response = handler(request, *args, **kwargs)
  File "D:\python\project\AutomationTest\ApiTest\api\Menu.py", line 116, in get
    l = parent_menu.title
AttributeError: 'QuerySet' object has no attribute 'title'
2020-05-20 23:03:11,345,9872,django.server,ERROR,basehttp.py:157,"GET /api/v1/menu/lists/?area=single HTTP/1.1" 500 16773
2020-05-20 23:06:21,669,11248,django.request,ERROR,log.py:228,Internal Server Error: /api/v1/menu/lists/
Traceback (most recent call last):
  File "D:\Anaconda3\envs\test\lib\site-packages\django\core\handlers\exception.py", line 34, in inner
    response = get_response(request)
  File "D:\Anaconda3\envs\test\lib\site-packages\django\core\handlers\base.py", line 115, in _get_response
    response = self.process_exception_by_middleware(e, request)
  File "D:\Anaconda3\envs\test\lib\site-packages\django\core\handlers\base.py", line 113, in _get_response
    response = wrapped_callback(request, *callback_args, **callback_kwargs)
  File "D:\Anaconda3\envs\test\lib\site-packages\django\views\decorators\csrf.py", line 54, in wrapped_view
    return view_func(*args, **kwargs)
  File "D:\Anaconda3\envs\test\lib\site-packages\django\views\generic\base.py", line 71, in view
    return self.dispatch(request, *args, **kwargs)
  File "D:\Anaconda3\envs\test\lib\site-packages\rest_framework\views.py", line 505, in dispatch
    response = self.handle_exception(exc)
  File "D:\Anaconda3\envs\test\lib\site-packages\rest_framework\views.py", line 465, in handle_exception
    self.raise_uncaught_exception(exc)
  File "D:\Anaconda3\envs\test\lib\site-packages\rest_framework\views.py", line 476, in raise_uncaught_exception
    raise exc
  File "D:\Anaconda3\envs\test\lib\site-packages\rest_framework\views.py", line 502, in dispatch
    response = handler(request, *args, **kwargs)
  File "D:\python\project\AutomationTest\ApiTest\api\Menu.py", line 119, in get
    for i in single_count:
TypeError: 'int' object is not iterable
2020-05-20 23:06:21,670,11248,django.server,ERROR,basehttp.py:157,"GET /api/v1/menu/lists/?area=single HTTP/1.1" 500 16736
2020-05-20 23:08:25,083,9800,django.request,ERROR,log.py:228,Internal Server Error: /api/v1/menu/lists/
Traceback (most recent call last):
  File "D:\Anaconda3\envs\test\lib\site-packages\django\core\handlers\exception.py", line 34, in inner
    response = get_response(request)
  File "D:\Anaconda3\envs\test\lib\site-packages\django\core\handlers\base.py", line 115, in _get_response
    response = self.process_exception_by_middleware(e, request)
  File "D:\Anaconda3\envs\test\lib\site-packages\django\core\handlers\base.py", line 113, in _get_response
    response = wrapped_callback(request, *callback_args, **callback_kwargs)
  File "D:\Anaconda3\envs\test\lib\site-packages\django\views\decorators\csrf.py", line 54, in wrapped_view
    return view_func(*args, **kwargs)
  File "D:\Anaconda3\envs\test\lib\site-packages\django\views\generic\base.py", line 71, in view
    return self.dispatch(request, *args, **kwargs)
  File "D:\Anaconda3\envs\test\lib\site-packages\rest_framework\views.py", line 505, in dispatch
    response = self.handle_exception(exc)
  File "D:\Anaconda3\envs\test\lib\site-packages\rest_framework\views.py", line 465, in handle_exception
    self.raise_uncaught_exception(exc)
  File "D:\Anaconda3\envs\test\lib\site-packages\rest_framework\views.py", line 476, in raise_uncaught_exception
    raise exc
  File "D:\Anaconda3\envs\test\lib\site-packages\rest_framework\views.py", line 502, in dispatch
    response = handler(request, *args, **kwargs)
  File "D:\python\project\AutomationTest\ApiTest\api\Menu.py", line 118, in get
    dic[i]["children"] = ChildMenu.objects.filter(classification__title=title_list[i])
KeyError: 1
2020-05-20 23:08:25,084,9800,django.server,ERROR,basehttp.py:157,"GET /api/v1/menu/lists/?area=single HTTP/1.1" 500 16740
2020-05-20 23:11:15,677,1896,django.request,ERROR,log.py:228,Internal Server Error: /api/v1/menu/lists/
Traceback (most recent call last):
  File "D:\Anaconda3\envs\test\lib\site-packages\django\core\handlers\exception.py", line 34, in inner
    response = get_response(request)
  File "D:\Anaconda3\envs\test\lib\site-packages\django\core\handlers\base.py", line 115, in _get_response
    response = self.process_exception_by_middleware(e, request)
  File "D:\Anaconda3\envs\test\lib\site-packages\django\core\handlers\base.py", line 113, in _get_response
    response = wrapped_callback(request, *callback_args, **callback_kwargs)
  File "D:\Anaconda3\envs\test\lib\site-packages\django\views\decorators\csrf.py", line 54, in wrapped_view
    return view_func(*args, **kwargs)
  File "D:\Anaconda3\envs\test\lib\site-packages\django\views\generic\base.py", line 71, in view
    return self.dispatch(request, *args, **kwargs)
  File "D:\Anaconda3\envs\test\lib\site-packages\rest_framework\views.py", line 505, in dispatch
    response = self.handle_exception(exc)
  File "D:\Anaconda3\envs\test\lib\site-packages\rest_framework\views.py", line 465, in handle_exception
    self.raise_uncaught_exception(exc)
  File "D:\Anaconda3\envs\test\lib\site-packages\rest_framework\views.py", line 476, in raise_uncaught_exception
    raise exc
  File "D:\Anaconda3\envs\test\lib\site-packages\rest_framework\views.py", line 502, in dispatch
    response = handler(request, *args, **kwargs)
  File "D:\python\project\AutomationTest\ApiTest\api\Menu.py", line 118, in get
    dic["single"][i]["children"] = ChildMenu.objects.filter(classification__title=title_list[i])
IndexError: list index out of range
2020-05-20 23:11:15,679,1896,django.server,ERROR,basehttp.py:157,"GET /api/v1/menu/lists/?area=single HTTP/1.1" 500 16798
2020-05-20 23:11:50,072,3448,django.request,ERROR,log.py:228,Internal Server Error: /api/v1/menu/lists/
Traceback (most recent call last):
  File "D:\Anaconda3\envs\test\lib\site-packages\django\core\handlers\exception.py", line 34, in inner
    response = get_response(request)
  File "D:\Anaconda3\envs\test\lib\site-packages\django\core\handlers\base.py", line 115, in _get_response
    response = self.process_exception_by_middleware(e, request)
  File "D:\Anaconda3\envs\test\lib\site-packages\django\core\handlers\base.py", line 113, in _get_response
    response = wrapped_callback(request, *callback_args, **callback_kwargs)
  File "D:\Anaconda3\envs\test\lib\site-packages\django\views\decorators\csrf.py", line 54, in wrapped_view
    return view_func(*args, **kwargs)
  File "D:\Anaconda3\envs\test\lib\site-packages\django\views\generic\base.py", line 71, in view
    return self.dispatch(request, *args, **kwargs)
  File "D:\Anaconda3\envs\test\lib\site-packages\rest_framework\views.py", line 505, in dispatch
    response = self.handle_exception(exc)
  File "D:\Anaconda3\envs\test\lib\site-packages\rest_framework\views.py", line 465, in handle_exception
    self.raise_uncaught_exception(exc)
  File "D:\Anaconda3\envs\test\lib\site-packages\rest_framework\views.py", line 476, in raise_uncaught_exception
    raise exc
  File "D:\Anaconda3\envs\test\lib\site-packages\rest_framework\views.py", line 502, in dispatch
    response = handler(request, *args, **kwargs)
  File "D:\python\project\AutomationTest\ApiTest\api\Menu.py", line 118, in get
    print(ChildMenu.objects.filter(classification__title=title_list[i]))
IndexError: list index out of range
2020-05-20 23:11:50,072,3448,django.server,ERROR,basehttp.py:157,"GET /api/v1/menu/lists/?area=single HTTP/1.1" 500 16774
2020-05-20 23:12:25,505,8324,django.request,ERROR,log.py:228,Internal Server Error: /api/v1/menu/lists/
Traceback (most recent call last):
  File "D:\Anaconda3\envs\test\lib\site-packages\django\core\handlers\exception.py", line 34, in inner
    response = get_response(request)
  File "D:\Anaconda3\envs\test\lib\site-packages\django\core\handlers\base.py", line 145, in _get_response
    response = self.process_exception_by_middleware(e, request)
  File "D:\Anaconda3\envs\test\lib\site-packages\django\core\handlers\base.py", line 143, in _get_response
    response = response.render()
  File "D:\Anaconda3\envs\test\lib\site-packages\django\template\response.py", line 105, in render
    self.content = self.rendered_content
  File "D:\Anaconda3\envs\test\lib\site-packages\rest_framework\response.py", line 70, in rendered_content
    ret = renderer.render(self.data, accepted_media_type, context)
  File "D:\Anaconda3\envs\test\lib\site-packages\rest_framework\renderers.py", line 103, in render
    allow_nan=not self.strict, separators=separators
  File "D:\Anaconda3\envs\test\lib\site-packages\rest_framework\utils\json.py", line 25, in dumps
    return json.dumps(*args, **kwargs)
  File "D:\Anaconda3\envs\test\lib\json\__init__.py", line 238, in dumps
    **kw).encode(obj)
  File "D:\Anaconda3\envs\test\lib\json\encoder.py", line 199, in encode
    chunks = self.iterencode(o, _one_shot=True)
  File "D:\Anaconda3\envs\test\lib\json\encoder.py", line 257, in iterencode
    return _iterencode(o, 0)
  File "D:\Anaconda3\envs\test\lib\site-packages\rest_framework\utils\encoders.py", line 67, in default
    return super().default(obj)
  File "D:\Anaconda3\envs\test\lib\json\encoder.py", line 179, in default
    raise TypeError(f'Object of type {o.__class__.__name__} '
TypeError: Object of type ChildMenu is not JSON serializable
2020-05-20 23:12:25,507,8324,django.server,ERROR,basehttp.py:157,"GET /api/v1/menu/lists/?area=single HTTP/1.1" 500 124589
2020-05-20 23:13:08,541,9720,django.request,ERROR,log.py:228,Internal Server Error: /api/v1/menu/lists/
Traceback (most recent call last):
  File "D:\Anaconda3\envs\test\lib\site-packages\django\core\handlers\exception.py", line 34, in inner
    response = get_response(request)
  File "D:\Anaconda3\envs\test\lib\site-packages\django\core\handlers\base.py", line 115, in _get_response
    response = self.process_exception_by_middleware(e, request)
  File "D:\Anaconda3\envs\test\lib\site-packages\django\core\handlers\base.py", line 113, in _get_response
    response = wrapped_callback(request, *callback_args, **callback_kwargs)
  File "D:\Anaconda3\envs\test\lib\site-packages\django\views\decorators\csrf.py", line 54, in wrapped_view
    return view_func(*args, **kwargs)
  File "D:\Anaconda3\envs\test\lib\site-packages\django\views\generic\base.py", line 71, in view
    return self.dispatch(request, *args, **kwargs)
  File "D:\Anaconda3\envs\test\lib\site-packages\rest_framework\views.py", line 505, in dispatch
    response = self.handle_exception(exc)
  File "D:\Anaconda3\envs\test\lib\site-packages\rest_framework\views.py", line 465, in handle_exception
    self.raise_uncaught_exception(exc)
  File "D:\Anaconda3\envs\test\lib\site-packages\rest_framework\views.py", line 476, in raise_uncaught_exception
    raise exc
  File "D:\Anaconda3\envs\test\lib\site-packages\rest_framework\views.py", line 502, in dispatch
    response = handler(request, *args, **kwargs)
  File "D:\python\project\AutomationTest\ApiTest\api\Menu.py", line 118, in get
    print(ChildMenu.objects.filter(classification__title=title_list[i]).data)
AttributeError: 'QuerySet' object has no attribute 'data'
2020-05-20 23:13:08,543,9720,django.server,ERROR,basehttp.py:157,"GET /api/v1/menu/lists/?area=single HTTP/1.1" 500 16823
2020-05-20 23:22:24,049,2396,django.request,ERROR,log.py:228,Internal Server Error: /api/v1/menu/lists/
Traceback (most recent call last):
  File "D:\Anaconda3\envs\test\lib\site-packages\django\core\handlers\exception.py", line 34, in inner
    response = get_response(request)
  File "D:\Anaconda3\envs\test\lib\site-packages\django\core\handlers\base.py", line 115, in _get_response
    response = self.process_exception_by_middleware(e, request)
  File "D:\Anaconda3\envs\test\lib\site-packages\django\core\handlers\base.py", line 113, in _get_response
    response = wrapped_callback(request, *callback_args, **callback_kwargs)
  File "D:\Anaconda3\envs\test\lib\site-packages\django\views\decorators\csrf.py", line 54, in wrapped_view
    return view_func(*args, **kwargs)
  File "D:\Anaconda3\envs\test\lib\site-packages\django\views\generic\base.py", line 71, in view
    return self.dispatch(request, *args, **kwargs)
  File "D:\Anaconda3\envs\test\lib\site-packages\rest_framework\views.py", line 507, in dispatch
    self.response = self.finalize_response(request, response, *args, **kwargs)
  File "D:\Anaconda3\envs\test\lib\site-packages\rest_framework\views.py", line 422, in finalize_response
    % type(response)
AssertionError: Expected a `Response`, `HttpResponse` or `HttpStreamingResponse` to be returned from the view, but received a `<class 'NoneType'>`
2020-05-20 23:22:24,051,2396,django.server,ERROR,basehttp.py:157,"GET /api/v1/menu/lists/?area=automation&_=1589988053578 HTTP/1.1" 500 16909
2020-05-20 23:37:23,684,2948,django.request,ERROR,log.py:228,Internal Server Error: /api/v1/menu/lists/
Traceback (most recent call last):
  File "D:\Anaconda3\envs\test\lib\site-packages\django\core\handlers\exception.py", line 34, in inner
    response = get_response(request)
  File "D:\Anaconda3\envs\test\lib\site-packages\django\core\handlers\base.py", line 115, in _get_response
    response = self.process_exception_by_middleware(e, request)
  File "D:\Anaconda3\envs\test\lib\site-packages\django\core\handlers\base.py", line 113, in _get_response
    response = wrapped_callback(request, *callback_args, **callback_kwargs)
  File "D:\Anaconda3\envs\test\lib\site-packages\django\views\decorators\csrf.py", line 54, in wrapped_view
    return view_func(*args, **kwargs)
  File "D:\Anaconda3\envs\test\lib\site-packages\django\views\generic\base.py", line 71, in view
    return self.dispatch(request, *args, **kwargs)
  File "D:\Anaconda3\envs\test\lib\site-packages\rest_framework\views.py", line 507, in dispatch
    self.response = self.finalize_response(request, response, *args, **kwargs)
  File "D:\Anaconda3\envs\test\lib\site-packages\rest_framework\views.py", line 422, in finalize_response
    % type(response)
AssertionError: Expected a `Response`, `HttpResponse` or `HttpStreamingResponse` to be returned from the view, but received a `<class 'NoneType'>`
2020-05-20 23:37:23,685,2948,django.server,ERROR,basehttp.py:157,"GET /api/v1/menu/lists/?area=automation&_=1589989030501 HTTP/1.1" 500 16909
2020-05-20 23:41:51,250,2948,django.request,ERROR,log.py:228,Internal Server Error: /processapi/
Traceback (most recent call last):
  File "D:\Anaconda3\envs\test\lib\site-packages\django\core\handlers\exception.py", line 34, in inner
    response = get_response(request)
  File "D:\Anaconda3\envs\test\lib\site-packages\django\core\handlers\base.py", line 115, in _get_response
    response = self.process_exception_by_middleware(e, request)
  File "D:\Anaconda3\envs\test\lib\site-packages\django\core\handlers\base.py", line 113, in _get_response
    response = wrapped_callback(request, *callback_args, **callback_kwargs)
  File "D:\python\project\AutomationTest\ApiTest\api\renderHtml.py", line 192, in processapi_views
    for value in tdrapi.valuse():
AttributeError: 'dict' object has no attribute 'valuse'
2020-05-20 23:41:51,251,2948,django.server,ERROR,basehttp.py:157,"GET /processapi/?system=tdr&belong=login HTTP/1.1" 500 70391
2020-05-20 23:41:55,228,2948,django.request,ERROR,log.py:228,Internal Server Error: /processapi/
Traceback (most recent call last):
  File "D:\Anaconda3\envs\test\lib\site-packages\django\core\handlers\exception.py", line 34, in inner
    response = get_response(request)
  File "D:\Anaconda3\envs\test\lib\site-packages\django\core\handlers\base.py", line 115, in _get_response
    response = self.process_exception_by_middleware(e, request)
  File "D:\Anaconda3\envs\test\lib\site-packages\django\core\handlers\base.py", line 113, in _get_response
    response = wrapped_callback(request, *callback_args, **callback_kwargs)
  File "D:\python\project\AutomationTest\ApiTest\api\renderHtml.py", line 192, in processapi_views
    for value in tdrapi.valuse():
AttributeError: 'dict' object has no attribute 'valuse'
2020-05-20 23:41:55,229,2948,django.server,ERROR,basehttp.py:157,"GET /processapi/?system=tdr HTTP/1.1" 500 70136
2020-05-20 23:42:31,601,9424,django.request,ERROR,log.py:228,Internal Server Error: /api/v1/menu/lists/
Traceback (most recent call last):
  File "D:\Anaconda3\envs\test\lib\site-packages\django\core\handlers\exception.py", line 34, in inner
    response = get_response(request)
  File "D:\Anaconda3\envs\test\lib\site-packages\django\core\handlers\base.py", line 115, in _get_response
    response = self.process_exception_by_middleware(e, request)
  File "D:\Anaconda3\envs\test\lib\site-packages\django\core\handlers\base.py", line 113, in _get_response
    response = wrapped_callback(request, *callback_args, **callback_kwargs)
  File "D:\Anaconda3\envs\test\lib\site-packages\django\views\decorators\csrf.py", line 54, in wrapped_view
    return view_func(*args, **kwargs)
  File "D:\Anaconda3\envs\test\lib\site-packages\django\views\generic\base.py", line 71, in view
    return self.dispatch(request, *args, **kwargs)
  File "D:\Anaconda3\envs\test\lib\site-packages\rest_framework\views.py", line 507, in dispatch
    self.response = self.finalize_response(request, response, *args, **kwargs)
  File "D:\Anaconda3\envs\test\lib\site-packages\rest_framework\views.py", line 422, in finalize_response
    % type(response)
AssertionError: Expected a `Response`, `HttpResponse` or `HttpStreamingResponse` to be returned from the view, but received a `<class 'NoneType'>`
2020-05-20 23:42:31,602,9424,django.server,ERROR,basehttp.py:157,"GET /api/v1/menu/lists/?area=automation&_=1589989343172 HTTP/1.1" 500 16909
2020-05-20 23:42:33,286,9424,django.request,ERROR,log.py:228,Internal Server Error: /api/v1/menu/lists/
Traceback (most recent call last):
  File "D:\Anaconda3\envs\test\lib\site-packages\django\core\handlers\exception.py", line 34, in inner
    response = get_response(request)
  File "D:\Anaconda3\envs\test\lib\site-packages\django\core\handlers\base.py", line 115, in _get_response
    response = self.process_exception_by_middleware(e, request)
  File "D:\Anaconda3\envs\test\lib\site-packages\django\core\handlers\base.py", line 113, in _get_response
    response = wrapped_callback(request, *callback_args, **callback_kwargs)
  File "D:\Anaconda3\envs\test\lib\site-packages\django\views\decorators\csrf.py", line 54, in wrapped_view
    return view_func(*args, **kwargs)
  File "D:\Anaconda3\envs\test\lib\site-packages\django\views\generic\base.py", line 71, in view
    return self.dispatch(request, *args, **kwargs)
  File "D:\Anaconda3\envs\test\lib\site-packages\rest_framework\views.py", line 507, in dispatch
    self.response = self.finalize_response(request, response, *args, **kwargs)
  File "D:\Anaconda3\envs\test\lib\site-packages\rest_framework\views.py", line 422, in finalize_response
    % type(response)
AssertionError: Expected a `Response`, `HttpResponse` or `HttpStreamingResponse` to be returned from the view, but received a `<class 'NoneType'>`
2020-05-20 23:42:33,288,9424,django.server,ERROR,basehttp.py:157,"GET /api/v1/menu/lists/?area=systemeSttings&_=1589989343173 HTTP/1.1" 500 16921
2020-05-20 23:44:09,183,8304,django.request,ERROR,log.py:228,Internal Server Error: /api/v1/singleapi/list/
Traceback (most recent call last):
  File "D:\Anaconda3\envs\test\lib\site-packages\django\core\handlers\exception.py", line 34, in inner
    response = get_response(request)
  File "D:\Anaconda3\envs\test\lib\site-packages\django\core\handlers\base.py", line 115, in _get_response
    response = self.process_exception_by_middleware(e, request)
  File "D:\Anaconda3\envs\test\lib\site-packages\django\core\handlers\base.py", line 113, in _get_response
    response = wrapped_callback(request, *callback_args, **callback_kwargs)
  File "D:\Anaconda3\envs\test\lib\site-packages\django\views\decorators\csrf.py", line 54, in wrapped_view
    return view_func(*args, **kwargs)
  File "D:\Anaconda3\envs\test\lib\site-packages\django\views\generic\base.py", line 71, in view
    return self.dispatch(request, *args, **kwargs)
  File "D:\Anaconda3\envs\test\lib\site-packages\rest_framework\views.py", line 505, in dispatch
    response = self.handle_exception(exc)
  File "D:\Anaconda3\envs\test\lib\site-packages\rest_framework\views.py", line 465, in handle_exception
    self.raise_uncaught_exception(exc)
  File "D:\Anaconda3\envs\test\lib\site-packages\rest_framework\views.py", line 476, in raise_uncaught_exception
    raise exc
  File "D:\Anaconda3\envs\test\lib\site-packages\rest_framework\views.py", line 502, in dispatch
    response = handler(request, *args, **kwargs)
  File "D:\python\project\AutomationTest\ApiTest\api\singleApiList.py", line 53, in get
    print(apilists)
UnboundLocalError: local variable 'apilists' referenced before assignment
2020-05-20 23:44:09,184,8304,django.server,ERROR,basehttp.py:157,"GET /api/v1/singleapi/list/?page=1&limit=10&belong=&system= HTTP/1.1" 500 17201
2020-05-21 13:06:46,463,4372,django.request,ERROR,log.py:228,Internal Server Error: /api/v1/menu/lists/
Traceback (most recent call last):
  File "/Users/zhuzhanhao/opt/anaconda3/envs/py37/lib/python3.7/site-packages/django/core/handlers/exception.py", line 34, in inner
    response = get_response(request)
  File "/Users/zhuzhanhao/opt/anaconda3/envs/py37/lib/python3.7/site-packages/django/core/handlers/base.py", line 115, in _get_response
    response = self.process_exception_by_middleware(e, request)
  File "/Users/zhuzhanhao/opt/anaconda3/envs/py37/lib/python3.7/site-packages/django/core/handlers/base.py", line 113, in _get_response
    response = wrapped_callback(request, *callback_args, **callback_kwargs)
  File "/Users/zhuzhanhao/opt/anaconda3/envs/py37/lib/python3.7/site-packages/django/views/decorators/csrf.py", line 54, in wrapped_view
    return view_func(*args, **kwargs)
  File "/Users/zhuzhanhao/opt/anaconda3/envs/py37/lib/python3.7/site-packages/django/views/generic/base.py", line 71, in view
    return self.dispatch(request, *args, **kwargs)
  File "/Users/zhuzhanhao/opt/anaconda3/envs/py37/lib/python3.7/site-packages/rest_framework/views.py", line 505, in dispatch
    response = self.handle_exception(exc)
  File "/Users/zhuzhanhao/opt/anaconda3/envs/py37/lib/python3.7/site-packages/rest_framework/views.py", line 465, in handle_exception
    self.raise_uncaught_exception(exc)
  File "/Users/zhuzhanhao/opt/anaconda3/envs/py37/lib/python3.7/site-packages/rest_framework/views.py", line 476, in raise_uncaught_exception
    raise exc
  File "/Users/zhuzhanhao/opt/anaconda3/envs/py37/lib/python3.7/site-packages/rest_framework/views.py", line 502, in dispatch
    response = handler(request, *args, **kwargs)
  File "/Users/zhuzhanhao/AutomationTest/ApiTest/api/Menu.py", line 104, in get
    dic["title"] = area_list[i]
IndexError: list index out of range
2020-05-21 13:06:46,470,4372,django.server,ERROR,basehttp.py:157,"GET /api/v1/menu/lists/ HTTP/1.1" 500 16109
2020-05-21 16:10:16,303,6171,django.request,ERROR,log.py:228,Internal Server Error: /api/v1/menu/table/
Traceback (most recent call last):
  File "/Users/zhuzhanhao/opt/anaconda3/envs/py37/lib/python3.7/site-packages/django/core/handlers/exception.py", line 34, in inner
    response = get_response(request)
  File "/Users/zhuzhanhao/opt/anaconda3/envs/py37/lib/python3.7/site-packages/django/core/handlers/base.py", line 115, in _get_response
    response = self.process_exception_by_middleware(e, request)
  File "/Users/zhuzhanhao/opt/anaconda3/envs/py37/lib/python3.7/site-packages/django/core/handlers/base.py", line 113, in _get_response
    response = wrapped_callback(request, *callback_args, **callback_kwargs)
  File "/Users/zhuzhanhao/opt/anaconda3/envs/py37/lib/python3.7/site-packages/django/views/decorators/csrf.py", line 54, in wrapped_view
    return view_func(*args, **kwargs)
  File "/Users/zhuzhanhao/opt/anaconda3/envs/py37/lib/python3.7/site-packages/django/views/generic/base.py", line 71, in view
    return self.dispatch(request, *args, **kwargs)
  File "/Users/zhuzhanhao/opt/anaconda3/envs/py37/lib/python3.7/site-packages/rest_framework/views.py", line 505, in dispatch
    response = self.handle_exception(exc)
  File "/Users/zhuzhanhao/opt/anaconda3/envs/py37/lib/python3.7/site-packages/rest_framework/views.py", line 465, in handle_exception
    self.raise_uncaught_exception(exc)
  File "/Users/zhuzhanhao/opt/anaconda3/envs/py37/lib/python3.7/site-packages/rest_framework/views.py", line 476, in raise_uncaught_exception
    raise exc
  File "/Users/zhuzhanhao/opt/anaconda3/envs/py37/lib/python3.7/site-packages/rest_framework/views.py", line 502, in dispatch
    response = handler(request, *args, **kwargs)
TypeError: get() got an unexpected keyword argument 'version'
2020-05-21 16:10:16,308,6171,django.server,ERROR,basehttp.py:157,"GET /api/v1/menu/table/ HTTP/1.1" 500 16049
2020-05-21 16:10:56,908,6192,django.request,ERROR,log.py:228,Internal Server Error: /api/v1/menu/table/
Traceback (most recent call last):
  File "/Users/zhuzhanhao/opt/anaconda3/envs/py37/lib/python3.7/site-packages/django/db/models/fields/__init__.py", line 1772, in get_prep_value
    return int(value)
ValueError: invalid literal for int() with base 10: 'Ermsュｆ璇'

The above exception was the direct cause of the following exception:

Traceback (most recent call last):
  File "/Users/zhuzhanhao/opt/anaconda3/envs/py37/lib/python3.7/site-packages/django/core/handlers/exception.py", line 34, in inner
    response = get_response(request)
  File "/Users/zhuzhanhao/opt/anaconda3/envs/py37/lib/python3.7/site-packages/django/core/handlers/base.py", line 115, in _get_response
    response = self.process_exception_by_middleware(e, request)
  File "/Users/zhuzhanhao/opt/anaconda3/envs/py37/lib/python3.7/site-packages/django/core/handlers/base.py", line 113, in _get_response
    response = wrapped_callback(request, *callback_args, **callback_kwargs)
  File "/Users/zhuzhanhao/opt/anaconda3/envs/py37/lib/python3.7/site-packages/django/views/decorators/csrf.py", line 54, in wrapped_view
    return view_func(*args, **kwargs)
  File "/Users/zhuzhanhao/opt/anaconda3/envs/py37/lib/python3.7/site-packages/django/views/generic/base.py", line 71, in view
    return self.dispatch(request, *args, **kwargs)
  File "/Users/zhuzhanhao/opt/anaconda3/envs/py37/lib/python3.7/site-packages/rest_framework/views.py", line 505, in dispatch
    response = self.handle_exception(exc)
  File "/Users/zhuzhanhao/opt/anaconda3/envs/py37/lib/python3.7/site-packages/rest_framework/views.py", line 465, in handle_exception
    self.raise_uncaught_exception(exc)
  File "/Users/zhuzhanhao/opt/anaconda3/envs/py37/lib/python3.7/site-packages/rest_framework/views.py", line 476, in raise_uncaught_exception
    raise exc
  File "/Users/zhuzhanhao/opt/anaconda3/envs/py37/lib/python3.7/site-packages/rest_framework/views.py", line 502, in dispatch
    response = handler(request, *args, **kwargs)
  File "/Users/zhuzhanhao/AutomationTest/ApiTest/api/Menu.py", line 214, in get
    ser = ChildMenuSerializers(ChildMenu.objects.filter(classification="Ermsュｆ璇"), many=True).data
  File "/Users/zhuzhanhao/opt/anaconda3/envs/py37/lib/python3.7/site-packages/django/db/models/manager.py", line 82, in manager_method
    return getattr(self.get_queryset(), name)(*args, **kwargs)
  File "/Users/zhuzhanhao/opt/anaconda3/envs/py37/lib/python3.7/site-packages/django/db/models/query.py", line 904, in filter
    return self._filter_or_exclude(False, *args, **kwargs)
  File "/Users/zhuzhanhao/opt/anaconda3/envs/py37/lib/python3.7/site-packages/django/db/models/query.py", line 923, in _filter_or_exclude
    clone.query.add_q(Q(*args, **kwargs))
  File "/Users/zhuzhanhao/opt/anaconda3/envs/py37/lib/python3.7/site-packages/django/db/models/sql/query.py", line 1350, in add_q
    clause, _ = self._add_q(q_object, self.used_aliases)
  File "/Users/zhuzhanhao/opt/anaconda3/envs/py37/lib/python3.7/site-packages/django/db/models/sql/query.py", line 1381, in _add_q
    check_filterable=check_filterable,
  File "/Users/zhuzhanhao/opt/anaconda3/envs/py37/lib/python3.7/site-packages/django/db/models/sql/query.py", line 1311, in build_filter
    condition = self.build_lookup(lookups, col, value)
  File "/Users/zhuzhanhao/opt/anaconda3/envs/py37/lib/python3.7/site-packages/django/db/models/sql/query.py", line 1165, in build_lookup
    lookup = lookup_class(lhs, rhs)
  File "/Users/zhuzhanhao/opt/anaconda3/envs/py37/lib/python3.7/site-packages/django/db/models/lookups.py", line 22, in __init__
    self.rhs = self.get_prep_lookup()
  File "/Users/zhuzhanhao/opt/anaconda3/envs/py37/lib/python3.7/site-packages/django/db/models/fields/related_lookups.py", line 115, in get_prep_lookup
    self.rhs = target_field.get_prep_value(self.rhs)
  File "/Users/zhuzhanhao/opt/anaconda3/envs/py37/lib/python3.7/site-packages/django/db/models/fields/__init__.py", line 1776, in get_prep_value
    ) from e
ValueError: Field 'id' expected a number but got 'Ermsュｆ璇'.
2020-05-21 16:10:56,919,6192,django.server,ERROR,basehttp.py:157,"GET /api/v1/menu/table/ HTTP/1.1" 500 18364
2020-05-21 17:27:35,661,6861,django.request,ERROR,log.py:228,Internal Server Error: /api/v1/menu/table/
Traceback (most recent call last):
  File "/Users/zhuzhanhao/opt/anaconda3/envs/py37/lib/python3.7/site-packages/django/core/handlers/exception.py", line 34, in inner
    response = get_response(request)
  File "/Users/zhuzhanhao/opt/anaconda3/envs/py37/lib/python3.7/site-packages/django/core/handlers/base.py", line 115, in _get_response
    response = self.process_exception_by_middleware(e, request)
  File "/Users/zhuzhanhao/opt/anaconda3/envs/py37/lib/python3.7/site-packages/django/core/handlers/base.py", line 113, in _get_response
    response = wrapped_callback(request, *callback_args, **callback_kwargs)
  File "/Users/zhuzhanhao/opt/anaconda3/envs/py37/lib/python3.7/site-packages/django/views/decorators/csrf.py", line 54, in wrapped_view
    return view_func(*args, **kwargs)
  File "/Users/zhuzhanhao/opt/anaconda3/envs/py37/lib/python3.7/site-packages/django/views/generic/base.py", line 71, in view
    return self.dispatch(request, *args, **kwargs)
  File "/Users/zhuzhanhao/opt/anaconda3/envs/py37/lib/python3.7/site-packages/rest_framework/views.py", line 505, in dispatch
    response = self.handle_exception(exc)
  File "/Users/zhuzhanhao/opt/anaconda3/envs/py37/lib/python3.7/site-packages/rest_framework/views.py", line 465, in handle_exception
    self.raise_uncaught_exception(exc)
  File "/Users/zhuzhanhao/opt/anaconda3/envs/py37/lib/python3.7/site-packages/rest_framework/views.py", line 476, in raise_uncaught_exception
    raise exc
  File "/Users/zhuzhanhao/opt/anaconda3/envs/py37/lib/python3.7/site-packages/rest_framework/views.py", line 502, in dispatch
    response = handler(request, *args, **kwargs)
  File "/Users/zhuzhanhao/AutomationTest/ApiTest/api/Menu.py", line 220, in get
    pageInator = Paginator(serializer.data, pagesize)
AttributeError: 'ReturnList' object has no attribute 'data'
2020-05-21 17:27:35,678,6861,django.server,ERROR,basehttp.py:157,"GET /api/v1/menu/table/?page=1&limit=10 HTTP/1.1" 500 16915
2020-05-21 19:39:32,992,7028,django.request,ERROR,log.py:228,Internal Server Error: /api/v1/menu/list/
Traceback (most recent call last):
  File "/Users/zhuzhanhao/opt/anaconda3/envs/py37/lib/python3.7/site-packages/redis/connection.py", line 198, in _read_from_socket
    data = recv(self._sock, socket_read_size)
  File "/Users/zhuzhanhao/opt/anaconda3/envs/py37/lib/python3.7/site-packages/redis/_compat.py", line 72, in recv
    return sock.recv(*args, **kwargs)
TimeoutError: [Errno 60] Operation timed out

During handling of the above exception, another exception occurred:

Traceback (most recent call last):
  File "/Users/zhuzhanhao/opt/anaconda3/envs/py37/lib/python3.7/site-packages/django/core/handlers/exception.py", line 34, in inner
    response = get_response(request)
  File "/Users/zhuzhanhao/opt/anaconda3/envs/py37/lib/python3.7/site-packages/django/core/handlers/base.py", line 115, in _get_response
    response = self.process_exception_by_middleware(e, request)
  File "/Users/zhuzhanhao/opt/anaconda3/envs/py37/lib/python3.7/site-packages/django/core/handlers/base.py", line 113, in _get_response
    response = wrapped_callback(request, *callback_args, **callback_kwargs)
  File "/Users/zhuzhanhao/opt/anaconda3/envs/py37/lib/python3.7/site-packages/django/views/decorators/csrf.py", line 54, in wrapped_view
    return view_func(*args, **kwargs)
  File "/Users/zhuzhanhao/opt/anaconda3/envs/py37/lib/python3.7/site-packages/django/views/generic/base.py", line 71, in view
    return self.dispatch(request, *args, **kwargs)
  File "/Users/zhuzhanhao/opt/anaconda3/envs/py37/lib/python3.7/site-packages/rest_framework/views.py", line 505, in dispatch
    response = self.handle_exception(exc)
  File "/Users/zhuzhanhao/opt/anaconda3/envs/py37/lib/python3.7/site-packages/rest_framework/views.py", line 465, in handle_exception
    self.raise_uncaught_exception(exc)
  File "/Users/zhuzhanhao/opt/anaconda3/envs/py37/lib/python3.7/site-packages/rest_framework/views.py", line 476, in raise_uncaught_exception
    raise exc
  File "/Users/zhuzhanhao/opt/anaconda3/envs/py37/lib/python3.7/site-packages/rest_framework/views.py", line 502, in dispatch
    response = handler(request, *args, **kwargs)
  File "/Users/zhuzhanhao/AutomationTest/ApiTest/api/Menu.py", line 153, in get
    single_menu_list = conn.get("single_menu_list")
  File "/Users/zhuzhanhao/opt/anaconda3/envs/py37/lib/python3.7/site-packages/redis/client.py", line 1606, in get
    return self.execute_command('GET', name)
  File "/Users/zhuzhanhao/opt/anaconda3/envs/py37/lib/python3.7/site-packages/redis/client.py", line 901, in execute_command
    return self.parse_response(conn, command_name, **options)
  File "/Users/zhuzhanhao/opt/anaconda3/envs/py37/lib/python3.7/site-packages/redis/client.py", line 915, in parse_response
    response = connection.read_response()
  File "/Users/zhuzhanhao/opt/anaconda3/envs/py37/lib/python3.7/site-packages/redis/connection.py", line 730, in read_response
    response = self._parser.read_response()
  File "/Users/zhuzhanhao/opt/anaconda3/envs/py37/lib/python3.7/site-packages/redis/connection.py", line 321, in read_response
    raw = self._buffer.readline()
  File "/Users/zhuzhanhao/opt/anaconda3/envs/py37/lib/python3.7/site-packages/redis/connection.py", line 256, in readline
    self._read_from_socket()
  File "/Users/zhuzhanhao/opt/anaconda3/envs/py37/lib/python3.7/site-packages/redis/connection.py", line 223, in _read_from_socket
    (ex.args,))
redis.exceptions.ConnectionError: Error while reading from socket: (60, 'Operation timed out')
2020-05-21 19:39:33,003,7028,django.server,ERROR,basehttp.py:157,"GET /api/v1/menu/list/?area=single&_=1590061154248 HTTP/1.1" 500 18501
2020-05-21 21:14:56,431,1516,django.request,ERROR,log.py:228,Internal Server Error: /api/v1/menu/list/
Traceback (most recent call last):
  File "D:\Anaconda3\envs\test\lib\site-packages\redis\connection.py", line 198, in _read_from_socket
    data = recv(self._sock, socket_read_size)
  File "D:\Anaconda3\envs\test\lib\site-packages\redis\_compat.py", line 72, in recv
    return sock.recv(*args, **kwargs)
TimeoutError: [WinError 10060] 由于连接方在一段时间后没有正确答复或连接的主机没有反应，连接尝试失败。

During handling of the above exception, another exception occurred:

Traceback (most recent call last):
  File "D:\Anaconda3\envs\test\lib\site-packages\django\core\handlers\exception.py", line 34, in inner
    response = get_response(request)
  File "D:\Anaconda3\envs\test\lib\site-packages\django\core\handlers\base.py", line 115, in _get_response
    response = self.process_exception_by_middleware(e, request)
  File "D:\Anaconda3\envs\test\lib\site-packages\django\core\handlers\base.py", line 113, in _get_response
    response = wrapped_callback(request, *callback_args, **callback_kwargs)
  File "D:\Anaconda3\envs\test\lib\site-packages\django\views\decorators\csrf.py", line 54, in wrapped_view
    return view_func(*args, **kwargs)
  File "D:\Anaconda3\envs\test\lib\site-packages\django\views\generic\base.py", line 71, in view
    return self.dispatch(request, *args, **kwargs)
  File "D:\Anaconda3\envs\test\lib\site-packages\rest_framework\views.py", line 505, in dispatch
    response = self.handle_exception(exc)
  File "D:\Anaconda3\envs\test\lib\site-packages\rest_framework\views.py", line 465, in handle_exception
    self.raise_uncaught_exception(exc)
  File "D:\Anaconda3\envs\test\lib\site-packages\rest_framework\views.py", line 476, in raise_uncaught_exception
    raise exc
  File "D:\Anaconda3\envs\test\lib\site-packages\rest_framework\views.py", line 502, in dispatch
    response = handler(request, *args, **kwargs)
  File "D:\python\project\AutomationTest\ApiTest\api\Menu.py", line 153, in get
    single_menu_list = conn.get("single_menu_list")
  File "D:\Anaconda3\envs\test\lib\site-packages\redis\client.py", line 1606, in get
    return self.execute_command('GET', name)
  File "D:\Anaconda3\envs\test\lib\site-packages\redis\client.py", line 901, in execute_command
    return self.parse_response(conn, command_name, **options)
  File "D:\Anaconda3\envs\test\lib\site-packages\redis\client.py", line 915, in parse_response
    response = connection.read_response()
  File "D:\Anaconda3\envs\test\lib\site-packages\redis\connection.py", line 730, in read_response
    response = self._parser.read_response()
  File "D:\Anaconda3\envs\test\lib\site-packages\redis\connection.py", line 321, in read_response
    raw = self._buffer.readline()
  File "D:\Anaconda3\envs\test\lib\site-packages\redis\connection.py", line 256, in readline
    self._read_from_socket()
  File "D:\Anaconda3\envs\test\lib\site-packages\redis\connection.py", line 223, in _read_from_socket
    (ex.args,))
redis.exceptions.ConnectionError: Error while reading from socket: (10060, '由于连接方在一段时间后没有正确答复或连接的主机没有反应，连接尝试失败。', None, 10060, None)
2020-05-21 21:14:56,436,1516,django.server,ERROR,basehttp.py:157,"GET /api/v1/menu/list/?area=single&_=1590066877404 HTTP/1.1" 500 18857
2020-05-21 21:58:21,561,1516,django.request,ERROR,log.py:228,Internal Server Error: /api/v1/menu/list/
Traceback (most recent call last):
  File "D:\Anaconda3\envs\test\lib\site-packages\redis\connection.py", line 198, in _read_from_socket
    data = recv(self._sock, socket_read_size)
  File "D:\Anaconda3\envs\test\lib\site-packages\redis\_compat.py", line 72, in recv
    return sock.recv(*args, **kwargs)
TimeoutError: [WinError 10060] 由于连接方在一段时间后没有正确答复或连接的主机没有反应，连接尝试失败。

During handling of the above exception, another exception occurred:

Traceback (most recent call last):
  File "D:\Anaconda3\envs\test\lib\site-packages\django\core\handlers\exception.py", line 34, in inner
    response = get_response(request)
  File "D:\Anaconda3\envs\test\lib\site-packages\django\core\handlers\base.py", line 115, in _get_response
    response = self.process_exception_by_middleware(e, request)
  File "D:\Anaconda3\envs\test\lib\site-packages\django\core\handlers\base.py", line 113, in _get_response
    response = wrapped_callback(request, *callback_args, **callback_kwargs)
  File "D:\Anaconda3\envs\test\lib\site-packages\django\views\decorators\csrf.py", line 54, in wrapped_view
    return view_func(*args, **kwargs)
  File "D:\Anaconda3\envs\test\lib\site-packages\django\views\generic\base.py", line 71, in view
    return self.dispatch(request, *args, **kwargs)
  File "D:\Anaconda3\envs\test\lib\site-packages\rest_framework\views.py", line 505, in dispatch
    response = self.handle_exception(exc)
  File "D:\Anaconda3\envs\test\lib\site-packages\rest_framework\views.py", line 465, in handle_exception
    self.raise_uncaught_exception(exc)
  File "D:\Anaconda3\envs\test\lib\site-packages\rest_framework\views.py", line 476, in raise_uncaught_exception
    raise exc
  File "D:\Anaconda3\envs\test\lib\site-packages\rest_framework\views.py", line 502, in dispatch
    response = handler(request, *args, **kwargs)
  File "D:\python\project\AutomationTest\ApiTest\api\Menu.py", line 153, in get
    single_menu_list = conn.get("single_menu_list")
  File "D:\Anaconda3\envs\test\lib\site-packages\redis\client.py", line 1606, in get
    return self.execute_command('GET', name)
  File "D:\Anaconda3\envs\test\lib\site-packages\redis\client.py", line 901, in execute_command
    return self.parse_response(conn, command_name, **options)
  File "D:\Anaconda3\envs\test\lib\site-packages\redis\client.py", line 915, in parse_response
    response = connection.read_response()
  File "D:\Anaconda3\envs\test\lib\site-packages\redis\connection.py", line 730, in read_response
    response = self._parser.read_response()
  File "D:\Anaconda3\envs\test\lib\site-packages\redis\connection.py", line 321, in read_response
    raw = self._buffer.readline()
  File "D:\Anaconda3\envs\test\lib\site-packages\redis\connection.py", line 256, in readline
    self._read_from_socket()
  File "D:\Anaconda3\envs\test\lib\site-packages\redis\connection.py", line 223, in _read_from_socket
    (ex.args,))
redis.exceptions.ConnectionError: Error while reading from socket: (10060, '由于连接方在一段时间后没有正确答复或连接的主机没有反应，连接尝试失败。', None, 10060, None)
2020-05-21 21:58:29,964,1516,django.request,ERROR,log.py:228,Internal Server Error: /api/v1/menu/list/
Traceback (most recent call last):
  File "D:\Anaconda3\envs\test\lib\site-packages\redis\connection.py", line 198, in _read_from_socket
    data = recv(self._sock, socket_read_size)
  File "D:\Anaconda3\envs\test\lib\site-packages\redis\_compat.py", line 72, in recv
    return sock.recv(*args, **kwargs)
TimeoutError: [WinError 10060] 由于连接方在一段时间后没有正确答复或连接的主机没有反应，连接尝试失败。

During handling of the above exception, another exception occurred:

Traceback (most recent call last):
  File "D:\Anaconda3\envs\test\lib\site-packages\django\core\handlers\exception.py", line 34, in inner
    response = get_response(request)
  File "D:\Anaconda3\envs\test\lib\site-packages\django\core\handlers\base.py", line 115, in _get_response
    response = self.process_exception_by_middleware(e, request)
  File "D:\Anaconda3\envs\test\lib\site-packages\django\core\handlers\base.py", line 113, in _get_response
    response = wrapped_callback(request, *callback_args, **callback_kwargs)
  File "D:\Anaconda3\envs\test\lib\site-packages\django\views\decorators\csrf.py", line 54, in wrapped_view
    return view_func(*args, **kwargs)
  File "D:\Anaconda3\envs\test\lib\site-packages\django\views\generic\base.py", line 71, in view
    return self.dispatch(request, *args, **kwargs)
  File "D:\Anaconda3\envs\test\lib\site-packages\rest_framework\views.py", line 505, in dispatch
    response = self.handle_exception(exc)
  File "D:\Anaconda3\envs\test\lib\site-packages\rest_framework\views.py", line 465, in handle_exception
    self.raise_uncaught_exception(exc)
  File "D:\Anaconda3\envs\test\lib\site-packages\rest_framework\views.py", line 476, in raise_uncaught_exception
    raise exc
  File "D:\Anaconda3\envs\test\lib\site-packages\rest_framework\views.py", line 502, in dispatch
    response = handler(request, *args, **kwargs)
  File "D:\python\project\AutomationTest\ApiTest\api\Menu.py", line 153, in get
    single_menu_list = conn.get("single_menu_list")
  File "D:\Anaconda3\envs\test\lib\site-packages\redis\client.py", line 1606, in get
    return self.execute_command('GET', name)
  File "D:\Anaconda3\envs\test\lib\site-packages\redis\client.py", line 901, in execute_command
    return self.parse_response(conn, command_name, **options)
  File "D:\Anaconda3\envs\test\lib\site-packages\redis\client.py", line 915, in parse_response
    response = connection.read_response()
  File "D:\Anaconda3\envs\test\lib\site-packages\redis\connection.py", line 730, in read_response
    response = self._parser.read_response()
  File "D:\Anaconda3\envs\test\lib\site-packages\redis\connection.py", line 321, in read_response
    raw = self._buffer.readline()
  File "D:\Anaconda3\envs\test\lib\site-packages\redis\connection.py", line 256, in readline
    self._read_from_socket()
  File "D:\Anaconda3\envs\test\lib\site-packages\redis\connection.py", line 223, in _read_from_socket
    (ex.args,))
redis.exceptions.ConnectionError: Error while reading from socket: (10060, '由于连接方在一段时间后没有正确答复或连接的主机没有反应，连接尝试失败。', None, 10060, None)
2020-05-21 21:58:29,966,1516,django.server,ERROR,basehttp.py:157,"GET /api/v1/menu/list/?area=single&_=1590069490269 HTTP/1.1" 500 18857
2020-05-21 22:51:34,149,11212,django.request,ERROR,log.py:228,Internal Server Error: /api/v1/menu/add_childmenu/
Traceback (most recent call last):
  File "D:\Anaconda3\envs\test\lib\site-packages\django\core\handlers\exception.py", line 34, in inner
    response = get_response(request)
  File "D:\Anaconda3\envs\test\lib\site-packages\django\core\handlers\base.py", line 115, in _get_response
    response = self.process_exception_by_middleware(e, request)
  File "D:\Anaconda3\envs\test\lib\site-packages\django\core\handlers\base.py", line 113, in _get_response
    response = wrapped_callback(request, *callback_args, **callback_kwargs)
  File "D:\Anaconda3\envs\test\lib\site-packages\django\views\decorators\csrf.py", line 54, in wrapped_view
    return view_func(*args, **kwargs)
  File "D:\Anaconda3\envs\test\lib\site-packages\django\views\generic\base.py", line 71, in view
    return self.dispatch(request, *args, **kwargs)
  File "D:\Anaconda3\envs\test\lib\site-packages\rest_framework\views.py", line 505, in dispatch
    response = self.handle_exception(exc)
  File "D:\Anaconda3\envs\test\lib\site-packages\rest_framework\views.py", line 465, in handle_exception
    self.raise_uncaught_exception(exc)
  File "D:\Anaconda3\envs\test\lib\site-packages\rest_framework\views.py", line 476, in raise_uncaught_exception
    raise exc
  File "D:\Anaconda3\envs\test\lib\site-packages\rest_framework\views.py", line 502, in dispatch
    response = handler(request, *args, **kwargs)
  File "D:\python\project\AutomationTest\ApiTest\api\Menu.py", line 243, in post
    classification_id = ChildMenu.objects.filter(href=data["href"]).first().classification_id
AttributeError: 'NoneType' object has no attribute 'classification_id'
2020-05-21 22:51:34,150,11212,django.server,ERROR,basehttp.py:157,"POST /api/v1/menu/add_childmenu/ HTTP/1.1" 500 17351
2020-05-21 23:18:02,839,9184,django.request,ERROR,log.py:228,Internal Server Error: /api/v1/menu/add_childmenu/
Traceback (most recent call last):
  File "D:\Anaconda3\envs\test\lib\site-packages\django\core\handlers\exception.py", line 34, in inner
    response = get_response(request)
  File "D:\Anaconda3\envs\test\lib\site-packages\django\core\handlers\base.py", line 115, in _get_response
    response = self.process_exception_by_middleware(e, request)
  File "D:\Anaconda3\envs\test\lib\site-packages\django\core\handlers\base.py", line 113, in _get_response
    response = wrapped_callback(request, *callback_args, **callback_kwargs)
  File "D:\Anaconda3\envs\test\lib\site-packages\django\views\decorators\csrf.py", line 54, in wrapped_view
    return view_func(*args, **kwargs)
  File "D:\Anaconda3\envs\test\lib\site-packages\django\views\generic\base.py", line 71, in view
    return self.dispatch(request, *args, **kwargs)
  File "D:\Anaconda3\envs\test\lib\site-packages\rest_framework\views.py", line 505, in dispatch
    response = self.handle_exception(exc)
  File "D:\Anaconda3\envs\test\lib\site-packages\rest_framework\views.py", line 465, in handle_exception
    self.raise_uncaught_exception(exc)
  File "D:\Anaconda3\envs\test\lib\site-packages\rest_framework\views.py", line 476, in raise_uncaught_exception
    raise exc
  File "D:\Anaconda3\envs\test\lib\site-packages\rest_framework\views.py", line 502, in dispatch
    response = handler(request, *args, **kwargs)
  File "D:\python\project\AutomationTest\ApiTest\api\Menu.py", line 246, in post
    data["classification_id"] = classification_id
  File "D:\Anaconda3\envs\test\lib\site-packages\django\http\request.py", line 467, in __setitem__
    self._assert_mutable()
  File "D:\Anaconda3\envs\test\lib\site-packages\django\http\request.py", line 464, in _assert_mutable
    raise AttributeError("This QueryDict instance is immutable")
AttributeError: This QueryDict instance is immutable
2020-05-21 23:18:02,841,9184,django.server,ERROR,basehttp.py:157,"POST /api/v1/menu/add_childmenu/ HTTP/1.1" 500 17322
2020-05-21 23:18:55,663,12172,django.request,ERROR,log.py:228,Internal Server Error: /api/v1/menu/add_childmenu/
Traceback (most recent call last):
  File "D:\Anaconda3\envs\test\lib\site-packages\django\core\handlers\exception.py", line 34, in inner
    response = get_response(request)
  File "D:\Anaconda3\envs\test\lib\site-packages\django\core\handlers\base.py", line 115, in _get_response
    response = self.process_exception_by_middleware(e, request)
  File "D:\Anaconda3\envs\test\lib\site-packages\django\core\handlers\base.py", line 113, in _get_response
    response = wrapped_callback(request, *callback_args, **callback_kwargs)
  File "D:\Anaconda3\envs\test\lib\site-packages\django\views\decorators\csrf.py", line 54, in wrapped_view
    return view_func(*args, **kwargs)
  File "D:\Anaconda3\envs\test\lib\site-packages\django\views\generic\base.py", line 71, in view
    return self.dispatch(request, *args, **kwargs)
  File "D:\Anaconda3\envs\test\lib\site-packages\rest_framework\views.py", line 505, in dispatch
    response = self.handle_exception(exc)
  File "D:\Anaconda3\envs\test\lib\site-packages\rest_framework\views.py", line 465, in handle_exception
    self.raise_uncaught_exception(exc)
  File "D:\Anaconda3\envs\test\lib\site-packages\rest_framework\views.py", line 476, in raise_uncaught_exception
    raise exc
  File "D:\Anaconda3\envs\test\lib\site-packages\rest_framework\views.py", line 502, in dispatch
    response = handler(request, *args, **kwargs)
  File "D:\python\project\AutomationTest\ApiTest\api\Menu.py", line 246, in post
    data["classification_id"] = classification_id
  File "D:\Anaconda3\envs\test\lib\site-packages\django\http\request.py", line 467, in __setitem__
    self._assert_mutable()
  File "D:\Anaconda3\envs\test\lib\site-packages\django\http\request.py", line 464, in _assert_mutable
    raise AttributeError("This QueryDict instance is immutable")
AttributeError: This QueryDict instance is immutable
2020-05-21 23:18:55,664,12172,django.server,ERROR,basehttp.py:157,"POST /api/v1/menu/add_childmenu/ HTTP/1.1" 500 17322
2020-05-21 23:24:30,163,4168,django.request,ERROR,log.py:228,Internal Server Error: /api/v1/menu/add_childmenu/
Traceback (most recent call last):
  File "D:\Anaconda3\envs\test\lib\site-packages\django\db\backends\utils.py", line 86, in _execute
    return self.cursor.execute(sql, params)
  File "D:\Anaconda3\envs\test\lib\site-packages\django\db\backends\mysql\base.py", line 74, in execute
    return self.cursor.execute(query, args)
  File "D:\Anaconda3\envs\test\lib\site-packages\pymysql\cursors.py", line 170, in execute
    result = self._query(query)
  File "D:\Anaconda3\envs\test\lib\site-packages\pymysql\cursors.py", line 328, in _query
    conn.query(q)
  File "D:\Anaconda3\envs\test\lib\site-packages\pymysql\connections.py", line 517, in query
    self._affected_rows = self._read_query_result(unbuffered=unbuffered)
  File "D:\Anaconda3\envs\test\lib\site-packages\pymysql\connections.py", line 732, in _read_query_result
    result.read()
  File "D:\Anaconda3\envs\test\lib\site-packages\pymysql\connections.py", line 1075, in read
    first_packet = self.connection._read_packet()
  File "D:\Anaconda3\envs\test\lib\site-packages\pymysql\connections.py", line 684, in _read_packet
    packet.check_error()
  File "D:\Anaconda3\envs\test\lib\site-packages\pymysql\protocol.py", line 220, in check_error
    err.raise_mysql_exception(self._data)
  File "D:\Anaconda3\envs\test\lib\site-packages\pymysql\err.py", line 109, in raise_mysql_exception
    raise errorclass(errno, errval)
pymysql.err.IntegrityError: (1452, 'Cannot add or update a child row: a foreign key constraint fails (`AutomationTest`.`ApiTest_childmenu`, CONSTRAINT `ApiTest_childmenu_ibfk_1` FOREIGN KEY (`classification_id`) REFERENCES `apitest_leftmenu` (`id`))')

The above exception was the direct cause of the following exception:

Traceback (most recent call last):
  File "D:\Anaconda3\envs\test\lib\site-packages\django\core\handlers\exception.py", line 34, in inner
    response = get_response(request)
  File "D:\Anaconda3\envs\test\lib\site-packages\django\core\handlers\base.py", line 115, in _get_response
    response = self.process_exception_by_middleware(e, request)
  File "D:\Anaconda3\envs\test\lib\site-packages\django\core\handlers\base.py", line 113, in _get_response
    response = wrapped_callback(request, *callback_args, **callback_kwargs)
  File "D:\Anaconda3\envs\test\lib\site-packages\django\views\decorators\csrf.py", line 54, in wrapped_view
    return view_func(*args, **kwargs)
  File "D:\Anaconda3\envs\test\lib\site-packages\django\views\generic\base.py", line 71, in view
    return self.dispatch(request, *args, **kwargs)
  File "D:\Anaconda3\envs\test\lib\site-packages\rest_framework\views.py", line 505, in dispatch
    response = self.handle_exception(exc)
  File "D:\Anaconda3\envs\test\lib\site-packages\rest_framework\views.py", line 465, in handle_exception
    self.raise_uncaught_exception(exc)
  File "D:\Anaconda3\envs\test\lib\site-packages\rest_framework\views.py", line 476, in raise_uncaught_exception
    raise exc
  File "D:\Anaconda3\envs\test\lib\site-packages\rest_framework\views.py", line 502, in dispatch
    response = handler(request, *args, **kwargs)
  File "D:\python\project\AutomationTest\ApiTest\api\Menu.py", line 251, in post
    serializer.save()
  File "D:\Anaconda3\envs\test\lib\site-packages\rest_framework\serializers.py", line 212, in save
    self.instance = self.create(validated_data)
  File "D:\Anaconda3\envs\test\lib\site-packages\rest_framework\serializers.py", line 948, in create
    instance = ModelClass._default_manager.create(**validated_data)
  File "D:\Anaconda3\envs\test\lib\site-packages\django\db\models\manager.py", line 82, in manager_method
    return getattr(self.get_queryset(), name)(*args, **kwargs)
  File "D:\Anaconda3\envs\test\lib\site-packages\django\db\models\query.py", line 433, in create
    obj.save(force_insert=True, using=self.db)
  File "D:\Anaconda3\envs\test\lib\site-packages\django\db\models\base.py", line 746, in save
    force_update=force_update, update_fields=update_fields)
  File "D:\Anaconda3\envs\test\lib\site-packages\django\db\models\base.py", line 784, in save_base
    force_update, using, update_fields,
  File "D:\Anaconda3\envs\test\lib\site-packages\django\db\models\base.py", line 887, in _save_table
    results = self._do_insert(cls._base_manager, using, fields, returning_fields, raw)
  File "D:\Anaconda3\envs\test\lib\site-packages\django\db\models\base.py", line 926, in _do_insert
    using=using, raw=raw,
  File "D:\Anaconda3\envs\test\lib\site-packages\django\db\models\manager.py", line 82, in manager_method
    return getattr(self.get_queryset(), name)(*args, **kwargs)
  File "D:\Anaconda3\envs\test\lib\site-packages\django\db\models\query.py", line 1204, in _insert
    return query.get_compiler(using=using).execute_sql(returning_fields)
  File "D:\Anaconda3\envs\test\lib\site-packages\django\db\models\sql\compiler.py", line 1391, in execute_sql
    cursor.execute(sql, params)
  File "D:\Anaconda3\envs\test\lib\site-packages\django\db\backends\utils.py", line 100, in execute
    return super().execute(sql, params)
  File "D:\Anaconda3\envs\test\lib\site-packages\django\db\backends\utils.py", line 68, in execute
    return self._execute_with_wrappers(sql, params, many=False, executor=self._execute)
  File "D:\Anaconda3\envs\test\lib\site-packages\django\db\backends\utils.py", line 77, in _execute_with_wrappers
    return executor(sql, params, many, context)
  File "D:\Anaconda3\envs\test\lib\site-packages\django\db\backends\utils.py", line 86, in _execute
    return self.cursor.execute(sql, params)
  File "D:\Anaconda3\envs\test\lib\site-packages\django\db\utils.py", line 90, in __exit__
    raise dj_exc_value.with_traceback(traceback) from exc_value
  File "D:\Anaconda3\envs\test\lib\site-packages\django\db\backends\utils.py", line 86, in _execute
    return self.cursor.execute(sql, params)
  File "D:\Anaconda3\envs\test\lib\site-packages\django\db\backends\mysql\base.py", line 74, in execute
    return self.cursor.execute(query, args)
  File "D:\Anaconda3\envs\test\lib\site-packages\pymysql\cursors.py", line 170, in execute
    result = self._query(query)
  File "D:\Anaconda3\envs\test\lib\site-packages\pymysql\cursors.py", line 328, in _query
    conn.query(q)
  File "D:\Anaconda3\envs\test\lib\site-packages\pymysql\connections.py", line 517, in query
    self._affected_rows = self._read_query_result(unbuffered=unbuffered)
  File "D:\Anaconda3\envs\test\lib\site-packages\pymysql\connections.py", line 732, in _read_query_result
    result.read()
  File "D:\Anaconda3\envs\test\lib\site-packages\pymysql\connections.py", line 1075, in read
    first_packet = self.connection._read_packet()
  File "D:\Anaconda3\envs\test\lib\site-packages\pymysql\connections.py", line 684, in _read_packet
    packet.check_error()
  File "D:\Anaconda3\envs\test\lib\site-packages\pymysql\protocol.py", line 220, in check_error
    err.raise_mysql_exception(self._data)
  File "D:\Anaconda3\envs\test\lib\site-packages\pymysql\err.py", line 109, in raise_mysql_exception
    raise errorclass(errno, errval)
django.db.utils.IntegrityError: (1452, 'Cannot add or update a child row: a foreign key constraint fails (`AutomationTest`.`ApiTest_childmenu`, CONSTRAINT `ApiTest_childmenu_ibfk_1` FOREIGN KEY (`classification_id`) REFERENCES `apitest_leftmenu` (`id`))')
2020-05-21 23:24:30,170,4168,django.server,ERROR,basehttp.py:157,"POST /api/v1/menu/add_childmenu/ HTTP/1.1" 500 22889
2020-05-21 23:57:05,006,11632,django.request,ERROR,log.py:228,Internal Server Error: /api/v1/menu/list/
Traceback (most recent call last):
  File "D:\Anaconda3\envs\test\lib\site-packages\redis\connection.py", line 198, in _read_from_socket
    data = recv(self._sock, socket_read_size)
  File "D:\Anaconda3\envs\test\lib\site-packages\redis\_compat.py", line 72, in recv
    return sock.recv(*args, **kwargs)
TimeoutError: [WinError 10060] 由于连接方在一段时间后没有正确答复或连接的主机没有反应，连接尝试失败。

During handling of the above exception, another exception occurred:

Traceback (most recent call last):
  File "D:\Anaconda3\envs\test\lib\site-packages\django\core\handlers\exception.py", line 34, in inner
    response = get_response(request)
  File "D:\Anaconda3\envs\test\lib\site-packages\django\core\handlers\base.py", line 115, in _get_response
    response = self.process_exception_by_middleware(e, request)
  File "D:\Anaconda3\envs\test\lib\site-packages\django\core\handlers\base.py", line 113, in _get_response
    response = wrapped_callback(request, *callback_args, **callback_kwargs)
  File "D:\Anaconda3\envs\test\lib\site-packages\django\views\decorators\csrf.py", line 54, in wrapped_view
    return view_func(*args, **kwargs)
  File "D:\Anaconda3\envs\test\lib\site-packages\django\views\generic\base.py", line 71, in view
    return self.dispatch(request, *args, **kwargs)
  File "D:\Anaconda3\envs\test\lib\site-packages\rest_framework\views.py", line 505, in dispatch
    response = self.handle_exception(exc)
  File "D:\Anaconda3\envs\test\lib\site-packages\rest_framework\views.py", line 465, in handle_exception
    self.raise_uncaught_exception(exc)
  File "D:\Anaconda3\envs\test\lib\site-packages\rest_framework\views.py", line 476, in raise_uncaught_exception
    raise exc
  File "D:\Anaconda3\envs\test\lib\site-packages\rest_framework\views.py", line 502, in dispatch
    response = handler(request, *args, **kwargs)
  File "D:\python\project\AutomationTest\ApiTest\api\Menu.py", line 153, in get
    single_menu_list = conn.get("single_menu_list")
  File "D:\Anaconda3\envs\test\lib\site-packages\redis\client.py", line 1606, in get
    return self.execute_command('GET', name)
  File "D:\Anaconda3\envs\test\lib\site-packages\redis\client.py", line 901, in execute_command
    return self.parse_response(conn, command_name, **options)
  File "D:\Anaconda3\envs\test\lib\site-packages\redis\client.py", line 915, in parse_response
    response = connection.read_response()
  File "D:\Anaconda3\envs\test\lib\site-packages\redis\connection.py", line 730, in read_response
    response = self._parser.read_response()
  File "D:\Anaconda3\envs\test\lib\site-packages\redis\connection.py", line 321, in read_response
    raw = self._buffer.readline()
  File "D:\Anaconda3\envs\test\lib\site-packages\redis\connection.py", line 256, in readline
    self._read_from_socket()
  File "D:\Anaconda3\envs\test\lib\site-packages\redis\connection.py", line 223, in _read_from_socket
    (ex.args,))
redis.exceptions.ConnectionError: Error while reading from socket: (10060, '由于连接方在一段时间后没有正确答复或连接的主机没有反应，连接尝试失败。', None, 10060, None)
2020-05-21 23:57:05,009,11632,django.server,ERROR,basehttp.py:157,"GET /api/v1/menu/list/?area=single&_=1590076606014 HTTP/1.1" 500 18902
2020-05-22 00:06:45,790,11632,django.request,ERROR,log.py:228,Internal Server Error: /api/v1/menu/add_childmenu/
Traceback (most recent call last):
  File "D:\Anaconda3\envs\test\lib\site-packages\django\core\handlers\exception.py", line 34, in inner
    response = get_response(request)
  File "D:\Anaconda3\envs\test\lib\site-packages\django\core\handlers\base.py", line 115, in _get_response
    response = self.process_exception_by_middleware(e, request)
  File "D:\Anaconda3\envs\test\lib\site-packages\django\core\handlers\base.py", line 113, in _get_response
    response = wrapped_callback(request, *callback_args, **callback_kwargs)
  File "D:\Anaconda3\envs\test\lib\site-packages\django\views\decorators\csrf.py", line 54, in wrapped_view
    return view_func(*args, **kwargs)
  File "D:\Anaconda3\envs\test\lib\site-packages\django\views\generic\base.py", line 71, in view
    return self.dispatch(request, *args, **kwargs)
  File "D:\Anaconda3\envs\test\lib\site-packages\rest_framework\views.py", line 505, in dispatch
    response = self.handle_exception(exc)
  File "D:\Anaconda3\envs\test\lib\site-packages\rest_framework\views.py", line 465, in handle_exception
    self.raise_uncaught_exception(exc)
  File "D:\Anaconda3\envs\test\lib\site-packages\rest_framework\views.py", line 476, in raise_uncaught_exception
    raise exc
  File "D:\Anaconda3\envs\test\lib\site-packages\rest_framework\views.py", line 502, in dispatch
    response = handler(request, *args, **kwargs)
  File "D:\python\project\AutomationTest\ApiTest\api\Menu.py", line 256, in post
    data["classification"] = classification_id
UnboundLocalError: local variable 'classification_id' referenced before assignment
2020-05-22 00:06:45,791,11632,django.server,ERROR,basehttp.py:157,"POST /api/v1/menu/add_childmenu/ HTTP/1.1" 500 17373
2020-05-22 00:11:26,434,11632,django.request,ERROR,log.py:228,Internal Server Error: /api/v1/menu/add_childmenu/
Traceback (most recent call last):
  File "D:\Anaconda3\envs\test\lib\site-packages\django\core\handlers\exception.py", line 34, in inner
    response = get_response(request)
  File "D:\Anaconda3\envs\test\lib\site-packages\django\core\handlers\base.py", line 115, in _get_response
    response = self.process_exception_by_middleware(e, request)
  File "D:\Anaconda3\envs\test\lib\site-packages\django\core\handlers\base.py", line 113, in _get_response
    response = wrapped_callback(request, *callback_args, **callback_kwargs)
  File "D:\Anaconda3\envs\test\lib\site-packages\django\views\decorators\csrf.py", line 54, in wrapped_view
    return view_func(*args, **kwargs)
  File "D:\Anaconda3\envs\test\lib\site-packages\django\views\generic\base.py", line 71, in view
    return self.dispatch(request, *args, **kwargs)
  File "D:\Anaconda3\envs\test\lib\site-packages\rest_framework\views.py", line 505, in dispatch
    response = self.handle_exception(exc)
  File "D:\Anaconda3\envs\test\lib\site-packages\rest_framework\views.py", line 465, in handle_exception
    self.raise_uncaught_exception(exc)
  File "D:\Anaconda3\envs\test\lib\site-packages\rest_framework\views.py", line 476, in raise_uncaught_exception
    raise exc
  File "D:\Anaconda3\envs\test\lib\site-packages\rest_framework\views.py", line 502, in dispatch
    response = handler(request, *args, **kwargs)
  File "D:\python\project\AutomationTest\ApiTest\api\Menu.py", line 256, in post
    data["classification"] = classification_id
UnboundLocalError: local variable 'classification_id' referenced before assignment
2020-05-22 00:11:26,435,11632,django.server,ERROR,basehttp.py:157,"POST /api/v1/menu/add_childmenu/ HTTP/1.1" 500 17373
2020-05-22 00:12:35,800,11632,django.request,ERROR,log.py:228,Internal Server Error: /api/v1/menu/add_childmenu/
Traceback (most recent call last):
  File "D:\Anaconda3\envs\test\lib\site-packages\django\core\handlers\exception.py", line 34, in inner
    response = get_response(request)
  File "D:\Anaconda3\envs\test\lib\site-packages\django\core\handlers\base.py", line 115, in _get_response
    response = self.process_exception_by_middleware(e, request)
  File "D:\Anaconda3\envs\test\lib\site-packages\django\core\handlers\base.py", line 113, in _get_response
    response = wrapped_callback(request, *callback_args, **callback_kwargs)
  File "D:\Anaconda3\envs\test\lib\site-packages\django\views\decorators\csrf.py", line 54, in wrapped_view
    return view_func(*args, **kwargs)
  File "D:\Anaconda3\envs\test\lib\site-packages\django\views\generic\base.py", line 71, in view
    return self.dispatch(request, *args, **kwargs)
  File "D:\Anaconda3\envs\test\lib\site-packages\rest_framework\views.py", line 505, in dispatch
    response = self.handle_exception(exc)
  File "D:\Anaconda3\envs\test\lib\site-packages\rest_framework\views.py", line 465, in handle_exception
    self.raise_uncaught_exception(exc)
  File "D:\Anaconda3\envs\test\lib\site-packages\rest_framework\views.py", line 476, in raise_uncaught_exception
    raise exc
  File "D:\Anaconda3\envs\test\lib\site-packages\rest_framework\views.py", line 502, in dispatch
    response = handler(request, *args, **kwargs)
  File "D:\python\project\AutomationTest\ApiTest\api\Menu.py", line 256, in post
    data["classification"] = classification_id
UnboundLocalError: local variable 'classification_id' referenced before assignment
2020-05-22 00:12:35,801,11632,django.server,ERROR,basehttp.py:157,"POST /api/v1/menu/add_childmenu/ HTTP/1.1" 500 17373
2020-05-22 00:14:00,457,11632,django.request,ERROR,log.py:228,Internal Server Error: /api/v1/menu/add_childmenu/
Traceback (most recent call last):
  File "D:\Anaconda3\envs\test\lib\site-packages\django\core\handlers\exception.py", line 34, in inner
    response = get_response(request)
  File "D:\Anaconda3\envs\test\lib\site-packages\django\core\handlers\base.py", line 115, in _get_response
    response = self.process_exception_by_middleware(e, request)
  File "D:\Anaconda3\envs\test\lib\site-packages\django\core\handlers\base.py", line 113, in _get_response
    response = wrapped_callback(request, *callback_args, **callback_kwargs)
  File "D:\Anaconda3\envs\test\lib\site-packages\django\views\decorators\csrf.py", line 54, in wrapped_view
    return view_func(*args, **kwargs)
  File "D:\Anaconda3\envs\test\lib\site-packages\django\views\generic\base.py", line 71, in view
    return self.dispatch(request, *args, **kwargs)
  File "D:\Anaconda3\envs\test\lib\site-packages\rest_framework\views.py", line 505, in dispatch
    response = self.handle_exception(exc)
  File "D:\Anaconda3\envs\test\lib\site-packages\rest_framework\views.py", line 465, in handle_exception
    self.raise_uncaught_exception(exc)
  File "D:\Anaconda3\envs\test\lib\site-packages\rest_framework\views.py", line 476, in raise_uncaught_exception
    raise exc
  File "D:\Anaconda3\envs\test\lib\site-packages\rest_framework\views.py", line 502, in dispatch
    response = handler(request, *args, **kwargs)
  File "D:\python\project\AutomationTest\ApiTest\api\Menu.py", line 256, in post
    data["classification"] = classification_id
UnboundLocalError: local variable 'classification_id' referenced before assignment
2020-05-22 00:14:00,458,11632,django.server,ERROR,basehttp.py:157,"POST /api/v1/menu/add_childmenu/ HTTP/1.1" 500 17374
2020-05-22 00:15:47,254,11632,django.request,ERROR,log.py:228,Internal Server Error: /api/v1/menu/add_childmenu/
Traceback (most recent call last):
  File "D:\Anaconda3\envs\test\lib\site-packages\django\core\handlers\exception.py", line 34, in inner
    response = get_response(request)
  File "D:\Anaconda3\envs\test\lib\site-packages\django\core\handlers\base.py", line 115, in _get_response
    response = self.process_exception_by_middleware(e, request)
  File "D:\Anaconda3\envs\test\lib\site-packages\django\core\handlers\base.py", line 113, in _get_response
    response = wrapped_callback(request, *callback_args, **callback_kwargs)
  File "D:\Anaconda3\envs\test\lib\site-packages\django\views\decorators\csrf.py", line 54, in wrapped_view
    return view_func(*args, **kwargs)
  File "D:\Anaconda3\envs\test\lib\site-packages\django\views\generic\base.py", line 71, in view
    return self.dispatch(request, *args, **kwargs)
  File "D:\Anaconda3\envs\test\lib\site-packages\rest_framework\views.py", line 505, in dispatch
    response = self.handle_exception(exc)
  File "D:\Anaconda3\envs\test\lib\site-packages\rest_framework\views.py", line 465, in handle_exception
    self.raise_uncaught_exception(exc)
  File "D:\Anaconda3\envs\test\lib\site-packages\rest_framework\views.py", line 476, in raise_uncaught_exception
    raise exc
  File "D:\Anaconda3\envs\test\lib\site-packages\rest_framework\views.py", line 502, in dispatch
    response = handler(request, *args, **kwargs)
  File "D:\python\project\AutomationTest\ApiTest\api\Menu.py", line 256, in post
    data["classification"] = classification_id
UnboundLocalError: local variable 'classification_id' referenced before assignment
2020-05-22 00:15:47,255,11632,django.server,ERROR,basehttp.py:157,"POST /api/v1/menu/add_childmenu/ HTTP/1.1" 500 17410
2020-05-22 12:42:04,983,2565,django.request,ERROR,log.py:228,Internal Server Error: /api/v1/menu/list/
Traceback (most recent call last):
  File "/Users/zhuzhanhao/opt/anaconda3/envs/py37/lib/python3.7/site-packages/redis/connection.py", line 198, in _read_from_socket
    data = recv(self._sock, socket_read_size)
  File "/Users/zhuzhanhao/opt/anaconda3/envs/py37/lib/python3.7/site-packages/redis/_compat.py", line 72, in recv
    return sock.recv(*args, **kwargs)
TimeoutError: [Errno 60] Operation timed out

During handling of the above exception, another exception occurred:

Traceback (most recent call last):
  File "/Users/zhuzhanhao/opt/anaconda3/envs/py37/lib/python3.7/site-packages/django/core/handlers/exception.py", line 34, in inner
    response = get_response(request)
  File "/Users/zhuzhanhao/opt/anaconda3/envs/py37/lib/python3.7/site-packages/django/core/handlers/base.py", line 115, in _get_response
    response = self.process_exception_by_middleware(e, request)
  File "/Users/zhuzhanhao/opt/anaconda3/envs/py37/lib/python3.7/site-packages/django/core/handlers/base.py", line 113, in _get_response
    response = wrapped_callback(request, *callback_args, **callback_kwargs)
  File "/Users/zhuzhanhao/opt/anaconda3/envs/py37/lib/python3.7/site-packages/django/views/decorators/csrf.py", line 54, in wrapped_view
    return view_func(*args, **kwargs)
  File "/Users/zhuzhanhao/opt/anaconda3/envs/py37/lib/python3.7/site-packages/django/views/generic/base.py", line 71, in view
    return self.dispatch(request, *args, **kwargs)
  File "/Users/zhuzhanhao/opt/anaconda3/envs/py37/lib/python3.7/site-packages/rest_framework/views.py", line 505, in dispatch
    response = self.handle_exception(exc)
  File "/Users/zhuzhanhao/opt/anaconda3/envs/py37/lib/python3.7/site-packages/rest_framework/views.py", line 465, in handle_exception
    self.raise_uncaught_exception(exc)
  File "/Users/zhuzhanhao/opt/anaconda3/envs/py37/lib/python3.7/site-packages/rest_framework/views.py", line 476, in raise_uncaught_exception
    raise exc
  File "/Users/zhuzhanhao/opt/anaconda3/envs/py37/lib/python3.7/site-packages/rest_framework/views.py", line 502, in dispatch
    response = handler(request, *args, **kwargs)
  File "/Users/zhuzhanhao/AutomationTest/ApiTest/api/Menu.py", line 153, in get
    single_menu_list = conn.get("single_menu_list")
  File "/Users/zhuzhanhao/opt/anaconda3/envs/py37/lib/python3.7/site-packages/redis/client.py", line 1606, in get
    return self.execute_command('GET', name)
  File "/Users/zhuzhanhao/opt/anaconda3/envs/py37/lib/python3.7/site-packages/redis/client.py", line 901, in execute_command
    return self.parse_response(conn, command_name, **options)
  File "/Users/zhuzhanhao/opt/anaconda3/envs/py37/lib/python3.7/site-packages/redis/client.py", line 915, in parse_response
    response = connection.read_response()
  File "/Users/zhuzhanhao/opt/anaconda3/envs/py37/lib/python3.7/site-packages/redis/connection.py", line 730, in read_response
    response = self._parser.read_response()
  File "/Users/zhuzhanhao/opt/anaconda3/envs/py37/lib/python3.7/site-packages/redis/connection.py", line 321, in read_response
    raw = self._buffer.readline()
  File "/Users/zhuzhanhao/opt/anaconda3/envs/py37/lib/python3.7/site-packages/redis/connection.py", line 256, in readline
    self._read_from_socket()
  File "/Users/zhuzhanhao/opt/anaconda3/envs/py37/lib/python3.7/site-packages/redis/connection.py", line 223, in _read_from_socket
    (ex.args,))
redis.exceptions.ConnectionError: Error while reading from socket: (60, 'Operation timed out')
2020-05-22 12:42:04,989,2565,django.server,ERROR,basehttp.py:157,"GET /api/v1/menu/list/?area=single HTTP/1.1" 500 18494
2020-05-22 15:04:34,733,2996,django.request,ERROR,log.py:228,Internal Server Error: /api/v1/menu/list/
Traceback (most recent call last):
  File "/Users/zhuzhanhao/opt/anaconda3/envs/py37/lib/python3.7/site-packages/redis/connection.py", line 198, in _read_from_socket
    data = recv(self._sock, socket_read_size)
  File "/Users/zhuzhanhao/opt/anaconda3/envs/py37/lib/python3.7/site-packages/redis/_compat.py", line 72, in recv
    return sock.recv(*args, **kwargs)
TimeoutError: [Errno 60] Operation timed out

During handling of the above exception, another exception occurred:

Traceback (most recent call last):
  File "/Users/zhuzhanhao/opt/anaconda3/envs/py37/lib/python3.7/site-packages/django/core/handlers/exception.py", line 34, in inner
    response = get_response(request)
  File "/Users/zhuzhanhao/opt/anaconda3/envs/py37/lib/python3.7/site-packages/django/core/handlers/base.py", line 115, in _get_response
    response = self.process_exception_by_middleware(e, request)
  File "/Users/zhuzhanhao/opt/anaconda3/envs/py37/lib/python3.7/site-packages/django/core/handlers/base.py", line 113, in _get_response
    response = wrapped_callback(request, *callback_args, **callback_kwargs)
  File "/Users/zhuzhanhao/opt/anaconda3/envs/py37/lib/python3.7/site-packages/django/views/decorators/csrf.py", line 54, in wrapped_view
    return view_func(*args, **kwargs)
  File "/Users/zhuzhanhao/opt/anaconda3/envs/py37/lib/python3.7/site-packages/django/views/generic/base.py", line 71, in view
    return self.dispatch(request, *args, **kwargs)
  File "/Users/zhuzhanhao/opt/anaconda3/envs/py37/lib/python3.7/site-packages/rest_framework/views.py", line 505, in dispatch
    response = self.handle_exception(exc)
  File "/Users/zhuzhanhao/opt/anaconda3/envs/py37/lib/python3.7/site-packages/rest_framework/views.py", line 465, in handle_exception
    self.raise_uncaught_exception(exc)
  File "/Users/zhuzhanhao/opt/anaconda3/envs/py37/lib/python3.7/site-packages/rest_framework/views.py", line 476, in raise_uncaught_exception
    raise exc
  File "/Users/zhuzhanhao/opt/anaconda3/envs/py37/lib/python3.7/site-packages/rest_framework/views.py", line 502, in dispatch
    response = handler(request, *args, **kwargs)
  File "/Users/zhuzhanhao/AutomationTest/ApiTest/api/Menu.py", line 154, in get
    single_menu_list = conn.get("single_menu_list")
  File "/Users/zhuzhanhao/opt/anaconda3/envs/py37/lib/python3.7/site-packages/redis/client.py", line 1606, in get
    return self.execute_command('GET', name)
  File "/Users/zhuzhanhao/opt/anaconda3/envs/py37/lib/python3.7/site-packages/redis/client.py", line 901, in execute_command
    return self.parse_response(conn, command_name, **options)
  File "/Users/zhuzhanhao/opt/anaconda3/envs/py37/lib/python3.7/site-packages/redis/client.py", line 915, in parse_response
    response = connection.read_response()
  File "/Users/zhuzhanhao/opt/anaconda3/envs/py37/lib/python3.7/site-packages/redis/connection.py", line 730, in read_response
    response = self._parser.read_response()
  File "/Users/zhuzhanhao/opt/anaconda3/envs/py37/lib/python3.7/site-packages/redis/connection.py", line 321, in read_response
    raw = self._buffer.readline()
  File "/Users/zhuzhanhao/opt/anaconda3/envs/py37/lib/python3.7/site-packages/redis/connection.py", line 256, in readline
    self._read_from_socket()
  File "/Users/zhuzhanhao/opt/anaconda3/envs/py37/lib/python3.7/site-packages/redis/connection.py", line 223, in _read_from_socket
    (ex.args,))
redis.exceptions.ConnectionError: Error while reading from socket: (60, 'Operation timed out')
2020-05-22 15:04:34,746,2996,django.server,ERROR,basehttp.py:157,"GET /api/v1/menu/list/?area=single HTTP/1.1" 500 18494
