2020-04-25 20:40:42,629,7396,django.request,ERROR,log.py:228,Internal Server Error: /api/v1/menu/list/
Traceback (most recent call last):
  File "D:\Anaconda3\envs\test\lib\site-packages\django\core\handlers\exception.py", line 34, in inner
    response = get_response(request)
  File "D:\Anaconda3\envs\test\lib\site-packages\django\core\handlers\base.py", line 115, in _get_response
    response = self.process_exception_by_middleware(e, request)
  File "D:\Anaconda3\envs\test\lib\site-packages\django\core\handlers\base.py", line 113, in _get_response
    response = wrapped_callback(request, *callback_args, **callback_kwargs)
  File "D:\Anaconda3\envs\test\lib\site-packages\django\views\decorators\csrf.py", line 54, in wrapped_view
    return view_func(*args, **kwargs)
  File "D:\Anaconda3\envs\test\lib\site-packages\django\views\generic\base.py", line 71, in view
    return self.dispatch(request, *args, **kwargs)
  File "D:\Anaconda3\envs\test\lib\site-packages\rest_framework\views.py", line 507, in dispatch
    self.response = self.finalize_response(request, response, *args, **kwargs)
  File "D:\Anaconda3\envs\test\lib\site-packages\rest_framework\views.py", line 422, in finalize_response
    % type(response)
AssertionError: Expected a `Response`, `HttpResponse` or `HttpStreamingResponse` to be returned from the view, but received a `<class 'dict'>`
2020-04-25 20:40:46,866,7396,django.request,ERROR,log.py:228,Internal Server Error: /api/v1/menu/list/
Traceback (most recent call last):
  File "D:\Anaconda3\envs\test\lib\site-packages\django\core\handlers\exception.py", line 34, in inner
    response = get_response(request)
  File "D:\Anaconda3\envs\test\lib\site-packages\django\core\handlers\base.py", line 115, in _get_response
    response = self.process_exception_by_middleware(e, request)
  File "D:\Anaconda3\envs\test\lib\site-packages\django\core\handlers\base.py", line 113, in _get_response
    response = wrapped_callback(request, *callback_args, **callback_kwargs)
  File "D:\Anaconda3\envs\test\lib\site-packages\django\views\decorators\csrf.py", line 54, in wrapped_view
    return view_func(*args, **kwargs)
  File "D:\Anaconda3\envs\test\lib\site-packages\django\views\generic\base.py", line 71, in view
    return self.dispatch(request, *args, **kwargs)
  File "D:\Anaconda3\envs\test\lib\site-packages\rest_framework\views.py", line 507, in dispatch
    self.response = self.finalize_response(request, response, *args, **kwargs)
  File "D:\Anaconda3\envs\test\lib\site-packages\rest_framework\views.py", line 422, in finalize_response
    % type(response)
AssertionError: Expected a `Response`, `HttpResponse` or `HttpStreamingResponse` to be returned from the view, but received a `<class 'dict'>`
2020-04-25 20:40:46,867,7396,django.server,ERROR,basehttp.py:157,"GET /api/v1/menu/list/ HTTP/1.1" 500 16189
2020-04-25 20:40:56,879,7396,django.request,ERROR,log.py:228,Internal Server Error: /api/v1/menu/list/
Traceback (most recent call last):
  File "D:\Anaconda3\envs\test\lib\site-packages\django\core\handlers\exception.py", line 34, in inner
    response = get_response(request)
  File "D:\Anaconda3\envs\test\lib\site-packages\django\core\handlers\base.py", line 115, in _get_response
    response = self.process_exception_by_middleware(e, request)
  File "D:\Anaconda3\envs\test\lib\site-packages\django\core\handlers\base.py", line 113, in _get_response
    response = wrapped_callback(request, *callback_args, **callback_kwargs)
  File "D:\Anaconda3\envs\test\lib\site-packages\django\views\decorators\csrf.py", line 54, in wrapped_view
    return view_func(*args, **kwargs)
  File "D:\Anaconda3\envs\test\lib\site-packages\django\views\generic\base.py", line 71, in view
    return self.dispatch(request, *args, **kwargs)
  File "D:\Anaconda3\envs\test\lib\site-packages\rest_framework\views.py", line 507, in dispatch
    self.response = self.finalize_response(request, response, *args, **kwargs)
  File "D:\Anaconda3\envs\test\lib\site-packages\rest_framework\views.py", line 422, in finalize_response
    % type(response)
AssertionError: Expected a `Response`, `HttpResponse` or `HttpStreamingResponse` to be returned from the view, but received a `<class 'dict'>`
2020-04-25 20:41:04,320,7396,django.request,ERROR,log.py:228,Internal Server Error: /api/v1/menu/list/
Traceback (most recent call last):
  File "D:\Anaconda3\envs\test\lib\site-packages\django\core\handlers\exception.py", line 34, in inner
    response = get_response(request)
  File "D:\Anaconda3\envs\test\lib\site-packages\django\core\handlers\base.py", line 115, in _get_response
    response = self.process_exception_by_middleware(e, request)
  File "D:\Anaconda3\envs\test\lib\site-packages\django\core\handlers\base.py", line 113, in _get_response
    response = wrapped_callback(request, *callback_args, **callback_kwargs)
  File "D:\Anaconda3\envs\test\lib\site-packages\django\views\decorators\csrf.py", line 54, in wrapped_view
    return view_func(*args, **kwargs)
  File "D:\Anaconda3\envs\test\lib\site-packages\django\views\generic\base.py", line 71, in view
    return self.dispatch(request, *args, **kwargs)
  File "D:\Anaconda3\envs\test\lib\site-packages\rest_framework\views.py", line 507, in dispatch
    self.response = self.finalize_response(request, response, *args, **kwargs)
  File "D:\Anaconda3\envs\test\lib\site-packages\rest_framework\views.py", line 422, in finalize_response
    % type(response)
AssertionError: Expected a `Response`, `HttpResponse` or `HttpStreamingResponse` to be returned from the view, but received a `<class 'dict'>`
2020-05-09 19:54:14,521,16998,django.request,ERROR,log.py:228,Internal Server Error: /api/v1/singleapi/export_report/
Traceback (most recent call last):
  File "/Users/zhuzhanhao/opt/anaconda3/envs/py37/lib/python3.7/site-packages/django/core/handlers/exception.py", line 34, in inner
    response = get_response(request)
  File "/Users/zhuzhanhao/opt/anaconda3/envs/py37/lib/python3.7/site-packages/django/core/handlers/base.py", line 115, in _get_response
    response = self.process_exception_by_middleware(e, request)
  File "/Users/zhuzhanhao/opt/anaconda3/envs/py37/lib/python3.7/site-packages/django/core/handlers/base.py", line 113, in _get_response
    response = wrapped_callback(request, *callback_args, **callback_kwargs)
  File "/Users/zhuzhanhao/opt/anaconda3/envs/py37/lib/python3.7/site-packages/django/views/decorators/csrf.py", line 54, in wrapped_view
    return view_func(*args, **kwargs)
  File "/Users/zhuzhanhao/opt/anaconda3/envs/py37/lib/python3.7/site-packages/django/views/generic/base.py", line 71, in view
    return self.dispatch(request, *args, **kwargs)
  File "/Users/zhuzhanhao/opt/anaconda3/envs/py37/lib/python3.7/site-packages/rest_framework/views.py", line 505, in dispatch
    response = self.handle_exception(exc)
  File "/Users/zhuzhanhao/opt/anaconda3/envs/py37/lib/python3.7/site-packages/rest_framework/views.py", line 465, in handle_exception
    self.raise_uncaught_exception(exc)
  File "/Users/zhuzhanhao/opt/anaconda3/envs/py37/lib/python3.7/site-packages/rest_framework/views.py", line 476, in raise_uncaught_exception
    raise exc
  File "/Users/zhuzhanhao/opt/anaconda3/envs/py37/lib/python3.7/site-packages/rest_framework/views.py", line 502, in dispatch
    response = handler(request, *args, **kwargs)
  File "/Users/zhuzhanhao/AutomationTest/ApiTest/api/pyechartExport.py", line 38, in post
    .render("./../templates/pyechartReport.html")
  File "/Users/zhuzhanhao/opt/anaconda3/envs/py37/lib/python3.7/site-packages/pyecharts/charts/base.py", line 64, in render
    return engine.render(self, path, template_name, env, **kwargs)
  File "/Users/zhuzhanhao/opt/anaconda3/envs/py37/lib/python3.7/site-packages/pyecharts/render/engine.py", line 72, in render
    template_name=template_name, chart=chart, path=path, **kwargs
  File "/Users/zhuzhanhao/opt/anaconda3/envs/py37/lib/python3.7/site-packages/pyecharts/render/engine.py", line 55, in render_chart_to_file
    write_utf8_html_file(path, html)
  File "/Users/zhuzhanhao/opt/anaconda3/envs/py37/lib/python3.7/site-packages/pyecharts/render/engine.py", line 14, in write_utf8_html_file
    with open(file_name, "w+", encoding="utf-8") as html_file:
FileNotFoundError: [Errno 2] No such file or directory: './../templates/pyechartReport.html'
2020-05-09 19:54:14,524,16998,django.server,ERROR,basehttp.py:157,"POST /api/v1/singleapi/export_report/ HTTP/1.1" 500 17601
2020-05-09 19:58:08,901,17039,django.request,ERROR,log.py:228,Internal Server Error: /api/v1/singleapi/export_report/
Traceback (most recent call last):
  File "/Users/zhuzhanhao/opt/anaconda3/envs/py37/lib/python3.7/site-packages/django/core/handlers/exception.py", line 34, in inner
    response = get_response(request)
  File "/Users/zhuzhanhao/opt/anaconda3/envs/py37/lib/python3.7/site-packages/django/core/handlers/base.py", line 115, in _get_response
    response = self.process_exception_by_middleware(e, request)
  File "/Users/zhuzhanhao/opt/anaconda3/envs/py37/lib/python3.7/site-packages/django/core/handlers/base.py", line 113, in _get_response
    response = wrapped_callback(request, *callback_args, **callback_kwargs)
  File "/Users/zhuzhanhao/opt/anaconda3/envs/py37/lib/python3.7/site-packages/django/views/decorators/csrf.py", line 54, in wrapped_view
    return view_func(*args, **kwargs)
  File "/Users/zhuzhanhao/opt/anaconda3/envs/py37/lib/python3.7/site-packages/django/views/generic/base.py", line 71, in view
    return self.dispatch(request, *args, **kwargs)
  File "/Users/zhuzhanhao/opt/anaconda3/envs/py37/lib/python3.7/site-packages/rest_framework/views.py", line 505, in dispatch
    response = self.handle_exception(exc)
  File "/Users/zhuzhanhao/opt/anaconda3/envs/py37/lib/python3.7/site-packages/rest_framework/views.py", line 465, in handle_exception
    self.raise_uncaught_exception(exc)
  File "/Users/zhuzhanhao/opt/anaconda3/envs/py37/lib/python3.7/site-packages/rest_framework/views.py", line 476, in raise_uncaught_exception
    raise exc
  File "/Users/zhuzhanhao/opt/anaconda3/envs/py37/lib/python3.7/site-packages/rest_framework/views.py", line 502, in dispatch
    response = handler(request, *args, **kwargs)
  File "/Users/zhuzhanhao/AutomationTest/ApiTest/api/pyechartExport.py", line 38, in post
    .render("../templates/pyechartReport.html")
  File "/Users/zhuzhanhao/opt/anaconda3/envs/py37/lib/python3.7/site-packages/pyecharts/charts/base.py", line 64, in render
    return engine.render(self, path, template_name, env, **kwargs)
  File "/Users/zhuzhanhao/opt/anaconda3/envs/py37/lib/python3.7/site-packages/pyecharts/render/engine.py", line 72, in render
    template_name=template_name, chart=chart, path=path, **kwargs
  File "/Users/zhuzhanhao/opt/anaconda3/envs/py37/lib/python3.7/site-packages/pyecharts/render/engine.py", line 55, in render_chart_to_file
    write_utf8_html_file(path, html)
  File "/Users/zhuzhanhao/opt/anaconda3/envs/py37/lib/python3.7/site-packages/pyecharts/render/engine.py", line 14, in write_utf8_html_file
    with open(file_name, "w+", encoding="utf-8") as html_file:
FileNotFoundError: [Errno 2] No such file or directory: '../templates/pyechartReport.html'
2020-05-09 19:58:08,902,17039,django.server,ERROR,basehttp.py:157,"POST /api/v1/singleapi/export_report/ HTTP/1.1" 500 17421
2020-05-09 22:10:33,547,17644,django.request,ERROR,log.py:228,Internal Server Error: /api/v1/singleapi/export_report/
Traceback (most recent call last):
  File "/Users/zhuzhanhao/opt/anaconda3/envs/py37/lib/python3.7/site-packages/django/core/handlers/exception.py", line 34, in inner
    response = get_response(request)
  File "/Users/zhuzhanhao/opt/anaconda3/envs/py37/lib/python3.7/site-packages/django/core/handlers/base.py", line 115, in _get_response
    response = self.process_exception_by_middleware(e, request)
  File "/Users/zhuzhanhao/opt/anaconda3/envs/py37/lib/python3.7/site-packages/django/core/handlers/base.py", line 113, in _get_response
    response = wrapped_callback(request, *callback_args, **callback_kwargs)
  File "/Users/zhuzhanhao/opt/anaconda3/envs/py37/lib/python3.7/site-packages/django/views/decorators/csrf.py", line 54, in wrapped_view
    return view_func(*args, **kwargs)
  File "/Users/zhuzhanhao/opt/anaconda3/envs/py37/lib/python3.7/site-packages/django/views/generic/base.py", line 71, in view
    return self.dispatch(request, *args, **kwargs)
  File "/Users/zhuzhanhao/opt/anaconda3/envs/py37/lib/python3.7/site-packages/rest_framework/views.py", line 505, in dispatch
    response = self.handle_exception(exc)
  File "/Users/zhuzhanhao/opt/anaconda3/envs/py37/lib/python3.7/site-packages/rest_framework/views.py", line 465, in handle_exception
    self.raise_uncaught_exception(exc)
  File "/Users/zhuzhanhao/opt/anaconda3/envs/py37/lib/python3.7/site-packages/rest_framework/views.py", line 476, in raise_uncaught_exception
    raise exc
  File "/Users/zhuzhanhao/opt/anaconda3/envs/py37/lib/python3.7/site-packages/rest_framework/views.py", line 502, in dispatch
    response = handler(request, *args, **kwargs)
  File "/Users/zhuzhanhao/AutomationTest/ApiTest/api/pyechartExport.py", line 31, in post
    .add_xaxis("璁块璺寰",url_list)
TypeError: add_xaxis() takes 2 positional arguments but 3 were given
2020-05-09 22:10:33,554,17644,django.server,ERROR,basehttp.py:157,"POST /api/v1/singleapi/export_report/ HTTP/1.1" 500 16780
2020-05-19 16:12:34,190,11517,django.request,ERROR,log.py:228,Internal Server Error: /login/
Traceback (most recent call last):
  File "/Users/zhuzhanhao/opt/anaconda3/envs/py37/lib/python3.7/site-packages/django/core/handlers/exception.py", line 34, in inner
    response = get_response(request)
  File "/Users/zhuzhanhao/opt/anaconda3/envs/py37/lib/python3.7/site-packages/django/core/handlers/base.py", line 115, in _get_response
    response = self.process_exception_by_middleware(e, request)
  File "/Users/zhuzhanhao/opt/anaconda3/envs/py37/lib/python3.7/site-packages/django/core/handlers/base.py", line 113, in _get_response
    response = wrapped_callback(request, *callback_args, **callback_kwargs)
  File "/Users/zhuzhanhao/AutomationTest/ApiTest/api/renderHtml.py", line 133, in login
    openid = tmp_code['openid']
KeyError: 'openid'
2020-05-19 16:12:34,226,11517,django.request,ERROR,log.py:228,Internal Server Error: /login/
Traceback (most recent call last):
  File "/Users/zhuzhanhao/opt/anaconda3/envs/py37/lib/python3.7/site-packages/django/core/handlers/exception.py", line 34, in inner
    response = get_response(request)
  File "/Users/zhuzhanhao/opt/anaconda3/envs/py37/lib/python3.7/site-packages/django/core/handlers/base.py", line 115, in _get_response
    response = self.process_exception_by_middleware(e, request)
  File "/Users/zhuzhanhao/opt/anaconda3/envs/py37/lib/python3.7/site-packages/django/core/handlers/base.py", line 113, in _get_response
    response = wrapped_callback(request, *callback_args, **callback_kwargs)
  File "/Users/zhuzhanhao/AutomationTest/ApiTest/api/renderHtml.py", line 133, in login
    openid = tmp_code['openid']
KeyError: 'openid'
2020-05-19 16:12:34,262,11517,django.request,ERROR,log.py:228,Internal Server Error: /login/
Traceback (most recent call last):
  File "/Users/zhuzhanhao/opt/anaconda3/envs/py37/lib/python3.7/site-packages/django/core/handlers/exception.py", line 34, in inner
    response = get_response(request)
  File "/Users/zhuzhanhao/opt/anaconda3/envs/py37/lib/python3.7/site-packages/django/core/handlers/base.py", line 115, in _get_response
    response = self.process_exception_by_middleware(e, request)
  File "/Users/zhuzhanhao/opt/anaconda3/envs/py37/lib/python3.7/site-packages/django/core/handlers/base.py", line 113, in _get_response
    response = wrapped_callback(request, *callback_args, **callback_kwargs)
  File "/Users/zhuzhanhao/AutomationTest/ApiTest/api/renderHtml.py", line 133, in login
    openid = tmp_code['openid']
KeyError: 'openid'
2020-05-19 16:12:34,312,11517,django.request,ERROR,log.py:228,Internal Server Error: /login/
Traceback (most recent call last):
  File "/Users/zhuzhanhao/opt/anaconda3/envs/py37/lib/python3.7/site-packages/django/core/handlers/exception.py", line 34, in inner
    response = get_response(request)
  File "/Users/zhuzhanhao/opt/anaconda3/envs/py37/lib/python3.7/site-packages/django/core/handlers/base.py", line 115, in _get_response
    response = self.process_exception_by_middleware(e, request)
  File "/Users/zhuzhanhao/opt/anaconda3/envs/py37/lib/python3.7/site-packages/django/core/handlers/base.py", line 113, in _get_response
    response = wrapped_callback(request, *callback_args, **callback_kwargs)
  File "/Users/zhuzhanhao/AutomationTest/ApiTest/api/renderHtml.py", line 133, in login
    openid = tmp_code['openid']
KeyError: 'openid'
2020-05-19 16:12:34,445,11517,django.request,ERROR,log.py:228,Internal Server Error: /login/
Traceback (most recent call last):
  File "/Users/zhuzhanhao/opt/anaconda3/envs/py37/lib/python3.7/site-packages/django/core/handlers/exception.py", line 34, in inner
    response = get_response(request)
  File "/Users/zhuzhanhao/opt/anaconda3/envs/py37/lib/python3.7/site-packages/django/core/handlers/base.py", line 115, in _get_response
    response = self.process_exception_by_middleware(e, request)
  File "/Users/zhuzhanhao/opt/anaconda3/envs/py37/lib/python3.7/site-packages/django/core/handlers/base.py", line 113, in _get_response
    response = wrapped_callback(request, *callback_args, **callback_kwargs)
  File "/Users/zhuzhanhao/AutomationTest/ApiTest/api/renderHtml.py", line 133, in login
    openid = tmp_code['openid']
KeyError: 'openid'
2020-05-19 16:12:34,596,11517,django.request,ERROR,log.py:228,Internal Server Error: /login/
Traceback (most recent call last):
  File "/Users/zhuzhanhao/opt/anaconda3/envs/py37/lib/python3.7/site-packages/django/core/handlers/exception.py", line 34, in inner
    response = get_response(request)
  File "/Users/zhuzhanhao/opt/anaconda3/envs/py37/lib/python3.7/site-packages/django/core/handlers/base.py", line 115, in _get_response
    response = self.process_exception_by_middleware(e, request)
  File "/Users/zhuzhanhao/opt/anaconda3/envs/py37/lib/python3.7/site-packages/django/core/handlers/base.py", line 113, in _get_response
    response = wrapped_callback(request, *callback_args, **callback_kwargs)
  File "/Users/zhuzhanhao/AutomationTest/ApiTest/api/renderHtml.py", line 133, in login
    openid = tmp_code['openid']
KeyError: 'openid'
2020-05-19 16:12:34,900,11517,django.request,ERROR,log.py:228,Internal Server Error: /login/
Traceback (most recent call last):
  File "/Users/zhuzhanhao/opt/anaconda3/envs/py37/lib/python3.7/site-packages/django/core/handlers/exception.py", line 34, in inner
    response = get_response(request)
  File "/Users/zhuzhanhao/opt/anaconda3/envs/py37/lib/python3.7/site-packages/django/core/handlers/base.py", line 115, in _get_response
    response = self.process_exception_by_middleware(e, request)
  File "/Users/zhuzhanhao/opt/anaconda3/envs/py37/lib/python3.7/site-packages/django/core/handlers/base.py", line 113, in _get_response
    response = wrapped_callback(request, *callback_args, **callback_kwargs)
  File "/Users/zhuzhanhao/AutomationTest/ApiTest/api/renderHtml.py", line 133, in login
    openid = tmp_code['openid']
KeyError: 'openid'
2020-05-19 16:12:35,237,11517,django.request,ERROR,log.py:228,Internal Server Error: /login/
Traceback (most recent call last):
  File "/Users/zhuzhanhao/opt/anaconda3/envs/py37/lib/python3.7/site-packages/django/core/handlers/exception.py", line 34, in inner
    response = get_response(request)
  File "/Users/zhuzhanhao/opt/anaconda3/envs/py37/lib/python3.7/site-packages/django/core/handlers/base.py", line 115, in _get_response
    response = self.process_exception_by_middleware(e, request)
  File "/Users/zhuzhanhao/opt/anaconda3/envs/py37/lib/python3.7/site-packages/django/core/handlers/base.py", line 113, in _get_response
    response = wrapped_callback(request, *callback_args, **callback_kwargs)
  File "/Users/zhuzhanhao/AutomationTest/ApiTest/api/renderHtml.py", line 133, in login
    openid = tmp_code['openid']
KeyError: 'openid'
2020-05-19 16:12:35,242,11517,django.server,ERROR,basehttp.py:157,"GET /login/ HTTP/1.1" 500 68309
2020-05-19 21:05:06,937,5460,django.request,ERROR,log.py:228,Internal Server Error: /dingding_login/
Traceback (most recent call last):
  File "D:\Anaconda3\envs\test\lib\site-packages\django\core\handlers\exception.py", line 34, in inner
    response = get_response(request)
  File "D:\Anaconda3\envs\test\lib\site-packages\django\core\handlers\base.py", line 115, in _get_response
    response = self.process_exception_by_middleware(e, request)
  File "D:\Anaconda3\envs\test\lib\site-packages\django\core\handlers\base.py", line 113, in _get_response
    response = wrapped_callback(request, *callback_args, **callback_kwargs)
  File "D:\python\project\AutomationTest\ApiTest\api\renderHtml.py", line 73, in dingding_login_views
    UserProfile.objects.create(user=user,openid=user_info["openid"],unionid=user_info["unionid"])
  File "D:\Anaconda3\envs\test\lib\site-packages\django\db\models\manager.py", line 82, in manager_method
    return getattr(self.get_queryset(), name)(*args, **kwargs)
  File "D:\Anaconda3\envs\test\lib\site-packages\django\db\models\query.py", line 431, in create
    obj = self.model(**kwargs)
  File "D:\Anaconda3\envs\test\lib\site-packages\django\db\models\base.py", line 500, in __init__
    raise TypeError("%s() got an unexpected keyword argument '%s'" % (cls.__name__, kwarg))
TypeError: UserProfile() got an unexpected keyword argument 'openid'
2020-05-19 21:05:06,941,5460,django.server,ERROR,basehttp.py:157,"GET /dingding_login/?code=1a015a191d463868a340c784d4983ee4&state=STATE HTTP/1.1" 500 89291
2020-05-19 21:13:23,666,10104,django.request,ERROR,log.py:228,Internal Server Error: /dingding_login/
Traceback (most recent call last):
  File "D:\Anaconda3\envs\test\lib\site-packages\django\db\backends\utils.py", line 86, in _execute
    return self.cursor.execute(sql, params)
  File "D:\Anaconda3\envs\test\lib\site-packages\django\db\backends\mysql\base.py", line 74, in execute
    return self.cursor.execute(query, args)
  File "D:\Anaconda3\envs\test\lib\site-packages\pymysql\cursors.py", line 170, in execute
    result = self._query(query)
  File "D:\Anaconda3\envs\test\lib\site-packages\pymysql\cursors.py", line 328, in _query
    conn.query(q)
  File "D:\Anaconda3\envs\test\lib\site-packages\pymysql\connections.py", line 517, in query
    self._affected_rows = self._read_query_result(unbuffered=unbuffered)
  File "D:\Anaconda3\envs\test\lib\site-packages\pymysql\connections.py", line 732, in _read_query_result
    result.read()
  File "D:\Anaconda3\envs\test\lib\site-packages\pymysql\connections.py", line 1075, in read
    first_packet = self.connection._read_packet()
  File "D:\Anaconda3\envs\test\lib\site-packages\pymysql\connections.py", line 684, in _read_packet
    packet.check_error()
  File "D:\Anaconda3\envs\test\lib\site-packages\pymysql\protocol.py", line 220, in check_error
    err.raise_mysql_exception(self._data)
  File "D:\Anaconda3\envs\test\lib\site-packages\pymysql\err.py", line 109, in raise_mysql_exception
    raise errorclass(errno, errval)
pymysql.err.IntegrityError: (1062, "Duplicate entry 'zhuzhanhao' for key 'username'")

The above exception was the direct cause of the following exception:

Traceback (most recent call last):
  File "D:\Anaconda3\envs\test\lib\site-packages\django\core\handlers\exception.py", line 34, in inner
    response = get_response(request)
  File "D:\Anaconda3\envs\test\lib\site-packages\django\core\handlers\base.py", line 115, in _get_response
    response = self.process_exception_by_middleware(e, request)
  File "D:\Anaconda3\envs\test\lib\site-packages\django\core\handlers\base.py", line 113, in _get_response
    response = wrapped_callback(request, *callback_args, **callback_kwargs)
  File "D:\python\project\AutomationTest\ApiTest\api\renderHtml.py", line 71, in dingding_login_views
    password=password,first_name=user_info["nick"])
  File "D:\Anaconda3\envs\test\lib\site-packages\django\db\models\manager.py", line 82, in manager_method
    return getattr(self.get_queryset(), name)(*args, **kwargs)
  File "D:\Anaconda3\envs\test\lib\site-packages\django\db\models\query.py", line 433, in create
    obj.save(force_insert=True, using=self.db)
  File "D:\Anaconda3\envs\test\lib\site-packages\django\contrib\auth\base_user.py", line 66, in save
    super().save(*args, **kwargs)
  File "D:\Anaconda3\envs\test\lib\site-packages\django\db\models\base.py", line 746, in save
    force_update=force_update, update_fields=update_fields)
  File "D:\Anaconda3\envs\test\lib\site-packages\django\db\models\base.py", line 784, in save_base
    force_update, using, update_fields,
  File "D:\Anaconda3\envs\test\lib\site-packages\django\db\models\base.py", line 887, in _save_table
    results = self._do_insert(cls._base_manager, using, fields, returning_fields, raw)
  File "D:\Anaconda3\envs\test\lib\site-packages\django\db\models\base.py", line 926, in _do_insert
    using=using, raw=raw,
  File "D:\Anaconda3\envs\test\lib\site-packages\django\db\models\manager.py", line 82, in manager_method
    return getattr(self.get_queryset(), name)(*args, **kwargs)
  File "D:\Anaconda3\envs\test\lib\site-packages\django\db\models\query.py", line 1204, in _insert
    return query.get_compiler(using=using).execute_sql(returning_fields)
  File "D:\Anaconda3\envs\test\lib\site-packages\django\db\models\sql\compiler.py", line 1391, in execute_sql
    cursor.execute(sql, params)
  File "D:\Anaconda3\envs\test\lib\site-packages\django\db\backends\utils.py", line 100, in execute
    return super().execute(sql, params)
  File "D:\Anaconda3\envs\test\lib\site-packages\django\db\backends\utils.py", line 68, in execute
    return self._execute_with_wrappers(sql, params, many=False, executor=self._execute)
  File "D:\Anaconda3\envs\test\lib\site-packages\django\db\backends\utils.py", line 77, in _execute_with_wrappers
    return executor(sql, params, many, context)
  File "D:\Anaconda3\envs\test\lib\site-packages\django\db\backends\utils.py", line 86, in _execute
    return self.cursor.execute(sql, params)
  File "D:\Anaconda3\envs\test\lib\site-packages\django\db\utils.py", line 90, in __exit__
    raise dj_exc_value.with_traceback(traceback) from exc_value
  File "D:\Anaconda3\envs\test\lib\site-packages\django\db\backends\utils.py", line 86, in _execute
    return self.cursor.execute(sql, params)
  File "D:\Anaconda3\envs\test\lib\site-packages\django\db\backends\mysql\base.py", line 74, in execute
    return self.cursor.execute(query, args)
  File "D:\Anaconda3\envs\test\lib\site-packages\pymysql\cursors.py", line 170, in execute
    result = self._query(query)
  File "D:\Anaconda3\envs\test\lib\site-packages\pymysql\cursors.py", line 328, in _query
    conn.query(q)
  File "D:\Anaconda3\envs\test\lib\site-packages\pymysql\connections.py", line 517, in query
    self._affected_rows = self._read_query_result(unbuffered=unbuffered)
  File "D:\Anaconda3\envs\test\lib\site-packages\pymysql\connections.py", line 732, in _read_query_result
    result.read()
  File "D:\Anaconda3\envs\test\lib\site-packages\pymysql\connections.py", line 1075, in read
    first_packet = self.connection._read_packet()
  File "D:\Anaconda3\envs\test\lib\site-packages\pymysql\connections.py", line 684, in _read_packet
    packet.check_error()
  File "D:\Anaconda3\envs\test\lib\site-packages\pymysql\protocol.py", line 220, in check_error
    err.raise_mysql_exception(self._data)
  File "D:\Anaconda3\envs\test\lib\site-packages\pymysql\err.py", line 109, in raise_mysql_exception
    raise errorclass(errno, errval)
django.db.utils.IntegrityError: (1062, "Duplicate entry 'zhuzhanhao' for key 'username'")
2020-05-19 21:13:23,671,10104,django.server,ERROR,basehttp.py:157,"GET /dingding_login/?code=7cb479d790c93e69afae6e4c4e07976e&state=STATE HTTP/1.1" 500 235094
2020-05-19 21:17:46,927,7532,django.request,ERROR,log.py:228,Internal Server Error: /dingding_login/
Traceback (most recent call last):
  File "D:\Anaconda3\envs\test\lib\site-packages\django\db\backends\utils.py", line 86, in _execute
    return self.cursor.execute(sql, params)
  File "D:\Anaconda3\envs\test\lib\site-packages\django\db\backends\mysql\base.py", line 74, in execute
    return self.cursor.execute(query, args)
  File "D:\Anaconda3\envs\test\lib\site-packages\pymysql\cursors.py", line 170, in execute
    result = self._query(query)
  File "D:\Anaconda3\envs\test\lib\site-packages\pymysql\cursors.py", line 328, in _query
    conn.query(q)
  File "D:\Anaconda3\envs\test\lib\site-packages\pymysql\connections.py", line 517, in query
    self._affected_rows = self._read_query_result(unbuffered=unbuffered)
  File "D:\Anaconda3\envs\test\lib\site-packages\pymysql\connections.py", line 732, in _read_query_result
    result.read()
  File "D:\Anaconda3\envs\test\lib\site-packages\pymysql\connections.py", line 1075, in read
    first_packet = self.connection._read_packet()
  File "D:\Anaconda3\envs\test\lib\site-packages\pymysql\connections.py", line 684, in _read_packet
    packet.check_error()
  File "D:\Anaconda3\envs\test\lib\site-packages\pymysql\protocol.py", line 220, in check_error
    err.raise_mysql_exception(self._data)
  File "D:\Anaconda3\envs\test\lib\site-packages\pymysql\err.py", line 109, in raise_mysql_exception
    raise errorclass(errno, errval)
pymysql.err.IntegrityError: (1062, "Duplicate entry 'zhuzhanhao' for key 'username'")

The above exception was the direct cause of the following exception:

Traceback (most recent call last):
  File "D:\Anaconda3\envs\test\lib\site-packages\django\core\handlers\exception.py", line 34, in inner
    response = get_response(request)
  File "D:\Anaconda3\envs\test\lib\site-packages\django\core\handlers\base.py", line 115, in _get_response
    response = self.process_exception_by_middleware(e, request)
  File "D:\Anaconda3\envs\test\lib\site-packages\django\core\handlers\base.py", line 113, in _get_response
    response = wrapped_callback(request, *callback_args, **callback_kwargs)
  File "D:\python\project\AutomationTest\ApiTest\api\renderHtml.py", line 72, in dingding_login_views
    password=password,first_name=user_info["nick"])
  File "D:\Anaconda3\envs\test\lib\site-packages\django\db\models\manager.py", line 82, in manager_method
    return getattr(self.get_queryset(), name)(*args, **kwargs)
  File "D:\Anaconda3\envs\test\lib\site-packages\django\db\models\query.py", line 433, in create
    obj.save(force_insert=True, using=self.db)
  File "D:\Anaconda3\envs\test\lib\site-packages\django\contrib\auth\base_user.py", line 66, in save
    super().save(*args, **kwargs)
  File "D:\Anaconda3\envs\test\lib\site-packages\django\db\models\base.py", line 746, in save
    force_update=force_update, update_fields=update_fields)
  File "D:\Anaconda3\envs\test\lib\site-packages\django\db\models\base.py", line 784, in save_base
    force_update, using, update_fields,
  File "D:\Anaconda3\envs\test\lib\site-packages\django\db\models\base.py", line 887, in _save_table
    results = self._do_insert(cls._base_manager, using, fields, returning_fields, raw)
  File "D:\Anaconda3\envs\test\lib\site-packages\django\db\models\base.py", line 926, in _do_insert
    using=using, raw=raw,
  File "D:\Anaconda3\envs\test\lib\site-packages\django\db\models\manager.py", line 82, in manager_method
    return getattr(self.get_queryset(), name)(*args, **kwargs)
  File "D:\Anaconda3\envs\test\lib\site-packages\django\db\models\query.py", line 1204, in _insert
    return query.get_compiler(using=using).execute_sql(returning_fields)
  File "D:\Anaconda3\envs\test\lib\site-packages\django\db\models\sql\compiler.py", line 1391, in execute_sql
    cursor.execute(sql, params)
  File "D:\Anaconda3\envs\test\lib\site-packages\django\db\backends\utils.py", line 100, in execute
    return super().execute(sql, params)
  File "D:\Anaconda3\envs\test\lib\site-packages\django\db\backends\utils.py", line 68, in execute
    return self._execute_with_wrappers(sql, params, many=False, executor=self._execute)
  File "D:\Anaconda3\envs\test\lib\site-packages\django\db\backends\utils.py", line 77, in _execute_with_wrappers
    return executor(sql, params, many, context)
  File "D:\Anaconda3\envs\test\lib\site-packages\django\db\backends\utils.py", line 86, in _execute
    return self.cursor.execute(sql, params)
  File "D:\Anaconda3\envs\test\lib\site-packages\django\db\utils.py", line 90, in __exit__
    raise dj_exc_value.with_traceback(traceback) from exc_value
  File "D:\Anaconda3\envs\test\lib\site-packages\django\db\backends\utils.py", line 86, in _execute
    return self.cursor.execute(sql, params)
  File "D:\Anaconda3\envs\test\lib\site-packages\django\db\backends\mysql\base.py", line 74, in execute
    return self.cursor.execute(query, args)
  File "D:\Anaconda3\envs\test\lib\site-packages\pymysql\cursors.py", line 170, in execute
    result = self._query(query)
  File "D:\Anaconda3\envs\test\lib\site-packages\pymysql\cursors.py", line 328, in _query
    conn.query(q)
  File "D:\Anaconda3\envs\test\lib\site-packages\pymysql\connections.py", line 517, in query
    self._affected_rows = self._read_query_result(unbuffered=unbuffered)
  File "D:\Anaconda3\envs\test\lib\site-packages\pymysql\connections.py", line 732, in _read_query_result
    result.read()
  File "D:\Anaconda3\envs\test\lib\site-packages\pymysql\connections.py", line 1075, in read
    first_packet = self.connection._read_packet()
  File "D:\Anaconda3\envs\test\lib\site-packages\pymysql\connections.py", line 684, in _read_packet
    packet.check_error()
  File "D:\Anaconda3\envs\test\lib\site-packages\pymysql\protocol.py", line 220, in check_error
    err.raise_mysql_exception(self._data)
  File "D:\Anaconda3\envs\test\lib\site-packages\pymysql\err.py", line 109, in raise_mysql_exception
    raise errorclass(errno, errval)
django.db.utils.IntegrityError: (1062, "Duplicate entry 'zhuzhanhao' for key 'username'")
2020-05-19 21:17:46,937,7532,django.server,ERROR,basehttp.py:157,"GET /dingding_login/?code=8598d6a49fcf3249acc1df9d1fbcd28b&state=STATE HTTP/1.1" 500 235084
2020-05-19 21:19:21,592,7400,django.request,ERROR,log.py:228,Internal Server Error: /dingding_login/
Traceback (most recent call last):
  File "D:\Anaconda3\envs\test\lib\site-packages\django\core\handlers\exception.py", line 34, in inner
    response = get_response(request)
  File "D:\Anaconda3\envs\test\lib\site-packages\django\core\handlers\base.py", line 115, in _get_response
    response = self.process_exception_by_middleware(e, request)
  File "D:\Anaconda3\envs\test\lib\site-packages\django\core\handlers\base.py", line 113, in _get_response
    response = wrapped_callback(request, *callback_args, **callback_kwargs)
  File "D:\python\project\AutomationTest\ApiTest\api\renderHtml.py", line 75, in dingding_login_views
    UserProfile.objects.create(user=user,openid=user_info["openid"],unionid=unionid)
  File "D:\Anaconda3\envs\test\lib\site-packages\django\db\models\manager.py", line 82, in manager_method
    return getattr(self.get_queryset(), name)(*args, **kwargs)
  File "D:\Anaconda3\envs\test\lib\site-packages\django\db\models\query.py", line 431, in create
    obj = self.model(**kwargs)
  File "D:\Anaconda3\envs\test\lib\site-packages\django\db\models\base.py", line 500, in __init__
    raise TypeError("%s() got an unexpected keyword argument '%s'" % (cls.__name__, kwarg))
TypeError: UserProfile() got an unexpected keyword argument 'openid'
2020-05-19 21:19:21,594,7400,django.server,ERROR,basehttp.py:157,"GET /dingding_login/?code=46a06e65f4e13d16aa11c842d49983b2&state=STATE HTTP/1.1" 500 88746
2020-05-19 21:23:27,685,3948,django.request,ERROR,log.py:228,Internal Server Error: /dingding_login/
Traceback (most recent call last):
  File "D:\Anaconda3\envs\test\lib\site-packages\django\core\handlers\exception.py", line 34, in inner
    response = get_response(request)
  File "D:\Anaconda3\envs\test\lib\site-packages\django\core\handlers\base.py", line 115, in _get_response
    response = self.process_exception_by_middleware(e, request)
  File "D:\Anaconda3\envs\test\lib\site-packages\django\core\handlers\base.py", line 113, in _get_response
    response = wrapped_callback(request, *callback_args, **callback_kwargs)
  File "D:\python\project\AutomationTest\ApiTest\api\renderHtml.py", line 77, in dingding_login_views
    UserProfile.objects.create(user=user,openid=openid,unionid=unionid)
  File "D:\Anaconda3\envs\test\lib\site-packages\django\db\models\manager.py", line 82, in manager_method
    return getattr(self.get_queryset(), name)(*args, **kwargs)
  File "D:\Anaconda3\envs\test\lib\site-packages\django\db\models\query.py", line 431, in create
    obj = self.model(**kwargs)
  File "D:\Anaconda3\envs\test\lib\site-packages\django\db\models\base.py", line 500, in __init__
    raise TypeError("%s() got an unexpected keyword argument '%s'" % (cls.__name__, kwarg))
TypeError: UserProfile() got an unexpected keyword argument 'openid'
2020-05-19 21:23:27,687,3948,django.server,ERROR,basehttp.py:157,"GET /dingding_login/?code=956b82dc62063349b0a8d9c61ab93237&state=STATE HTTP/1.1" 500 89184
2020-05-19 21:34:17,915,3948,django.request,ERROR,log.py:228,Internal Server Error: /dingding_login/
Traceback (most recent call last):
  File "D:\Anaconda3\envs\test\lib\site-packages\django\core\handlers\exception.py", line 34, in inner
    response = get_response(request)
  File "D:\Anaconda3\envs\test\lib\site-packages\django\core\handlers\base.py", line 115, in _get_response
    response = self.process_exception_by_middleware(e, request)
  File "D:\Anaconda3\envs\test\lib\site-packages\django\core\handlers\base.py", line 113, in _get_response
    response = wrapped_callback(request, *callback_args, **callback_kwargs)
  File "D:\python\project\AutomationTest\ApiTest\api\renderHtml.py", line 74, in dingding_login_views
    userprofile = UserProfile.objects.create(user=user,openId=openid,unionid=unionid)
  File "D:\Anaconda3\envs\test\lib\site-packages\django\db\models\manager.py", line 82, in manager_method
    return getattr(self.get_queryset(), name)(*args, **kwargs)
  File "D:\Anaconda3\envs\test\lib\site-packages\django\db\models\query.py", line 431, in create
    obj = self.model(**kwargs)
  File "D:\Anaconda3\envs\test\lib\site-packages\django\db\models\base.py", line 482, in __init__
    _setattr(self, field.name, rel_obj)
  File "D:\Anaconda3\envs\test\lib\site-packages\django\db\models\fields\related_descriptors.py", line 309, in __set__
    super().__set__(instance, value)
  File "D:\Anaconda3\envs\test\lib\site-packages\django\db\models\fields\related_descriptors.py", line 219, in __set__
    self.field.remote_field.model._meta.object_name,
ValueError: Cannot assign "<UserProfile: 无>": "UserProfile.user" must be a "User" instance.
2020-05-19 21:34:17,917,3948,django.server,ERROR,basehttp.py:157,"GET /dingding_login/?code=9b13b84059683d1e82b51262296d13b2&state=STATE HTTP/1.1" 500 97095
2020-05-19 21:36:49,437,3852,django.request,ERROR,log.py:228,Internal Server Error: /dingding_login/
Traceback (most recent call last):
  File "D:\Anaconda3\envs\test\lib\site-packages\django\core\handlers\exception.py", line 34, in inner
    response = get_response(request)
  File "D:\Anaconda3\envs\test\lib\site-packages\django\core\handlers\base.py", line 115, in _get_response
    response = self.process_exception_by_middleware(e, request)
  File "D:\Anaconda3\envs\test\lib\site-packages\django\core\handlers\base.py", line 113, in _get_response
    response = wrapped_callback(request, *callback_args, **callback_kwargs)
  File "D:\python\project\AutomationTest\ApiTest\api\renderHtml.py", line 75, in dingding_login_views
    userprofile = UserProfile.objects.create(user=user,openId=openid,unionid=unionid)
  File "D:\Anaconda3\envs\test\lib\site-packages\django\db\models\manager.py", line 82, in manager_method
    return getattr(self.get_queryset(), name)(*args, **kwargs)
  File "D:\Anaconda3\envs\test\lib\site-packages\django\db\models\query.py", line 431, in create
    obj = self.model(**kwargs)
  File "D:\Anaconda3\envs\test\lib\site-packages\django\db\models\base.py", line 482, in __init__
    _setattr(self, field.name, rel_obj)
  File "D:\Anaconda3\envs\test\lib\site-packages\django\db\models\fields\related_descriptors.py", line 309, in __set__
    super().__set__(instance, value)
  File "D:\Anaconda3\envs\test\lib\site-packages\django\db\models\fields\related_descriptors.py", line 219, in __set__
    self.field.remote_field.model._meta.object_name,
ValueError: Cannot assign "<UserProfile: 无>": "UserProfile.user" must be a "User" instance.
2020-05-19 21:36:49,440,3852,django.server,ERROR,basehttp.py:157,"GET /dingding_login/?code=c846331c3651312097afefaca0edc81b&state=STATE HTTP/1.1" 500 97099
2020-05-19 21:42:02,216,276,django.request,ERROR,log.py:228,Internal Server Error: /dingding_login/
Traceback (most recent call last):
  File "D:\Anaconda3\envs\test\lib\site-packages\django\core\handlers\exception.py", line 34, in inner
    response = get_response(request)
  File "D:\Anaconda3\envs\test\lib\site-packages\django\core\handlers\base.py", line 115, in _get_response
    response = self.process_exception_by_middleware(e, request)
  File "D:\Anaconda3\envs\test\lib\site-packages\django\core\handlers\base.py", line 113, in _get_response
    response = wrapped_callback(request, *callback_args, **callback_kwargs)
  File "D:\python\project\AutomationTest\ApiTest\api\renderHtml.py", line 75, in dingding_login_views
    userprofile = UserProfile.objects.create(user=user,openId=openid,unionid=unionid)
  File "D:\Anaconda3\envs\test\lib\site-packages\django\db\models\manager.py", line 82, in manager_method
    return getattr(self.get_queryset(), name)(*args, **kwargs)
  File "D:\Anaconda3\envs\test\lib\site-packages\django\db\models\query.py", line 431, in create
    obj = self.model(**kwargs)
  File "D:\Anaconda3\envs\test\lib\site-packages\django\db\models\base.py", line 482, in __init__
    _setattr(self, field.name, rel_obj)
  File "D:\Anaconda3\envs\test\lib\site-packages\django\db\models\fields\related_descriptors.py", line 309, in __set__
    super().__set__(instance, value)
  File "D:\Anaconda3\envs\test\lib\site-packages\django\db\models\fields\related_descriptors.py", line 219, in __set__
    self.field.remote_field.model._meta.object_name,
ValueError: Cannot assign "7": "UserProfile.user" must be a "User" instance.
2020-05-19 21:42:02,218,276,django.server,ERROR,basehttp.py:157,"GET /dingding_login/?code=5a06bb90157536de803bed8231ab62a5&state=STATE HTTP/1.1" 500 96877
2020-05-19 21:43:52,267,4408,django.request,ERROR,log.py:228,Internal Server Error: /dingding_login/
Traceback (most recent call last):
  File "D:\Anaconda3\envs\test\lib\site-packages\django\core\handlers\exception.py", line 34, in inner
    response = get_response(request)
  File "D:\Anaconda3\envs\test\lib\site-packages\django\core\handlers\base.py", line 115, in _get_response
    response = self.process_exception_by_middleware(e, request)
  File "D:\Anaconda3\envs\test\lib\site-packages\django\core\handlers\base.py", line 113, in _get_response
    response = wrapped_callback(request, *callback_args, **callback_kwargs)
  File "D:\python\project\AutomationTest\ApiTest\api\renderHtml.py", line 76, in dingding_login_views
    request.session['username'] = user.username  # 登录成功后，用户登录信息存>放于session
AttributeError: 'UserProfile' object has no attribute 'username'
2020-05-19 21:43:52,269,4408,django.server,ERROR,basehttp.py:157,"GET /dingding_login/?code=f0663150f5ea3a60b49127ccde67e241&state=STATE HTTP/1.1" 500 73825
2020-05-19 21:51:02,197,8048,django.request,ERROR,log.py:228,Internal Server Error: /dingding_login/
Traceback (most recent call last):
  File "D:\Anaconda3\envs\test\lib\site-packages\django\core\handlers\exception.py", line 34, in inner
    response = get_response(request)
  File "D:\Anaconda3\envs\test\lib\site-packages\django\core\handlers\base.py", line 115, in _get_response
    response = self.process_exception_by_middleware(e, request)
  File "D:\Anaconda3\envs\test\lib\site-packages\django\core\handlers\base.py", line 113, in _get_response
    response = wrapped_callback(request, *callback_args, **callback_kwargs)
  File "D:\python\project\AutomationTest\ApiTest\api\renderHtml.py", line 78, in dingding_login_views
    request.session['username'] = user.username  # 登录成功后，用户登录信息存>放于session
AttributeError: 'UserProfile' object has no attribute 'username'
2020-05-19 21:51:02,199,8048,django.server,ERROR,basehttp.py:157,"GET /dingding_login/?code=e251151d16173971ad201bb6247dca52&state=STATE HTTP/1.1" 500 73825
